[ 2017-08-02T13:52:38+08:00 ] 116.226.143.229 /index.php/Login/checkPhone.html
INFO: [ app_begin ] --START--
INFO: Run Behavior\ReadHtmlCacheBehavior [ RunTime:0.000035s ]
INFO: [ app_begin ] --END-- [ RunTime:0.000077s ]
SQL: SHOW COLUMNS FROM `xueches_user` [ RunTime:0.0006s ]
SQL: SELECT `id` FROM `xueches_user` WHERE `account` = '18736199128' LIMIT 1   [ RunTime:0.0004s ]
INFO: [ app_end ] --START--
INFO: Run Behavior\ShowPageTraceBehavior [ RunTime:0.000050s ]
INFO: [ app_end ] --END-- [ RunTime:0.000112s ]

[ 2017-08-02T13:52:38+08:00 ] 116.226.143.229 /index.php/Login/login.html
INFO: [ app_begin ] --START--
INFO: Run Behavior\ReadHtmlCacheBehavior [ RunTime:0.000030s ]
INFO: [ app_begin ] --END-- [ RunTime:0.000072s ]
SQL: SHOW COLUMNS FROM `xueches_user` [ RunTime:0.0006s ]
SQL: SELECT * FROM `xueches_user` WHERE `account` = '18736199128' AND `pass` = 'fcea920f7412b5da7be0cf42b8c93759' LIMIT 1   [ RunTime:0.0005s ]
SQL: UPDATE `xueches_user` SET `lasttime`='1501653158',`lastip`='116.226.143.229' WHERE `id` = 434 [ RunTime:0.0002s ]

[ 2017-08-02T13:52:51+08:00 ] 116.226.143.229 /index.php/Order/confirm_order.html
INFO: [ app_begin ] --START--
INFO: Run Behavior\ReadHtmlCacheBehavior [ RunTime:0.000035s ]
INFO: [ app_begin ] --END-- [ RunTime:0.000075s ]
SQL: SHOW COLUMNS FROM `xueches_order` [ RunTime:0.0008s ]
SQL: SELECT `ordcode` FROM `xueches_order` WHERE `id` = 96 LIMIT 1   [ RunTime:0.0002s ]

[ 2017-08-02T14:10:39+08:00 ] 116.226.143.229 /index.php/User/order_center.html
INFO: [ app_begin ] --START--
INFO: Run Behavior\ReadHtmlCacheBehavior [ RunTime:0.000034s ]
INFO: [ app_begin ] --END-- [ RunTime:0.000075s ]
SQL: SHOW COLUMNS FROM `xueches_order` [ RunTime:0.0008s ]
SQL: SHOW COLUMNS FROM `xueches_order` [ RunTime:0.0005s ]
SQL: SELECT o.*,s.statusname,s.memberstatus,s.adminstatus,sc.nickname,sc.picurl,sc.picname,sc.type,sc.id as sid FROM xueches_order o,xueches_order_status s,xueches_school sc WHERE o.userid = '434' AND (  o.status=s.id ) AND (  o.school_id=sc.id ) AND (  o.status=1 ) ORDER BY create_time desc  [ RunTime:0.0006s ]

