[ 2017-08-04T11:12:19+08:00 ] 101.81.119.26 /index.php/Admin/order/order_info
ERR: ÈùûÊ≥ïÊìç‰Ωú:order_info

[ 2017-08-04T11:12:34+08:00 ] 101.81.119.26 /index.php/Admin/order/list_info
ERR: ÂèÇÊï∞ÈîôËØØÊàñËÄÖÊú™ÂÆö‰πâ:id

[ 2017-08-04T11:12:38+08:00 ] 101.81.119.26 /index.php/Admin/order/order_info
ERR: ÈùûÊ≥ïÊìç‰Ωú:order_info

[ 2017-08-04T13:25:56+08:00 ] 116.226.143.229 /index.php/Admin/Order/returntrain
INFO: [ app_begin ] --START--
INFO: Run Behavior\ReadHtmlCacheBehavior [ RunTime:0.000035s ]
INFO: [ app_begin ] --END-- [ RunTime:0.000075s ]
SQL: SHOW COLUMNS FROM `xueches_trainclass` [ RunTime:0.0007s ]
SQL: SELECT `id`,`name` FROM `xueches_trainclass` WHERE ( type_id='1' )  [ RunTime:0.0003s ]
SQL: SHOW COLUMNS FROM `xueches_train` [ RunTime:0.0003s ]
SQL: SELECT `trainaddress_id` FROM `xueches_train` WHERE ( type_id='1' ) LIMIT 1   [ RunTime:0.0002s ]
SQL: SHOW COLUMNS FROM `xueches_trainaddress` [ RunTime:0.0003s ]
SQL: SELECT `id`,`trname` FROM `xueches_trainaddress` WHERE ( id in (1,2,3,4
) )  [ RunTime:0.0002s ]
INFO: [ app_end ] --START--
INFO: Run Behavior\ShowPageTraceBehavior [ RunTime:0.000042s ]
INFO: [ app_end ] --END-- [ RunTime:0.000092s ]

[ 2017-08-04T13:28:59+08:00 ] 101.81.119.26 /index.php/Admin/Order/returntrain
INFO: [ app_begin ] --START--
INFO: Run Behavior\ReadHtmlCacheBehavior [ RunTime:0.000036s ]
INFO: [ app_begin ] --END-- [ RunTime:0.000078s ]
SQL: SHOW COLUMNS FROM `xueches_trainclass` [ RunTime:0.0009s ]
SQL: SELECT `id`,`name` FROM `xueches_trainclass` WHERE ( type_id='3' )  [ RunTime:0.0003s ]
SQL: SHOW COLUMNS FROM `xueches_train` [ RunTime:0.0004s ]
SQL: SELECT `trainaddress_id` FROM `xueches_train` WHERE ( type_id='3' ) LIMIT 1   [ RunTime:0.0002s ]
SQL: SHOW COLUMNS FROM `xueches_trainaddress` [ RunTime:0.0004s ]
SQL: SELECT `id`,`trname` FROM `xueches_trainaddress` WHERE ( id in (11) )  [ RunTime:0.0002s ]
INFO: [ app_end ] --START--
INFO: Run Behavior\ShowPageTraceBehavior [ RunTime:0.000066s ]
INFO: [ app_end ] --END-- [ RunTime:0.000115s ]

[ 2017-08-04T13:29:15+08:00 ] 101.81.119.26 /index.php/Admin/Order/add_order.html
INFO: [ app_begin ] --START--
INFO: Run Behavior\ReadHtmlCacheBehavior [ RunTime:0.000035s ]
INFO: [ app_begin ] --END-- [ RunTime:0.000076s ]
SQL: SHOW COLUMNS FROM `xueches_user` [ RunTime:0.0007s ]
SQL: SELECT `id` FROM `xueches_user` WHERE ( account = 18036199128 ) LIMIT 1   [ RunTime:0.0005s ]
SQL: SHOW COLUMNS FROM `xueches_order` [ RunTime:0.0006s ]
SQL: SELECT `ordcode` FROM `xueches_order` WHERE ( ordcode='20170804b4f170028d3de8' ) LIMIT 1   [ RunTime:0.0002s ]
NOTIC: [8] Undefined index: order_inform /home/webgen/xctest/Website/Admin/Controller/OrderController.class.php Á¨¨ 117 Ë°å.
SQL: SHOW COLUMNS FROM `xueches_order` [ RunTime:0.0005s ]
SQL: INSERT INTO `xueches_order` (`ordcode`,`name`,`price`,`total_fee`,`create_time`,`inform`,`address`,`class_name`,`customer_inform`,`sex`,`tel`,`order_source`,`trainaddress`,`type`,`pay_type`,`return_time`,`school_id`) VALUES ('20170804b4f170028d3de8','18036199128','20','0','1501824555',NULL,'18036199128','C1ÁÖßÂÖ®ÂåÖ','18036199128','0','18036199128','14','È°æÊùëÂü∫Âú∞','2','3','2017-08-04','3') [ RunTime:0.0029s ]
SQL: SHOW COLUMNS FROM `xueches_school` [ RunTime:0.0006s ]
SQL: UPDATE `xueches_school` SET `student_num`=student_num+1 WHERE ( id = 3 ) [ RunTime:0.0022s ]

[ 2017-08-04T13:32:40+08:00 ] 116.226.143.229 /index.php/Admin/Order/returntrain
INFO: [ app_begin ] --START--
INFO: Run Behavior\ReadHtmlCacheBehavior [ RunTime:0.000036s ]
INFO: [ app_begin ] --END-- [ RunTime:0.000076s ]
SQL: SHOW COLUMNS FROM `xueches_trainclass` [ RunTime:0.0006s ]
SQL: SELECT `id`,`name` FROM `xueches_trainclass` WHERE ( type_id='2' )  [ RunTime:0.0003s ]
SQL: SHOW COLUMNS FROM `xueches_train` [ RunTime:0.0004s ]
SQL: SELECT `trainaddress_id` FROM `xueches_train` WHERE ( type_id='2' ) LIMIT 1   [ RunTime:0.0002s ]
SQL: SHOW COLUMNS FROM `xueches_trainaddress` [ RunTime:0.0003s ]
SQL: SELECT `id`,`trname` FROM `xueches_trainaddress` WHERE ( id in (57) )  [ RunTime:0.0002s ]
INFO: [ app_end ] --START--
INFO: Run Behavior\ShowPageTraceBehavior [ RunTime:0.000052s ]
INFO: [ app_end ] --END-- [ RunTime:0.000102s ]

[ 2017-08-04T13:32:45+08:00 ] 116.226.143.229 /index.php/Admin/Order/returntrain
INFO: [ app_begin ] --START--
INFO: Run Behavior\ReadHtmlCacheBehavior [ RunTime:0.000035s ]
INFO: [ app_begin ] --END-- [ RunTime:0.000077s ]
SQL: SHOW COLUMNS FROM `xueches_trainclass` [ RunTime:0.0008s ]
SQL: SELECT `id`,`name` FROM `xueches_trainclass` WHERE ( type_id='3' )  [ RunTime:0.0003s ]
SQL: SHOW COLUMNS FROM `xueches_train` [ RunTime:0.0004s ]
SQL: SELECT `trainaddress_id` FROM `xueches_train` WHERE ( type_id='3' ) LIMIT 1   [ RunTime:0.0003s ]
SQL: SHOW COLUMNS FROM `xueches_trainaddress` [ RunTime:0.0004s ]
SQL: SELECT `id`,`trname` FROM `xueches_trainaddress` WHERE ( id in (11) )  [ RunTime:0.0002s ]
INFO: [ app_end ] --START--
INFO: Run Behavior\ShowPageTraceBehavior [ RunTime:0.000061s ]
INFO: [ app_end ] --END-- [ RunTime:0.000123s ]

[ 2017-08-04T13:33:00+08:00 ] 116.226.143.229 /index.php/Admin/Order/add_order.html
INFO: [ app_begin ] --START--
INFO: Run Behavior\ReadHtmlCacheBehavior [ RunTime:0.000035s ]
INFO: [ app_begin ] --END-- [ RunTime:0.000074s ]
SQL: SHOW COLUMNS FROM `xueches_user` [ RunTime:0.0006s ]
SQL: SELECT `id` FROM `xueches_user` WHERE ( account = 18036199128 ) LIMIT 1   [ RunTime:0.0004s ]
SQL: INSERT INTO `xueches_user` (`truename`,`sex`,`phone`,`cityid`,`lastupdate`,`address`,`jz_type`,`account`,`ntime`,`pass`) VALUES ('18036199128','0','18036199128','1','Ëâ≥Ëâ≥','18036199128','C1ÁÖßÂÖ®ÂåÖ','18036199128','1501824780','df901ab8b0330ffff77ae07702a633a4') [ RunTime:0.0003s ]
SQL: SHOW COLUMNS FROM `xueches_order` [ RunTime:0.0007s ]
SQL: SELECT `ordcode` FROM `xueches_order` WHERE ( ordcode='20170804b30c0bd18a017f' ) LIMIT 1   [ RunTime:0.0003s ]
NOTIC: [8] Undefined index: order_inform /home/webgen/xctest/Website/Admin/Controller/OrderController.class.php Á¨¨ 117 Ë°å.
SQL: SHOW COLUMNS FROM `xueches_order` [ RunTime:0.0007s ]
SQL: INSERT INTO `xueches_order` (`userid`,`ordcode`,`name`,`price`,`total_fee`,`create_time`,`inform`,`address`,`class_name`,`customer_inform`,`sex`,`tel`,`order_source`,`trainaddress`,`type`,`pay_type`,`return_time`,`school_id`) VALUES ('441','20170804b30c0bd18a017f','18036199128','30','0','1501824780',NULL,'18036199128','C1ÁÖßÂÖ®ÂåÖ','18036199128','0','18036199128','14','È°æÊùëÂü∫Âú∞','2','3','2017-08-04','3') [ RunTime:0.0028s ]
SQL: SHOW COLUMNS FROM `xueches_school` [ RunTime:0.0006s ]
SQL: UPDATE `xueches_school` SET `student_num`=student_num+1 WHERE ( id = 3 ) [ RunTime:0.0039s ]

[ 2017-08-04T13:57:49+08:00 ] 116.226.143.229 /index.php/Admin/Order/info_list.html
ERR: ÈùûÊ≥ïÊìç‰Ωú:info_list

[ 2017-08-04T13:57:55+08:00 ] 116.226.143.229 /index.php/Admin/Order/info_list/id=108
ERR: ÈùûÊ≥ïÊìç‰Ωú:info_list

[ 2017-08-04T13:58:12+08:00 ] 116.226.143.229 /index.php/Admin/Order/list_info/id=108
ERR: ÂèÇÊï∞ÈîôËØØÊàñËÄÖÊú™ÂÆö‰πâ:id

[ 2017-08-04T14:51:44+08:00 ] 116.226.143.229 /index.php/Admin/Order/stu_update.html?name=&tel=&address=&inform=
ERR: 1064:You have an error in your SQL syntax; check the manual that corresponds to your MySQL server version for the right syntax to use near ')' at line 1
 [ SQLËØ≠Âè• ] : UPDATE `xueches_order` SET `lastupdate`='Êú™Âçé' WHERE ( id= )

[ 2017-08-04T15:13:34+08:00 ] 101.81.119.26 /index.php/Admin/Order/stu_update.html?name=%E5%93%88%E5%93%88&tel=18736199128&address=%E4%B8%8A%E6%B5%B7%E5%B8%82++%E6%9D%A8%E6%B5%A6%E5%8C%BA
ERR: 1064:You have an error in your SQL syntax; check the manual that corresponds to your MySQL server version for the right syntax to use near ')' at line 1
 [ SQLËØ≠Âè• ] : UPDATE `xueches_order` SET `lastupdate`='Êú™Âçé' WHERE ( id= )

[ 2017-08-04T15:15:01+08:00 ] 116.226.143.229 /index.php/Admin/Order/stu_update.html?name=%E5%93%88%E5%93%88&tel=18736199128&address=%E4%B8%8A%E6%B5%B7%E5%B8%82++%E6%9D%A8%E6%B5%A6%E5%8C%BA
ERR: 1064:You have an error in your SQL syntax; check the manual that corresponds to your MySQL server version for the right syntax to use near ')' at line 1
 [ SQLËØ≠Âè• ] : UPDATE `xueches_order` SET `lastupdate`='Êú™Âçé' WHERE ( id= )

[ 2017-08-04T15:15:20+08:00 ] 116.226.143.229 /index.php/Admin/Order/stu_update.html?name=%E5%93%88%E5%93%88&tel=15978404887&address=%E4%B8%8A%E6%B5%B7%E5%B8%82
ERR: 1064:You have an error in your SQL syntax; check the manual that corresponds to your MySQL server version for the right syntax to use near ')' at line 1
 [ SQLËØ≠Âè• ] : UPDATE `xueches_order` SET `lastupdate`='Êú™Âçé' WHERE ( id= )

[ 2017-08-04T15:22:39+08:00 ] 116.226.143.229 /index.php/Admin/Order/stu_update?name=yanyan&tel=15978404887&address=%E4%B8%8A%E6%B5%B7%E5%B8%82
ERR: 1064:You have an error in your SQL syntax; check the manual that corresponds to your MySQL server version for the right syntax to use near ')' at line 1
 [ SQLËØ≠Âè• ] : UPDATE `xueches_order` SET `lastupdate`='Êú™Âçé' WHERE ( id= )

[ 2017-08-04T15:30:03+08:00 ] 116.226.143.229 /index.php/Admin/Order/stu_update?name=&tel=&address=
ERR: 1064:You have an error in your SQL syntax; check the manual that corresponds to your MySQL server version for the right syntax to use near ')' at line 1
 [ SQLËØ≠Âè• ] : UPDATE `xueches_order` SET `lastupdate`='Êú™Âçé' WHERE ( id= )

[ 2017-08-04T15:30:19+08:00 ] 116.226.143.229 /index.php/Admin/Order/stu_update?name=&tel=&address=
ERR: 1064:You have an error in your SQL syntax; check the manual that corresponds to your MySQL server version for the right syntax to use near ')' at line 1
 [ SQLËØ≠Âè• ] : UPDATE `xueches_order` SET `lastupdate`='Êú™Âçé' WHERE ( id= )

[ 2017-08-04T15:30:57+08:00 ] 116.226.143.229 /index.php/Admin/Order/stu_update?name=&tel=&address=
ERR: ÂèÇÊï∞ÈîôËØØÊàñËÄÖÊú™ÂÆö‰πâ:id

[ 2017-08-04T15:31:54+08:00 ] 116.226.143.229 /index.php/Admin/Order/stu_update?order_id=108&name=&tel=&address=
ERR: ÂèÇÊï∞ÈîôËØØÊàñËÄÖÊú™ÂÆö‰πâ:id

[ 2017-08-04T16:28:56+08:00 ] 116.226.143.229 /index.php/Admin/Order/returnprices.html
INFO: [ app_begin ] --START--
INFO: Run Behavior\ReadHtmlCacheBehavior [ RunTime:0.000035s ]
INFO: [ app_begin ] --END-- [ RunTime:0.000075s ]
SQL: SHOW COLUMNS FROM `xueches_trainclass` [ RunTime:0.0006s ]
SQL: SELECT `officeprice`,`wholeprice` FROM `xueches_trainclass` WHERE ( name='C1ÁÖßÂÖ®ÂåÖÔºàÂ•âË¥§Âü∫Âú∞Ôºâ' ) LIMIT 1   [ RunTime:0.0003s ]
INFO: [ app_end ] --START--
INFO: Run Behavior\ShowPageTraceBehavior [ RunTime:0.000042s ]
INFO: [ app_end ] --END-- [ RunTime:0.000081s ]

[ 2017-08-04T16:41:31+08:00 ] 101.81.119.26 /index.php/Admin/Order/returnprices.html
INFO: [ app_begin ] --START--
INFO: Run Behavior\ReadHtmlCacheBehavior [ RunTime:0.000035s ]
INFO: [ app_begin ] --END-- [ RunTime:0.000075s ]
SQL: SHOW COLUMNS FROM `xueches_trainclass` [ RunTime:0.0008s ]
SQL: SELECT `officeprice`,`wholeprice` FROM `xueches_trainclass` WHERE ( name='C1ÁÖßÂÖ®ÂåÖÔºàÂ•âË¥§Âü∫Âú∞Ôºâ' ) LIMIT 1   [ RunTime:0.0003s ]
INFO: [ app_end ] --START--
INFO: Run Behavior\ShowPageTraceBehavior [ RunTime:0.000041s ]
INFO: [ app_end ] --END-- [ RunTime:0.000082s ]

[ 2017-08-04T16:49:27+08:00 ] 116.226.143.229 /index.php/Admin/Order/returnclass.html
INFO: [ app_begin ] --START--
INFO: Run Behavior\ReadHtmlCacheBehavior [ RunTime:0.000037s ]
INFO: [ app_begin ] --END-- [ RunTime:0.000086s ]
SQL: SHOW COLUMNS FROM `xueches_trainclass` [ RunTime:0.0006s ]
SQL: SELECT `id`,`name` FROM `xueches_trainclass` WHERE ( type_id='2' )  [ RunTime:0.0003s ]
INFO: [ app_end ] --START--
INFO: Run Behavior\ShowPageTraceBehavior [ RunTime:0.000044s ]
INFO: [ app_end ] --END-- [ RunTime:0.000083s ]

[ 2017-08-04T16:49:31+08:00 ] 116.226.143.229 /index.php/Admin/Order/returnclass.html
INFO: [ app_begin ] --START--
INFO: Run Behavior\ReadHtmlCacheBehavior [ RunTime:0.000034s ]
INFO: [ app_begin ] --END-- [ RunTime:0.000075s ]
SQL: SHOW COLUMNS FROM `xueches_trainclass` [ RunTime:0.0008s ]
SQL: SELECT `id`,`name` FROM `xueches_trainclass` WHERE ( type_id='3' )  [ RunTime:0.0003s ]
INFO: [ app_end ] --START--
INFO: Run Behavior\ShowPageTraceBehavior [ RunTime:0.000043s ]
INFO: [ app_end ] --END-- [ RunTime:0.000085s ]

[ 2017-08-04T16:50:55+08:00 ] 101.81.119.26 /index.php/Admin/Order/returnclass.html
INFO: [ app_begin ] --START--
INFO: Run Behavior\ReadHtmlCacheBehavior [ RunTime:0.000038s ]
INFO: [ app_begin ] --END-- [ RunTime:0.000088s ]
SQL: SHOW COLUMNS FROM `xueches_trainclass` [ RunTime:0.0006s ]
SQL: SELECT `id`,`name` FROM `xueches_trainclass` WHERE ( type_id='6' )  [ RunTime:0.0003s ]
INFO: [ app_end ] --START--
INFO: Run Behavior\ShowPageTraceBehavior [ RunTime:0.000042s ]
INFO: [ app_end ] --END-- [ RunTime:0.000080s ]

[ 2017-08-04T16:50:58+08:00 ] 101.81.119.26 /index.php/Admin/Order/returnclass.html
INFO: [ app_begin ] --START--
INFO: Run Behavior\ReadHtmlCacheBehavior [ RunTime:0.000053s ]
INFO: [ app_begin ] --END-- [ RunTime:0.000110s ]
SQL: SHOW COLUMNS FROM `xueches_trainclass` [ RunTime:0.0006s ]
SQL: SELECT `id`,`name` FROM `xueches_trainclass` WHERE ( type_id='1' )  [ RunTime:0.0004s ]
INFO: [ app_end ] --START--
INFO: Run Behavior\ShowPageTraceBehavior [ RunTime:0.000044s ]
INFO: [ app_end ] --END-- [ RunTime:0.000084s ]

[ 2017-08-04T16:51:01+08:00 ] 101.81.119.26 /index.php/Admin/Order/returnclass.html
INFO: [ app_begin ] --START--
INFO: Run Behavior\ReadHtmlCacheBehavior [ RunTime:0.000049s ]
INFO: [ app_begin ] --END-- [ RunTime:0.000101s ]
SQL: SHOW COLUMNS FROM `xueches_trainclass` [ RunTime:0.0008s ]
SQL: SELECT `id`,`name` FROM `xueches_trainclass` WHERE ( type_id='2' )  [ RunTime:0.0003s ]
INFO: [ app_end ] --START--
INFO: Run Behavior\ShowPageTraceBehavior [ RunTime:0.000051s ]
INFO: [ app_end ] --END-- [ RunTime:0.000099s ]

[ 2017-08-04T16:51:46+08:00 ] 101.81.119.26 /index.php/Admin/Order/returnclass.html
INFO: [ app_begin ] --START--
INFO: Run Behavior\ReadHtmlCacheBehavior [ RunTime:0.000034s ]
INFO: [ app_begin ] --END-- [ RunTime:0.000073s ]
SQL: SHOW COLUMNS FROM `xueches_trainclass` [ RunTime:0.0008s ]
SQL: SELECT `id`,`name` FROM `xueches_trainclass` WHERE ( type_id='5' )  [ RunTime:0.0003s ]
INFO: [ app_end ] --START--
INFO: Run Behavior\ShowPageTraceBehavior [ RunTime:0.000041s ]
INFO: [ app_end ] --END-- [ RunTime:0.000080s ]

[ 2017-08-04T16:51:51+08:00 ] 101.81.119.26 /index.php/Admin/Order/returnclass.html
INFO: [ app_begin ] --START--
INFO: Run Behavior\ReadHtmlCacheBehavior [ RunTime:0.000048s ]
INFO: [ app_begin ] --END-- [ RunTime:0.000092s ]
SQL: SHOW COLUMNS FROM `xueches_trainclass` [ RunTime:0.0008s ]
SQL: SELECT `id`,`name` FROM `xueches_trainclass` WHERE ( type_id='7' )  [ RunTime:0.0004s ]
INFO: [ app_end ] --START--
INFO: Run Behavior\ShowPageTraceBehavior [ RunTime:0.000043s ]
INFO: [ app_end ] --END-- [ RunTime:0.000085s ]

[ 2017-08-04T16:51:55+08:00 ] 101.81.119.26 /index.php/Admin/Order/returnclass.html
INFO: [ app_begin ] --START--
INFO: Run Behavior\ReadHtmlCacheBehavior [ RunTime:0.000051s ]
INFO: [ app_begin ] --END-- [ RunTime:0.000109s ]
SQL: SHOW COLUMNS FROM `xueches_trainclass` [ RunTime:0.0007s ]
SQL: SELECT `id`,`name` FROM `xueches_trainclass` WHERE ( type_id='9' )  [ RunTime:0.0003s ]
INFO: [ app_end ] --START--
INFO: Run Behavior\ShowPageTraceBehavior [ RunTime:0.000042s ]
INFO: [ app_end ] --END-- [ RunTime:0.000101s ]

[ 2017-08-04T16:51:58+08:00 ] 101.81.119.26 /index.php/Admin/Order/returnclass.html
INFO: [ app_begin ] --START--
INFO: Run Behavior\ReadHtmlCacheBehavior [ RunTime:0.000034s ]
INFO: [ app_begin ] --END-- [ RunTime:0.000073s ]
SQL: SHOW COLUMNS FROM `xueches_trainclass` [ RunTime:0.0007s ]
SQL: SELECT `id`,`name` FROM `xueches_trainclass` WHERE ( type_id='4' )  [ RunTime:0.0003s ]
INFO: [ app_end ] --START--
INFO: Run Behavior\ShowPageTraceBehavior [ RunTime:0.000041s ]
INFO: [ app_end ] --END-- [ RunTime:0.000079s ]

[ 2017-08-04T16:52:02+08:00 ] 101.81.119.26 /index.php/Admin/Order/returnclass.html
INFO: [ app_begin ] --START--
INFO: Run Behavior\ReadHtmlCacheBehavior [ RunTime:0.000034s ]
INFO: [ app_begin ] --END-- [ RunTime:0.000074s ]
SQL: SHOW COLUMNS FROM `xueches_trainclass` [ RunTime:0.0007s ]
SQL: SELECT `id`,`name` FROM `xueches_trainclass` WHERE ( type_id='2' )  [ RunTime:0.0003s ]
INFO: [ app_end ] --START--
INFO: Run Behavior\ShowPageTraceBehavior [ RunTime:0.000051s ]
INFO: [ app_end ] --END-- [ RunTime:0.000116s ]

[ 2017-08-04T16:52:05+08:00 ] 101.81.119.26 /index.php/Admin/Order/returnclass.html
INFO: [ app_begin ] --START--
INFO: Run Behavior\ReadHtmlCacheBehavior [ RunTime:0.000033s ]
INFO: [ app_begin ] --END-- [ RunTime:0.000074s ]
SQL: SHOW COLUMNS FROM `xueches_trainclass` [ RunTime:0.0007s ]
SQL: SELECT `id`,`name` FROM `xueches_trainclass` WHERE ( type_id='3' )  [ RunTime:0.0005s ]
INFO: [ app_end ] --START--
INFO: Run Behavior\ShowPageTraceBehavior [ RunTime:0.000061s ]
INFO: [ app_end ] --END-- [ RunTime:0.000123s ]

[ 2017-08-04T16:52:08+08:00 ] 101.81.119.26 /index.php/Admin/Order/returnclass.html
INFO: [ app_begin ] --START--
INFO: Run Behavior\ReadHtmlCacheBehavior [ RunTime:0.000038s ]
INFO: [ app_begin ] --END-- [ RunTime:0.000089s ]
SQL: SHOW COLUMNS FROM `xueches_trainclass` [ RunTime:0.0006s ]
SQL: SELECT `id`,`name` FROM `xueches_trainclass` WHERE ( type_id='2' )  [ RunTime:0.0003s ]
INFO: [ app_end ] --START--
INFO: Run Behavior\ShowPageTraceBehavior [ RunTime:0.000060s ]
INFO: [ app_end ] --END-- [ RunTime:0.000106s ]

[ 2017-08-04T16:52:10+08:00 ] 101.81.119.26 /index.php/Admin/Order/returnclass.html
INFO: [ app_begin ] --START--
INFO: Run Behavior\ReadHtmlCacheBehavior [ RunTime:0.000067s ]
INFO: [ app_begin ] --END-- [ RunTime:0.000134s ]
SQL: SHOW COLUMNS FROM `xueches_trainclass` [ RunTime:0.0009s ]
SQL: SELECT `id`,`name` FROM `xueches_trainclass` WHERE ( type_id='5' )  [ RunTime:0.0004s ]
INFO: [ app_end ] --START--
INFO: Run Behavior\ShowPageTraceBehavior [ RunTime:0.000045s ]
INFO: [ app_end ] --END-- [ RunTime:0.000085s ]

[ 2017-08-04T16:52:13+08:00 ] 101.81.119.26 /index.php/Admin/Order/returnclass.html
INFO: [ app_begin ] --START--
INFO: Run Behavior\ReadHtmlCacheBehavior [ RunTime:0.000035s ]
INFO: [ app_begin ] --END-- [ RunTime:0.000074s ]
SQL: SHOW COLUMNS FROM `xueches_trainclass` [ RunTime:0.0006s ]
SQL: SELECT `id`,`name` FROM `xueches_trainclass` WHERE ( type_id='1' )  [ RunTime:0.0003s ]
INFO: [ app_end ] --START--
INFO: Run Behavior\ShowPageTraceBehavior [ RunTime:0.000042s ]
INFO: [ app_end ] --END-- [ RunTime:0.000081s ]

[ 2017-08-04T16:52:23+08:00 ] 101.81.119.26 /index.php/Admin/Order/returnclass.html
INFO: [ app_begin ] --START--
INFO: Run Behavior\ReadHtmlCacheBehavior [ RunTime:0.000065s ]
INFO: [ app_begin ] --END-- [ RunTime:0.000119s ]
SQL: SHOW COLUMNS FROM `xueches_trainclass` [ RunTime:0.0006s ]
SQL: SELECT `id`,`name` FROM `xueches_trainclass` WHERE ( type_id='2' )  [ RunTime:0.0003s ]
INFO: [ app_end ] --START--
INFO: Run Behavior\ShowPageTraceBehavior [ RunTime:0.000055s ]
INFO: [ app_end ] --END-- [ RunTime:0.000097s ]

[ 2017-08-04T16:53:03+08:00 ] 101.81.119.26 /index.php/Admin/Order/returnclass.html
INFO: [ app_begin ] --START--
INFO: Run Behavior\ReadHtmlCacheBehavior [ RunTime:0.000035s ]
INFO: [ app_begin ] --END-- [ RunTime:0.000076s ]
SQL: SHOW COLUMNS FROM `xueches_trainclass` [ RunTime:0.0006s ]
SQL: SELECT `id`,`name` FROM `xueches_trainclass` WHERE ( type_id='1' )  [ RunTime:0.0003s ]
INFO: [ app_end ] --START--
INFO: Run Behavior\ShowPageTraceBehavior [ RunTime:0.000045s ]
INFO: [ app_end ] --END-- [ RunTime:0.000084s ]

[ 2017-08-04T16:56:34+08:00 ] 116.226.143.229 /index.php/Admin/Order/returnclass.html
INFO: [ app_begin ] --START--
INFO: Run Behavior\ReadHtmlCacheBehavior [ RunTime:0.000036s ]
INFO: [ app_begin ] --END-- [ RunTime:0.000077s ]
SQL: SHOW COLUMNS FROM `xueches_trainclass` [ RunTime:0.0006s ]
SQL: SELECT `id`,`name` FROM `xueches_trainclass` WHERE ( type_id='2' )  [ RunTime:0.0003s ]
INFO: [ app_end ] --START--
INFO: Run Behavior\ShowPageTraceBehavior [ RunTime:0.000071s ]
INFO: [ app_end ] --END-- [ RunTime:0.000139s ]

[ 2017-08-04T16:56:40+08:00 ] 116.226.143.229 /index.php/Admin/Order/returnclass.html
INFO: [ app_begin ] --START--
INFO: Run Behavior\ReadHtmlCacheBehavior [ RunTime:0.000060s ]
INFO: [ app_begin ] --END-- [ RunTime:0.000145s ]
SQL: SHOW COLUMNS FROM `xueches_trainclass` [ RunTime:0.0006s ]
SQL: SELECT `id`,`name` FROM `xueches_trainclass` WHERE ( type_id='1' )  [ RunTime:0.0004s ]
INFO: [ app_end ] --START--
INFO: Run Behavior\ShowPageTraceBehavior [ RunTime:0.000058s ]
INFO: [ app_end ] --END-- [ RunTime:0.000120s ]

[ 2017-08-04T17:02:37+08:00 ] 116.226.143.229 /index.php/Admin/Order/returntrain.html
INFO: [ app_begin ] --START--
INFO: Run Behavior\ReadHtmlCacheBehavior [ RunTime:0.000053s ]
INFO: [ app_begin ] --END-- [ RunTime:0.000139s ]
NOTIC: [8] Trying to get property of non-object /home/webgen/xctest/Website/Admin/Controller/OrderController.class.php Á¨¨ 195 Ë°å.
SQL: SHOW COLUMNS FROM `xueches_trainclass` [ RunTime:0.0006s ]
SQL: SELECT `id`,`name` FROM `xueches_trainclass` WHERE ( type_id='' )  [ RunTime:0.0003s ]
SQL: SHOW COLUMNS FROM `xueches_train` [ RunTime:0.0003s ]
SQL: SELECT `trainaddress_id` FROM `xueches_train` WHERE ( type_id='' ) LIMIT 1   [ RunTime:0.0002s ]
INFO: [ app_end ] --START--
INFO: Run Behavior\ShowPageTraceBehavior [ RunTime:0.000047s ]
INFO: [ app_end ] --END-- [ RunTime:0.000086s ]

[ 2017-08-04T17:03:03+08:00 ] 116.226.143.229 /index.php/Admin/Order/returntrain.html
INFO: [ app_begin ] --START--
INFO: Run Behavior\ReadHtmlCacheBehavior [ RunTime:0.000056s ]
INFO: [ app_begin ] --END-- [ RunTime:0.000107s ]
NOTIC: [8] Trying to get property of non-object /home/webgen/xctest/Website/Admin/Controller/OrderController.class.php Á¨¨ 195 Ë°å.
SQL: SHOW COLUMNS FROM `xueches_trainclass` [ RunTime:0.0006s ]
SQL: SELECT `id`,`name` FROM `xueches_trainclass` WHERE ( type_id='' )  [ RunTime:0.0003s ]
SQL: SHOW COLUMNS FROM `xueches_train` [ RunTime:0.0003s ]
SQL: SELECT `trainaddress_id` FROM `xueches_train` WHERE ( type_id='' ) LIMIT 1   [ RunTime:0.0002s ]
INFO: [ app_end ] --START--
INFO: Run Behavior\ShowPageTraceBehavior [ RunTime:0.000042s ]
INFO: [ app_end ] --END-- [ RunTime:0.000080s ]

[ 2017-08-04T17:03:07+08:00 ] 116.226.143.229 /index.php/Admin/Order/returntrain.html
INFO: [ app_begin ] --START--
INFO: Run Behavior\ReadHtmlCacheBehavior [ RunTime:0.000055s ]
INFO: [ app_begin ] --END-- [ RunTime:0.000095s ]
NOTIC: [8] Trying to get property of non-object /home/webgen/xctest/Website/Admin/Controller/OrderController.class.php Á¨¨ 195 Ë°å.
SQL: SHOW COLUMNS FROM `xueches_trainclass` [ RunTime:0.0007s ]
SQL: SELECT `id`,`name` FROM `xueches_trainclass` WHERE ( type_id='' )  [ RunTime:0.0003s ]
SQL: SHOW COLUMNS FROM `xueches_train` [ RunTime:0.0003s ]
SQL: SELECT `trainaddress_id` FROM `xueches_train` WHERE ( type_id='' ) LIMIT 1   [ RunTime:0.0002s ]
INFO: [ app_end ] --START--
INFO: Run Behavior\ShowPageTraceBehavior [ RunTime:0.000042s ]
INFO: [ app_end ] --END-- [ RunTime:0.000078s ]

[ 2017-08-04T17:04:30+08:00 ] 101.81.119.26 /index.php/Admin/Order/returntrain.html
INFO: [ app_begin ] --START--
INFO: Run Behavior\ReadHtmlCacheBehavior [ RunTime:0.000035s ]
INFO: [ app_begin ] --END-- [ RunTime:0.000075s ]
NOTIC: [8] Trying to get property of non-object /home/webgen/xctest/Website/Admin/Controller/OrderController.class.php Á¨¨ 195 Ë°å.
SQL: SHOW COLUMNS FROM `xueches_trainclass` [ RunTime:0.0006s ]
SQL: SELECT `id`,`name` FROM `xueches_trainclass` WHERE ( type_id='' )  [ RunTime:0.0003s ]
SQL: SHOW COLUMNS FROM `xueches_train` [ RunTime:0.0004s ]
SQL: SELECT `trainaddress_id` FROM `xueches_train` WHERE ( type_id='' ) LIMIT 1   [ RunTime:0.0002s ]
INFO: [ app_end ] --START--
INFO: Run Behavior\ShowPageTraceBehavior [ RunTime:0.000049s ]
INFO: [ app_end ] --END-- [ RunTime:0.000088s ]

[ 2017-08-04T17:04:35+08:00 ] 101.81.119.26 /index.php/Admin/Order/returntrain.html
INFO: [ app_begin ] --START--
INFO: Run Behavior\ReadHtmlCacheBehavior [ RunTime:0.000034s ]
INFO: [ app_begin ] --END-- [ RunTime:0.000074s ]
NOTIC: [8] Trying to get property of non-object /home/webgen/xctest/Website/Admin/Controller/OrderController.class.php Á¨¨ 195 Ë°å.
SQL: SHOW COLUMNS FROM `xueches_trainclass` [ RunTime:0.0006s ]
SQL: SELECT `id`,`name` FROM `xueches_trainclass` WHERE ( type_id='' )  [ RunTime:0.0003s ]
SQL: SHOW COLUMNS FROM `xueches_train` [ RunTime:0.0003s ]
SQL: SELECT `trainaddress_id` FROM `xueches_train` WHERE ( type_id='' ) LIMIT 1   [ RunTime:0.0002s ]
INFO: [ app_end ] --START--
INFO: Run Behavior\ShowPageTraceBehavior [ RunTime:0.000060s ]
INFO: [ app_end ] --END-- [ RunTime:0.000113s ]

[ 2017-08-04T17:05:25+08:00 ] 101.81.119.26 /index.php/Admin/Order/returntrain.html
INFO: [ app_begin ] --START--
INFO: Run Behavior\ReadHtmlCacheBehavior [ RunTime:0.000034s ]
INFO: [ app_begin ] --END-- [ RunTime:0.000075s ]
NOTIC: [8] Trying to get property of non-object /home/webgen/xctest/Website/Admin/Controller/OrderController.class.php Á¨¨ 195 Ë°å.
SQL: SHOW COLUMNS FROM `xueches_trainclass` [ RunTime:0.0006s ]
SQL: SELECT `id`,`name` FROM `xueches_trainclass` WHERE ( type_id='' )  [ RunTime:0.0002s ]
SQL: SHOW COLUMNS FROM `xueches_train` [ RunTime:0.0003s ]
SQL: SELECT `trainaddress_id` FROM `xueches_train` WHERE ( type_id='' ) LIMIT 1   [ RunTime:0.0002s ]
INFO: [ app_end ] --START--
INFO: Run Behavior\ShowPageTraceBehavior [ RunTime:0.000041s ]
INFO: [ app_end ] --END-- [ RunTime:0.000080s ]

[ 2017-08-04T17:07:01+08:00 ] 101.81.119.26 /index.php/Admin/Order/list_info/id/returntrain
INFO: [ app_begin ] --START--
INFO: Run Behavior\ReadHtmlCacheBehavior [ RunTime:0.000056s ]
INFO: [ app_begin ] --END-- [ RunTime:0.000122s ]
SQL: SHOW COLUMNS FROM `xueches_order` [ RunTime:0.0008s ]
ERR: 1054:Unknown column 'returntrain' in 'where clause'
 [ SQLËØ≠Âè• ] : SELECT `id`,`ordcode`,`order_type`,`name`,`status`,`return_time`,`create_time`,`pay_type`,`name`,`tel`,`address`,`class_name`,`trainaddress`,`price`,`total_fee`,`customer`,`userid`,`inform`,`num`,`type`,`school_id`,`connect` FROM `xueches_order` WHERE ( id=returntrain ) LIMIT 1  
ERR: 1054:Unknown column 'returntrain' in 'where clause'
 [ SQLËØ≠Âè• ] : SELECT `id`,`ordcode`,`order_type`,`name`,`status`,`return_time`,`create_time`,`pay_type`,`name`,`tel`,`address`,`class_name`,`trainaddress`,`price`,`total_fee`,`customer`,`userid`,`inform`,`num`,`type`,`school_id`,`connect` FROM `xueches_order` WHERE ( id=returntrain ) LIMIT 1  

[ 2017-08-04T17:09:14+08:00 ] 116.226.143.229 /index.php/Admin/Order/list_info/id/returntrain
INFO: [ app_begin ] --START--
INFO: Run Behavior\ReadHtmlCacheBehavior [ RunTime:0.000036s ]
INFO: [ app_begin ] --END-- [ RunTime:0.000075s ]
SQL: SHOW COLUMNS FROM `xueches_order` [ RunTime:0.0007s ]
ERR: 1054:Unknown column 'returntrain' in 'where clause'
 [ SQLËØ≠Âè• ] : SELECT `id`,`ordcode`,`order_type`,`name`,`status`,`return_time`,`create_time`,`pay_type`,`name`,`tel`,`address`,`class_name`,`trainaddress`,`price`,`total_fee`,`customer`,`userid`,`inform`,`num`,`type`,`school_id`,`connect` FROM `xueches_order` WHERE ( id=returntrain ) LIMIT 1  
ERR: 1054:Unknown column 'returntrain' in 'where clause'
 [ SQLËØ≠Âè• ] : SELECT `id`,`ordcode`,`order_type`,`name`,`status`,`return_time`,`create_time`,`pay_type`,`name`,`tel`,`address`,`class_name`,`trainaddress`,`price`,`total_fee`,`customer`,`userid`,`inform`,`num`,`type`,`school_id`,`connect` FROM `xueches_order` WHERE ( id=returntrain ) LIMIT 1  

[ 2017-08-04T17:14:48+08:00 ] 116.226.143.229 /index.php/Admin/Order/returntrain.html
INFO: [ app_begin ] --START--
INFO: Run Behavior\ReadHtmlCacheBehavior [ RunTime:0.000036s ]
INFO: [ app_begin ] --END-- [ RunTime:0.000079s ]
NOTIC: [8] Trying to get property of non-object /home/webgen/xctest/Website/Admin/Controller/OrderController.class.php Á¨¨ 195 Ë°å.
SQL: SHOW COLUMNS FROM `xueches_trainclass` [ RunTime:0.0008s ]
SQL: SELECT `id`,`name` FROM `xueches_trainclass` WHERE ( type_id='' )  [ RunTime:0.0003s ]
SQL: SHOW COLUMNS FROM `xueches_train` [ RunTime:0.0003s ]
SQL: SELECT `trainaddress_id` FROM `xueches_train` WHERE ( type_id='' ) LIMIT 1   [ RunTime:0.0002s ]
INFO: [ app_end ] --START--
INFO: Run Behavior\ShowPageTraceBehavior [ RunTime:0.000070s ]
INFO: [ app_end ] --END-- [ RunTime:0.000131s ]

[ 2017-08-04T17:14:52+08:00 ] 116.226.143.229 /index.php/Admin/Order/returntrain.html
INFO: [ app_begin ] --START--
INFO: Run Behavior\ReadHtmlCacheBehavior [ RunTime:0.000036s ]
INFO: [ app_begin ] --END-- [ RunTime:0.000078s ]
NOTIC: [8] Trying to get property of non-object /home/webgen/xctest/Website/Admin/Controller/OrderController.class.php Á¨¨ 195 Ë°å.
SQL: SHOW COLUMNS FROM `xueches_trainclass` [ RunTime:0.0006s ]
SQL: SELECT `id`,`name` FROM `xueches_trainclass` WHERE ( type_id='' )  [ RunTime:0.0003s ]
SQL: SHOW COLUMNS FROM `xueches_train` [ RunTime:0.0003s ]
SQL: SELECT `trainaddress_id` FROM `xueches_train` WHERE ( type_id='' ) LIMIT 1   [ RunTime:0.0002s ]
INFO: [ app_end ] --START--
INFO: Run Behavior\ShowPageTraceBehavior [ RunTime:0.000042s ]
INFO: [ app_end ] --END-- [ RunTime:0.000081s ]

[ 2017-08-04T17:15:56+08:00 ] 116.226.143.229 /index.php/Admin/Order/list_info/id/returntrain
INFO: [ app_begin ] --START--
INFO: Run Behavior\ReadHtmlCacheBehavior [ RunTime:0.000034s ]
INFO: [ app_begin ] --END-- [ RunTime:0.000076s ]
SQL: SHOW COLUMNS FROM `xueches_order` [ RunTime:0.0007s ]
ERR: 1054:Unknown column 'returntrain' in 'where clause'
 [ SQLËØ≠Âè• ] : SELECT `id`,`ordcode`,`order_type`,`name`,`status`,`return_time`,`create_time`,`pay_type`,`name`,`tel`,`address`,`class_name`,`trainaddress`,`price`,`total_fee`,`customer`,`userid`,`inform`,`num`,`type`,`school_id`,`connect` FROM `xueches_order` WHERE ( id=returntrain ) LIMIT 1  
ERR: 1054:Unknown column 'returntrain' in 'where clause'
 [ SQLËØ≠Âè• ] : SELECT `id`,`ordcode`,`order_type`,`name`,`status`,`return_time`,`create_time`,`pay_type`,`name`,`tel`,`address`,`class_name`,`trainaddress`,`price`,`total_fee`,`customer`,`userid`,`inform`,`num`,`type`,`school_id`,`connect` FROM `xueches_order` WHERE ( id=returntrain ) LIMIT 1  

[ 2017-08-04T17:16:19+08:00 ] 116.226.143.229 /index.php/Admin/Order/list_info/id/returntrain
INFO: [ app_begin ] --START--
INFO: Run Behavior\ReadHtmlCacheBehavior [ RunTime:0.000053s ]
INFO: [ app_begin ] --END-- [ RunTime:0.000098s ]
SQL: SHOW COLUMNS FROM `xueches_order` [ RunTime:0.0007s ]
ERR: 1054:Unknown column 'returntrain' in 'where clause'
 [ SQLËØ≠Âè• ] : SELECT `id`,`ordcode`,`order_type`,`name`,`status`,`return_time`,`create_time`,`pay_type`,`name`,`tel`,`address`,`class_name`,`trainaddress`,`price`,`total_fee`,`customer`,`userid`,`inform`,`num`,`type`,`school_id`,`connect` FROM `xueches_order` WHERE ( id=returntrain ) LIMIT 1  
ERR: 1054:Unknown column 'returntrain' in 'where clause'
 [ SQLËØ≠Âè• ] : SELECT `id`,`ordcode`,`order_type`,`name`,`status`,`return_time`,`create_time`,`pay_type`,`name`,`tel`,`address`,`class_name`,`trainaddress`,`price`,`total_fee`,`customer`,`userid`,`inform`,`num`,`type`,`school_id`,`connect` FROM `xueches_order` WHERE ( id=returntrain ) LIMIT 1  

[ 2017-08-04T17:16:53+08:00 ] 116.226.143.229 /index.php/Admin/Order/list_info/id/returntrain
INFO: [ app_begin ] --START--
INFO: Run Behavior\ReadHtmlCacheBehavior [ RunTime:0.000061s ]
INFO: [ app_begin ] --END-- [ RunTime:0.000105s ]
SQL: SHOW COLUMNS FROM `xueches_order` [ RunTime:0.0007s ]
ERR: 1054:Unknown column 'returntrain' in 'where clause'
 [ SQLËØ≠Âè• ] : SELECT `id`,`ordcode`,`order_type`,`name`,`status`,`return_time`,`create_time`,`pay_type`,`name`,`tel`,`address`,`class_name`,`trainaddress`,`price`,`total_fee`,`customer`,`userid`,`inform`,`num`,`type`,`school_id`,`connect` FROM `xueches_order` WHERE ( id=returntrain ) LIMIT 1  
ERR: 1054:Unknown column 'returntrain' in 'where clause'
 [ SQLËØ≠Âè• ] : SELECT `id`,`ordcode`,`order_type`,`name`,`status`,`return_time`,`create_time`,`pay_type`,`name`,`tel`,`address`,`class_name`,`trainaddress`,`price`,`total_fee`,`customer`,`userid`,`inform`,`num`,`type`,`school_id`,`connect` FROM `xueches_order` WHERE ( id=returntrain ) LIMIT 1  

[ 2017-08-04T17:17:31+08:00 ] 116.226.143.229 /index.php/Admin/Order/list_info/id/returntrain
INFO: [ app_begin ] --START--
INFO: Run Behavior\ReadHtmlCacheBehavior [ RunTime:0.000043s ]
INFO: [ app_begin ] --END-- [ RunTime:0.000098s ]
SQL: SHOW COLUMNS FROM `xueches_order` [ RunTime:0.0007s ]
ERR: 1054:Unknown column 'returntrain' in 'where clause'
 [ SQLËØ≠Âè• ] : SELECT `id`,`ordcode`,`order_type`,`name`,`status`,`return_time`,`create_time`,`pay_type`,`name`,`tel`,`address`,`class_name`,`trainaddress`,`price`,`total_fee`,`customer`,`userid`,`inform`,`num`,`type`,`school_id`,`connect` FROM `xueches_order` WHERE ( id=returntrain ) LIMIT 1  
ERR: 1054:Unknown column 'returntrain' in 'where clause'
 [ SQLËØ≠Âè• ] : SELECT `id`,`ordcode`,`order_type`,`name`,`status`,`return_time`,`create_time`,`pay_type`,`name`,`tel`,`address`,`class_name`,`trainaddress`,`price`,`total_fee`,`customer`,`userid`,`inform`,`num`,`type`,`school_id`,`connect` FROM `xueches_order` WHERE ( id=returntrain ) LIMIT 1  

[ 2017-08-04T17:17:35+08:00 ] 116.226.143.229 /index.php/Admin/Order/list_info/id/returntrain
INFO: [ app_begin ] --START--
INFO: Run Behavior\ReadHtmlCacheBehavior [ RunTime:0.000034s ]
INFO: [ app_begin ] --END-- [ RunTime:0.000073s ]
SQL: SHOW COLUMNS FROM `xueches_order` [ RunTime:0.0008s ]
ERR: 1054:Unknown column 'returntrain' in 'where clause'
 [ SQLËØ≠Âè• ] : SELECT `id`,`ordcode`,`order_type`,`name`,`status`,`return_time`,`create_time`,`pay_type`,`name`,`tel`,`address`,`class_name`,`trainaddress`,`price`,`total_fee`,`customer`,`userid`,`inform`,`num`,`type`,`school_id`,`connect` FROM `xueches_order` WHERE ( id=returntrain ) LIMIT 1  
ERR: 1054:Unknown column 'returntrain' in 'where clause'
 [ SQLËØ≠Âè• ] : SELECT `id`,`ordcode`,`order_type`,`name`,`status`,`return_time`,`create_time`,`pay_type`,`name`,`tel`,`address`,`class_name`,`trainaddress`,`price`,`total_fee`,`customer`,`userid`,`inform`,`num`,`type`,`school_id`,`connect` FROM `xueches_order` WHERE ( id=returntrain ) LIMIT 1  

[ 2017-08-04T17:18:06+08:00 ] 116.226.143.229 /index.php/Admin/Order/list_info/id/returntrain
INFO: [ app_begin ] --START--
INFO: Run Behavior\ReadHtmlCacheBehavior [ RunTime:0.000045s ]
INFO: [ app_begin ] --END-- [ RunTime:0.000087s ]
SQL: SHOW COLUMNS FROM `xueches_order` [ RunTime:0.0008s ]
ERR: 1054:Unknown column 'returntrain' in 'where clause'
 [ SQLËØ≠Âè• ] : SELECT `id`,`ordcode`,`order_type`,`name`,`status`,`return_time`,`create_time`,`pay_type`,`name`,`tel`,`address`,`class_name`,`trainaddress`,`price`,`total_fee`,`customer`,`userid`,`inform`,`num`,`type`,`school_id`,`connect` FROM `xueches_order` WHERE ( id=returntrain ) LIMIT 1  
ERR: 1054:Unknown column 'returntrain' in 'where clause'
 [ SQLËØ≠Âè• ] : SELECT `id`,`ordcode`,`order_type`,`name`,`status`,`return_time`,`create_time`,`pay_type`,`name`,`tel`,`address`,`class_name`,`trainaddress`,`price`,`total_fee`,`customer`,`userid`,`inform`,`num`,`type`,`school_id`,`connect` FROM `xueches_order` WHERE ( id=returntrain ) LIMIT 1  

[ 2017-08-04T17:18:25+08:00 ] 116.226.143.229 /index.php/Admin/Order/list_info/id/returntrain
INFO: [ app_begin ] --START--
INFO: Run Behavior\ReadHtmlCacheBehavior [ RunTime:0.000033s ]
INFO: [ app_begin ] --END-- [ RunTime:0.000073s ]
SQL: SHOW COLUMNS FROM `xueches_order` [ RunTime:0.0007s ]
ERR: 1054:Unknown column 'returntrain' in 'where clause'
 [ SQLËØ≠Âè• ] : SELECT `id`,`ordcode`,`order_type`,`name`,`status`,`return_time`,`create_time`,`pay_type`,`name`,`tel`,`address`,`class_name`,`trainaddress`,`price`,`total_fee`,`customer`,`userid`,`inform`,`num`,`type`,`school_id`,`connect` FROM `xueches_order` WHERE ( id=returntrain ) LIMIT 1  
ERR: 1054:Unknown column 'returntrain' in 'where clause'
 [ SQLËØ≠Âè• ] : SELECT `id`,`ordcode`,`order_type`,`name`,`status`,`return_time`,`create_time`,`pay_type`,`name`,`tel`,`address`,`class_name`,`trainaddress`,`price`,`total_fee`,`customer`,`userid`,`inform`,`num`,`type`,`school_id`,`connect` FROM `xueches_order` WHERE ( id=returntrain ) LIMIT 1  

[ 2017-08-04T17:18:30+08:00 ] 116.226.143.229 /index.php/Admin/Order/list_info/id/returntrain
INFO: [ app_begin ] --START--
INFO: Run Behavior\ReadHtmlCacheBehavior [ RunTime:0.000035s ]
INFO: [ app_begin ] --END-- [ RunTime:0.000074s ]
SQL: SHOW COLUMNS FROM `xueches_order` [ RunTime:0.0008s ]
ERR: 1054:Unknown column 'returntrain' in 'where clause'
 [ SQLËØ≠Âè• ] : SELECT `id`,`ordcode`,`order_type`,`name`,`status`,`return_time`,`create_time`,`pay_type`,`name`,`tel`,`address`,`class_name`,`trainaddress`,`price`,`total_fee`,`customer`,`userid`,`inform`,`num`,`type`,`school_id`,`connect` FROM `xueches_order` WHERE ( id=returntrain ) LIMIT 1  
ERR: 1054:Unknown column 'returntrain' in 'where clause'
 [ SQLËØ≠Âè• ] : SELECT `id`,`ordcode`,`order_type`,`name`,`status`,`return_time`,`create_time`,`pay_type`,`name`,`tel`,`address`,`class_name`,`trainaddress`,`price`,`total_fee`,`customer`,`userid`,`inform`,`num`,`type`,`school_id`,`connect` FROM `xueches_order` WHERE ( id=returntrain ) LIMIT 1  

[ 2017-08-04T17:18:35+08:00 ] 116.226.143.229 /index.php/Admin/Order/list_info/id/returntrain
INFO: [ app_begin ] --START--
INFO: Run Behavior\ReadHtmlCacheBehavior [ RunTime:0.000029s ]
INFO: [ app_begin ] --END-- [ RunTime:0.000069s ]
SQL: SHOW COLUMNS FROM `xueches_order` [ RunTime:0.0007s ]
ERR: 1054:Unknown column 'returntrain' in 'where clause'
 [ SQLËØ≠Âè• ] : SELECT `id`,`ordcode`,`order_type`,`name`,`status`,`return_time`,`create_time`,`pay_type`,`name`,`tel`,`address`,`class_name`,`trainaddress`,`price`,`total_fee`,`customer`,`userid`,`inform`,`num`,`type`,`school_id`,`connect` FROM `xueches_order` WHERE ( id=returntrain ) LIMIT 1  
ERR: 1054:Unknown column 'returntrain' in 'where clause'
 [ SQLËØ≠Âè• ] : SELECT `id`,`ordcode`,`order_type`,`name`,`status`,`return_time`,`create_time`,`pay_type`,`name`,`tel`,`address`,`class_name`,`trainaddress`,`price`,`total_fee`,`customer`,`userid`,`inform`,`num`,`type`,`school_id`,`connect` FROM `xueches_order` WHERE ( id=returntrain ) LIMIT 1  

[ 2017-08-04T17:18:53+08:00 ] 116.226.143.229 /index.php/Admin/Order/list_info/id/108.html
ERR: 1064:You have an error in your SQL syntax; check the manual that corresponds to your MySQL server version for the right syntax to use near '? ) LIMIT 1' at line 1
 [ SQLËØ≠Âè• ] : SELECT `connectteacher` FROM `xueches_school` WHERE ( id = Â ) LIMIT 1  

[ 2017-08-04T17:19:45+08:00 ] 116.226.143.229 /index.php/Admin/Order/list_info/id/108.html
ERR: 1064:You have an error in your SQL syntax; check the manual that corresponds to your MySQL server version for the right syntax to use near '? ) LIMIT 1' at line 1
 [ SQLËØ≠Âè• ] : SELECT `connectteacher` FROM `xueches_school` WHERE ( id = Â ) LIMIT 1  

[ 2017-08-04T17:19:45+08:00 ] 116.226.143.229 /index.php/Admin/Order/list_info/id/108.html
ERR: 1064:You have an error in your SQL syntax; check the manual that corresponds to your MySQL server version for the right syntax to use near '? ) LIMIT 1' at line 1
 [ SQLËØ≠Âè• ] : SELECT `connectteacher` FROM `xueches_school` WHERE ( id = Â ) LIMIT 1  

[ 2017-08-04T17:19:46+08:00 ] 116.226.143.229 /index.php/Admin/Order/list_info/id/108.html
ERR: 1064:You have an error in your SQL syntax; check the manual that corresponds to your MySQL server version for the right syntax to use near '? ) LIMIT 1' at line 1
 [ SQLËØ≠Âè• ] : SELECT `connectteacher` FROM `xueches_school` WHERE ( id = Â ) LIMIT 1  

[ 2017-08-04T17:19:47+08:00 ] 116.226.143.229 /index.php/Admin/Order/list_info/id/108.html
ERR: 1064:You have an error in your SQL syntax; check the manual that corresponds to your MySQL server version for the right syntax to use near '? ) LIMIT 1' at line 1
 [ SQLËØ≠Âè• ] : SELECT `connectteacher` FROM `xueches_school` WHERE ( id = Â ) LIMIT 1  

[ 2017-08-04T17:19:48+08:00 ] 116.226.143.229 /index.php/Admin/Order/list_info/id/108.html
ERR: 1064:You have an error in your SQL syntax; check the manual that corresponds to your MySQL server version for the right syntax to use near '? ) LIMIT 1' at line 1
 [ SQLËØ≠Âè• ] : SELECT `connectteacher` FROM `xueches_school` WHERE ( id = Â ) LIMIT 1  

[ 2017-08-04T17:19:48+08:00 ] 116.226.143.229 /index.php/Admin/Order/list_info/id/108.html
ERR: 1064:You have an error in your SQL syntax; check the manual that corresponds to your MySQL server version for the right syntax to use near '? ) LIMIT 1' at line 1
 [ SQLËØ≠Âè• ] : SELECT `connectteacher` FROM `xueches_school` WHERE ( id = Â ) LIMIT 1  

[ 2017-08-04T17:19:50+08:00 ] 116.226.143.229 /index.php/Admin/Order/list_info?id=108
ERR: 1064:You have an error in your SQL syntax; check the manual that corresponds to your MySQL server version for the right syntax to use near '? ) LIMIT 1' at line 1
 [ SQLËØ≠Âè• ] : SELECT `connectteacher` FROM `xueches_school` WHERE ( id = Â ) LIMIT 1  

[ 2017-08-04T17:20:49+08:00 ] 116.226.143.229 /index.php/Admin/Order/list_info?id=108
ERR: 1064:You have an error in your SQL syntax; check the manual that corresponds to your MySQL server version for the right syntax to use near '? ) LIMIT 1' at line 1
 [ SQLËØ≠Âè• ] : SELECT `connectteacher` FROM `xueches_school` WHERE ( id = Â ) LIMIT 1  

[ 2017-08-04T17:21:43+08:00 ] 116.226.143.229 /index.php/Admin/Order/returntrain
INFO: [ app_begin ] --START--
INFO: Run Behavior\ReadHtmlCacheBehavior [ RunTime:0.000037s ]
INFO: [ app_begin ] --END-- [ RunTime:0.000078s ]

[ 2017-08-04T17:22:41+08:00 ] 116.226.143.229 /index.php/Admin/Order/returntrain
INFO: [ app_begin ] --START--
INFO: Run Behavior\ReadHtmlCacheBehavior [ RunTime:0.000034s ]
INFO: [ app_begin ] --END-- [ RunTime:0.000089s ]

[ 2017-08-04T17:22:47+08:00 ] 116.226.143.229 /index.php/Admin/Order/returntrain
INFO: [ app_begin ] --START--
INFO: Run Behavior\ReadHtmlCacheBehavior [ RunTime:0.000035s ]
INFO: [ app_begin ] --END-- [ RunTime:0.000074s ]

[ 2017-08-04T17:23:21+08:00 ] 116.226.143.229 /index.php/Admin/Order/returntrain
INFO: [ app_begin ] --START--
INFO: Run Behavior\ReadHtmlCacheBehavior [ RunTime:0.000046s ]
INFO: [ app_begin ] --END-- [ RunTime:0.000095s ]
SQL: SHOW COLUMNS FROM `xueches_trainclass` [ RunTime:0.0006s ]
SQL: SELECT `id`,`name` FROM `xueches_trainclass` WHERE ( type_id='2' )  [ RunTime:0.0003s ]

[ 2017-08-04T17:23:52+08:00 ] 116.226.143.229 /index.php/Admin/Order/returntrain
INFO: [ app_begin ] --START--
INFO: Run Behavior\ReadHtmlCacheBehavior [ RunTime:0.000040s ]
INFO: [ app_begin ] --END-- [ RunTime:0.000080s ]
SQL: SHOW COLUMNS FROM `xueches_trainclass` [ RunTime:0.0007s ]
SQL: SELECT `id`,`name` FROM `xueches_trainclass` WHERE ( type_id='6' )  [ RunTime:0.0003s ]
SQL: SHOW COLUMNS FROM `xueches_train` [ RunTime:0.0003s ]
SQL: SELECT `trainaddress_id` FROM `xueches_train` WHERE ( type_id='6' ) LIMIT 1   [ RunTime:0.0002s ]

[ 2017-08-04T17:24:21+08:00 ] 116.226.143.229 /index.php/Admin/Order/returntrain
INFO: [ app_begin ] --START--
INFO: Run Behavior\ReadHtmlCacheBehavior [ RunTime:0.000045s ]
INFO: [ app_begin ] --END-- [ RunTime:0.000092s ]
SQL: SHOW COLUMNS FROM `xueches_trainclass` [ RunTime:0.0007s ]
SQL: SELECT `id`,`name` FROM `xueches_trainclass` WHERE ( type_id='8' )  [ RunTime:0.0003s ]
SQL: SHOW COLUMNS FROM `xueches_train` [ RunTime:0.0003s ]
SQL: SELECT `trainaddress_id` FROM `xueches_train` WHERE ( type_id='8' ) LIMIT 1   [ RunTime:0.0002s ]
SQL: SHOW COLUMNS FROM `xueches_trainaddress` [ RunTime:0.0004s ]
SQL: SELECT `id`,`trname` FROM `xueches_trainaddress` WHERE ( id in (3) )  [ RunTime:0.0002s ]

[ 2017-08-04T17:24:42+08:00 ] 116.226.143.229 /index.php/Admin/Order/returntrain
INFO: [ app_begin ] --START--
INFO: Run Behavior\ReadHtmlCacheBehavior [ RunTime:0.000035s ]
INFO: [ app_begin ] --END-- [ RunTime:0.000079s ]
SQL: SHOW COLUMNS FROM `xueches_trainclass` [ RunTime:0.0006s ]
SQL: SELECT `id`,`name` FROM `xueches_trainclass` WHERE ( type_id='5' )  [ RunTime:0.0003s ]
SQL: SHOW COLUMNS FROM `xueches_train` [ RunTime:0.0005s ]
SQL: SELECT `trainaddress_id` FROM `xueches_train` WHERE ( type_id='5' ) LIMIT 1   [ RunTime:0.0002s ]
SQL: SHOW COLUMNS FROM `xueches_trainaddress` [ RunTime:0.0004s ]
SQL: SELECT `id`,`trname` FROM `xueches_trainaddress` WHERE ( id in (6) )  [ RunTime:0.0002s ]

[ 2017-08-04T17:25:03+08:00 ] 116.226.143.229 /index.php/Admin/Order/returntrain
INFO: [ app_begin ] --START--
INFO: Run Behavior\ReadHtmlCacheBehavior [ RunTime:0.000049s ]
INFO: [ app_begin ] --END-- [ RunTime:0.000091s ]
SQL: SHOW COLUMNS FROM `xueches_trainclass` [ RunTime:0.0007s ]
SQL: SELECT `id`,`name` FROM `xueches_trainclass` WHERE ( type_id='2' )  [ RunTime:0.0003s ]
SQL: SHOW COLUMNS FROM `xueches_train` [ RunTime:0.0003s ]
SQL: SELECT `trainaddress_id` FROM `xueches_train` WHERE ( type_id='2' ) LIMIT 1   [ RunTime:0.0002s ]
SQL: SHOW COLUMNS FROM `xueches_trainaddress` [ RunTime:0.0003s ]
SQL: SELECT `id`,`trname` FROM `xueches_trainaddress` WHERE ( id in (57) )  [ RunTime:0.0002s ]
INFO: [ app_end ] --START--
INFO: Run Behavior\ShowPageTraceBehavior [ RunTime:0.000041s ]
INFO: [ app_end ] --END-- [ RunTime:0.000079s ]

[ 2017-08-04T17:25:34+08:00 ] 116.226.143.229 /index.php/Admin/Order/returntrain
INFO: [ app_begin ] --START--
INFO: Run Behavior\ReadHtmlCacheBehavior [ RunTime:0.000035s ]
INFO: [ app_begin ] --END-- [ RunTime:0.000093s ]
SQL: SHOW COLUMNS FROM `xueches_trainclass` [ RunTime:0.0006s ]
SQL: SELECT `id`,`name` FROM `xueches_trainclass` WHERE ( type_id='2' )  [ RunTime:0.0003s ]
SQL: SHOW COLUMNS FROM `xueches_train` [ RunTime:0.0003s ]
SQL: SELECT `trainaddress_id` FROM `xueches_train` WHERE ( type_id='2' ) LIMIT 1   [ RunTime:0.0003s ]
SQL: SHOW COLUMNS FROM `xueches_trainaddress` [ RunTime:0.0004s ]
SQL: SELECT `id`,`trname` FROM `xueches_trainaddress` WHERE ( id in (57) )  [ RunTime:0.0002s ]
INFO: [ app_end ] --START--
INFO: Run Behavior\ShowPageTraceBehavior [ RunTime:0.000047s ]
INFO: [ app_end ] --END-- [ RunTime:0.000087s ]

[ 2017-08-04T17:25:45+08:00 ] 116.226.143.229 /index.php/Admin/Order/returntrain
INFO: [ app_begin ] --START--
INFO: Run Behavior\ReadHtmlCacheBehavior [ RunTime:0.000040s ]
INFO: [ app_begin ] --END-- [ RunTime:0.000082s ]
SQL: SHOW COLUMNS FROM `xueches_trainclass` [ RunTime:0.0006s ]
SQL: SELECT `id`,`name` FROM `xueches_trainclass` WHERE ( type_id='7' )  [ RunTime:0.0003s ]
SQL: SHOW COLUMNS FROM `xueches_train` [ RunTime:0.0003s ]
SQL: SELECT `trainaddress_id` FROM `xueches_train` WHERE ( type_id='7' ) LIMIT 1   [ RunTime:0.0002s ]
SQL: SHOW COLUMNS FROM `xueches_trainaddress` [ RunTime:0.0003s ]
SQL: SELECT `id`,`trname` FROM `xueches_trainaddress` WHERE ( id in (3) )  [ RunTime:0.0002s ]
INFO: [ app_end ] --START--
INFO: Run Behavior\ShowPageTraceBehavior [ RunTime:0.000047s ]
INFO: [ app_end ] --END-- [ RunTime:0.000089s ]

[ 2017-08-04T17:25:57+08:00 ] 116.226.143.229 /index.php/Admin/Order/returntrain
INFO: [ app_begin ] --START--
INFO: Run Behavior\ReadHtmlCacheBehavior [ RunTime:0.000054s ]
INFO: [ app_begin ] --END-- [ RunTime:0.000115s ]
SQL: SHOW COLUMNS FROM `xueches_trainclass` [ RunTime:0.0007s ]
SQL: SELECT `id`,`name` FROM `xueches_trainclass` WHERE ( type_id='8' )  [ RunTime:0.0003s ]
SQL: SHOW COLUMNS FROM `xueches_train` [ RunTime:0.0005s ]
SQL: SELECT `trainaddress_id` FROM `xueches_train` WHERE ( type_id='8' ) LIMIT 1   [ RunTime:0.0003s ]
SQL: SHOW COLUMNS FROM `xueches_trainaddress` [ RunTime:0.0004s ]
SQL: SELECT `id`,`trname` FROM `xueches_trainaddress` WHERE ( id in (3) )  [ RunTime:0.0008s ]
INFO: [ app_end ] --START--
INFO: Run Behavior\ShowPageTraceBehavior [ RunTime:0.000068s ]
INFO: [ app_end ] --END-- [ RunTime:0.000129s ]

[ 2017-08-04T17:28:58+08:00 ] 116.226.143.229 /index.php/Admin/Order/returntrain
INFO: [ app_begin ] --START--
INFO: Run Behavior\ReadHtmlCacheBehavior [ RunTime:0.000036s ]
INFO: [ app_begin ] --END-- [ RunTime:0.000078s ]
SQL: SHOW COLUMNS FROM `xueches_trainclass` [ RunTime:0.0006s ]
SQL: SELECT `id`,`name` FROM `xueches_trainclass` WHERE ( type_id='2' )  [ RunTime:0.0003s ]
SQL: SHOW COLUMNS FROM `xueches_train` [ RunTime:0.0003s ]
SQL: SELECT `trainaddress_id` FROM `xueches_train` WHERE ( type_id='2' ) LIMIT 1   [ RunTime:0.0002s ]
SQL: SHOW COLUMNS FROM `xueches_trainaddress` [ RunTime:0.0003s ]
SQL: SELECT `id`,`trname` FROM `xueches_trainaddress` WHERE ( id in (57) )  [ RunTime:0.0002s ]
INFO: [ app_end ] --START--
INFO: Run Behavior\ShowPageTraceBehavior [ RunTime:0.000056s ]
INFO: [ app_end ] --END-- [ RunTime:0.000107s ]

[ 2017-08-04T17:29:01+08:00 ] 116.226.143.229 /index.php/Admin/Order/returntrain
INFO: [ app_begin ] --START--
INFO: Run Behavior\ReadHtmlCacheBehavior [ RunTime:0.000034s ]
INFO: [ app_begin ] --END-- [ RunTime:0.000093s ]
SQL: SHOW COLUMNS FROM `xueches_trainclass` [ RunTime:0.0006s ]
SQL: SELECT `id`,`name` FROM `xueches_trainclass` WHERE ( type_id='3' )  [ RunTime:0.0003s ]
SQL: SHOW COLUMNS FROM `xueches_train` [ RunTime:0.0003s ]
SQL: SELECT `trainaddress_id` FROM `xueches_train` WHERE ( type_id='3' ) LIMIT 1   [ RunTime:0.0002s ]
SQL: SHOW COLUMNS FROM `xueches_trainaddress` [ RunTime:0.0003s ]
SQL: SELECT `id`,`trname` FROM `xueches_trainaddress` WHERE ( id in (11) )  [ RunTime:0.0002s ]
INFO: [ app_end ] --START--
INFO: Run Behavior\ShowPageTraceBehavior [ RunTime:0.000043s ]
INFO: [ app_end ] --END-- [ RunTime:0.000081s ]

[ 2017-08-04T17:29:03+08:00 ] 116.226.143.229 /index.php/Admin/Order/returntrain
INFO: [ app_begin ] --START--
INFO: Run Behavior\ReadHtmlCacheBehavior [ RunTime:0.000031s ]
INFO: [ app_begin ] --END-- [ RunTime:0.000070s ]
SQL: SHOW COLUMNS FROM `xueches_trainclass` [ RunTime:0.0009s ]
SQL: SELECT `id`,`name` FROM `xueches_trainclass` WHERE ( type_id='8' )  [ RunTime:0.0004s ]
SQL: SHOW COLUMNS FROM `xueches_train` [ RunTime:0.0005s ]
SQL: SELECT `trainaddress_id` FROM `xueches_train` WHERE ( type_id='8' ) LIMIT 1   [ RunTime:0.0003s ]
SQL: SHOW COLUMNS FROM `xueches_trainaddress` [ RunTime:0.0004s ]
SQL: SELECT `id`,`trname` FROM `xueches_trainaddress` WHERE ( id in (3) )  [ RunTime:0.0002s ]
INFO: [ app_end ] --START--
INFO: Run Behavior\ShowPageTraceBehavior [ RunTime:0.000047s ]
INFO: [ app_end ] --END-- [ RunTime:0.000100s ]

[ 2017-08-04T17:29:05+08:00 ] 116.226.143.229 /index.php/Admin/Order/returntrain
INFO: [ app_begin ] --START--
INFO: Run Behavior\ReadHtmlCacheBehavior [ RunTime:0.000045s ]
INFO: [ app_begin ] --END-- [ RunTime:0.000094s ]
SQL: SHOW COLUMNS FROM `xueches_trainclass` [ RunTime:0.0008s ]
SQL: SELECT `id`,`name` FROM `xueches_trainclass` WHERE ( type_id='13' )  [ RunTime:0.0003s ]
SQL: SHOW COLUMNS FROM `xueches_train` [ RunTime:0.0004s ]
SQL: SELECT `trainaddress_id` FROM `xueches_train` WHERE ( type_id='13' ) LIMIT 1   [ RunTime:0.0002s ]
SQL: SHOW COLUMNS FROM `xueches_trainaddress` [ RunTime:0.0007s ]
SQL: SELECT `id`,`trname` FROM `xueches_trainaddress` WHERE ( id in (3) )  [ RunTime:0.0003s ]
INFO: [ app_end ] --START--
INFO: Run Behavior\ShowPageTraceBehavior [ RunTime:0.000051s ]
INFO: [ app_end ] --END-- [ RunTime:0.000092s ]

[ 2017-08-04T17:33:43+08:00 ] 101.81.119.26 /index.php/Admin/Order/returntrain
INFO: [ app_begin ] --START--
INFO: Run Behavior\ReadHtmlCacheBehavior [ RunTime:0.000035s ]
INFO: [ app_begin ] --END-- [ RunTime:0.000076s ]
SQL: SHOW COLUMNS FROM `xueches_trainclass` [ RunTime:0.0006s ]
SQL: SELECT `id`,`name` FROM `xueches_trainclass` WHERE ( type_id='2' )  [ RunTime:0.0003s ]
SQL: SHOW COLUMNS FROM `xueches_train` [ RunTime:0.0003s ]
SQL: SELECT `trainaddress_id` FROM `xueches_train` WHERE ( type_id='2' ) LIMIT 1   [ RunTime:0.0002s ]
SQL: SHOW COLUMNS FROM `xueches_trainaddress` [ RunTime:0.0004s ]
SQL: SELECT `id`,`trname` FROM `xueches_trainaddress` WHERE ( id in (57) )  [ RunTime:0.0002s ]
INFO: [ app_end ] --START--
INFO: Run Behavior\ShowPageTraceBehavior [ RunTime:0.000074s ]
INFO: [ app_end ] --END-- [ RunTime:0.000116s ]

[ 2017-08-04T17:36:33+08:00 ] 101.81.119.26 /index.php/Admin/Order/returntrain
INFO: [ app_begin ] --START--
INFO: Run Behavior\ReadHtmlCacheBehavior [ RunTime:0.000034s ]
INFO: [ app_begin ] --END-- [ RunTime:0.000080s ]
SQL: SHOW COLUMNS FROM `xueches_trainclass` [ RunTime:0.0006s ]
SQL: SELECT `id`,`name` FROM `xueches_trainclass` WHERE ( type_id='2' )  [ RunTime:0.0004s ]
SQL: SHOW COLUMNS FROM `xueches_train` [ RunTime:0.0003s ]
SQL: SELECT `trainaddress_id` FROM `xueches_train` WHERE ( type_id='2' ) LIMIT 1   [ RunTime:0.0002s ]
SQL: SHOW COLUMNS FROM `xueches_trainaddress` [ RunTime:0.0003s ]
SQL: SELECT `id`,`trname` FROM `xueches_trainaddress` WHERE ( id in (57) )  [ RunTime:0.0002s ]
INFO: [ app_end ] --START--
INFO: Run Behavior\ShowPageTraceBehavior [ RunTime:0.000055s ]
INFO: [ app_end ] --END-- [ RunTime:0.000097s ]

[ 2017-08-04T17:36:49+08:00 ] 101.81.119.26 /index.php/Admin/Order/returntrain
INFO: [ app_begin ] --START--
INFO: Run Behavior\ReadHtmlCacheBehavior [ RunTime:0.000034s ]
INFO: [ app_begin ] --END-- [ RunTime:0.000074s ]
SQL: SHOW COLUMNS FROM `xueches_trainclass` [ RunTime:0.0006s ]
SQL: SELECT `id`,`name` FROM `xueches_trainclass` WHERE ( type_id='' )  [ RunTime:0.0002s ]
SQL: SHOW COLUMNS FROM `xueches_train` [ RunTime:0.0003s ]
SQL: SELECT `trainaddress_id` FROM `xueches_train` WHERE ( type_id='' ) LIMIT 1   [ RunTime:0.0002s ]
INFO: [ app_end ] --START--
INFO: Run Behavior\ShowPageTraceBehavior [ RunTime:0.000056s ]
INFO: [ app_end ] --END-- [ RunTime:0.000100s ]

[ 2017-08-04T17:37:19+08:00 ] 101.81.119.26 /index.php/Admin/Order/returntrain
INFO: [ app_begin ] --START--
INFO: Run Behavior\ReadHtmlCacheBehavior [ RunTime:0.000036s ]
INFO: [ app_begin ] --END-- [ RunTime:0.000077s ]
SQL: SHOW COLUMNS FROM `xueches_trainclass` [ RunTime:0.0006s ]
SQL: SELECT `id`,`name` FROM `xueches_trainclass` WHERE ( type_id='' )  [ RunTime:0.0004s ]
SQL: SHOW COLUMNS FROM `xueches_train` [ RunTime:0.0004s ]
SQL: SELECT `trainaddress_id` FROM `xueches_train` WHERE ( type_id='' ) LIMIT 1   [ RunTime:0.0003s ]
INFO: [ app_end ] --START--
INFO: Run Behavior\ShowPageTraceBehavior [ RunTime:0.000049s ]
INFO: [ app_end ] --END-- [ RunTime:0.000087s ]

[ 2017-08-04T17:37:31+08:00 ] 101.81.119.26 /index.php/Admin/Order/returntrain
INFO: [ app_begin ] --START--
INFO: Run Behavior\ReadHtmlCacheBehavior [ RunTime:0.000037s ]
INFO: [ app_begin ] --END-- [ RunTime:0.000078s ]
SQL: SHOW COLUMNS FROM `xueches_trainclass` [ RunTime:0.0006s ]
SQL: SELECT `id`,`name` FROM `xueches_trainclass` WHERE ( type_id='' )  [ RunTime:0.0002s ]
SQL: SHOW COLUMNS FROM `xueches_train` [ RunTime:0.0003s ]
SQL: SELECT `trainaddress_id` FROM `xueches_train` WHERE ( type_id='' ) LIMIT 1   [ RunTime:0.0002s ]
INFO: [ app_end ] --START--
INFO: Run Behavior\ShowPageTraceBehavior [ RunTime:0.000042s ]
INFO: [ app_end ] --END-- [ RunTime:0.000080s ]

[ 2017-08-04T17:37:47+08:00 ] 101.81.119.26 /index.php/Admin/Order/returntrain
INFO: [ app_begin ] --START--
INFO: Run Behavior\ReadHtmlCacheBehavior [ RunTime:0.000049s ]
INFO: [ app_begin ] --END-- [ RunTime:0.000108s ]
SQL: SHOW COLUMNS FROM `xueches_trainclass` [ RunTime:0.0009s ]
SQL: SELECT `id`,`name` FROM `xueches_trainclass` WHERE ( type_id='' )  [ RunTime:0.0002s ]
SQL: SHOW COLUMNS FROM `xueches_train` [ RunTime:0.0003s ]
SQL: SELECT `trainaddress_id` FROM `xueches_train` WHERE ( type_id='' ) LIMIT 1   [ RunTime:0.0002s ]
INFO: [ app_end ] --START--
INFO: Run Behavior\ShowPageTraceBehavior [ RunTime:0.000047s ]
INFO: [ app_end ] --END-- [ RunTime:0.000089s ]

[ 2017-08-04T18:03:52+08:00 ] 116.226.143.229 /index.php/Admin/Order/returnprices.html
INFO: [ app_begin ] --START--
INFO: Run Behavior\ReadHtmlCacheBehavior [ RunTime:0.000034s ]
INFO: [ app_begin ] --END-- [ RunTime:0.000073s ]
SQL: SHOW COLUMNS FROM `xueches_trainclass` [ RunTime:0.0008s ]
SQL: SELECT `officeprice`,`wholeprice` FROM `xueches_trainclass` WHERE ( name='C1ÁÖßÂÖ®ÂåÖÔºàÂòâÂÆöÂàÜÈÉ®Ôºâ' ) LIMIT 1   [ RunTime:0.0003s ]
INFO: [ app_end ] --START--
INFO: Run Behavior\ShowPageTraceBehavior [ RunTime:0.000041s ]
INFO: [ app_end ] --END-- [ RunTime:0.000081s ]

[ 2017-08-04T18:03:54+08:00 ] 116.226.143.229 /index.php/Admin/Order/returnprices.html
INFO: [ app_begin ] --START--
INFO: Run Behavior\ReadHtmlCacheBehavior [ RunTime:0.000033s ]
INFO: [ app_begin ] --END-- [ RunTime:0.000074s ]
SQL: SHOW COLUMNS FROM `xueches_trainclass` [ RunTime:0.0006s ]
SQL: SELECT `officeprice`,`wholeprice` FROM `xueches_trainclass` WHERE ( name='C2ÁÖßÂÖ®ÂåÖÔºàÂÆùÂ±±Âå∫ÂüüÔºâ' ) LIMIT 1   [ RunTime:0.0003s ]
INFO: [ app_end ] --START--
INFO: Run Behavior\ShowPageTraceBehavior [ RunTime:0.000053s ]
INFO: [ app_end ] --END-- [ RunTime:0.000107s ]

[ 2017-08-04T18:03:56+08:00 ] 116.226.143.229 /index.php/Admin/Order/returnprices.html
INFO: [ app_begin ] --START--
INFO: Run Behavior\ReadHtmlCacheBehavior [ RunTime:0.000036s ]
INFO: [ app_begin ] --END-- [ RunTime:0.000077s ]
SQL: SHOW COLUMNS FROM `xueches_trainclass` [ RunTime:0.0007s ]
SQL: SELECT `officeprice`,`wholeprice` FROM `xueches_trainclass` WHERE ( name='B1ÂÖ®ÂåÖ(Âë®Êú´Áè≠)' ) LIMIT 1   [ RunTime:0.0004s ]
INFO: [ app_end ] --START--
INFO: Run Behavior\ShowPageTraceBehavior [ RunTime:0.000084s ]
INFO: [ app_end ] --END-- [ RunTime:0.000141s ]

[ 2017-08-04T18:03:58+08:00 ] 116.226.143.229 /index.php/Admin/Order/returnprices.html
INFO: [ app_begin ] --START--
INFO: Run Behavior\ReadHtmlCacheBehavior [ RunTime:0.000040s ]
INFO: [ app_begin ] --END-- [ RunTime:0.000085s ]
SQL: SHOW COLUMNS FROM `xueches_trainclass` [ RunTime:0.0006s ]
SQL: SELECT `officeprice`,`wholeprice` FROM `xueches_trainclass` WHERE ( name='C2ÁÖßÂÖ®ÂåÖ' ) LIMIT 1   [ RunTime:0.0003s ]
INFO: [ app_end ] --START--
INFO: Run Behavior\ShowPageTraceBehavior [ RunTime:0.000045s ]
INFO: [ app_end ] --END-- [ RunTime:0.000093s ]

[ 2017-08-04T18:04:03+08:00 ] 116.226.143.229 /index.php/Admin/Order/returnprices.html
INFO: [ app_begin ] --START--
INFO: Run Behavior\ReadHtmlCacheBehavior [ RunTime:0.000059s ]
INFO: [ app_begin ] --END-- [ RunTime:0.000124s ]
SQL: SHOW COLUMNS FROM `xueches_trainclass` [ RunTime:0.0009s ]
SQL: SELECT `officeprice`,`wholeprice` FROM `xueches_trainclass` WHERE ( name='B1ÂÖ®ÂåÖ(Âë®Êú´Áè≠)' ) LIMIT 1   [ RunTime:0.0003s ]
INFO: [ app_end ] --START--
INFO: Run Behavior\ShowPageTraceBehavior [ RunTime:0.000047s ]
INFO: [ app_end ] --END-- [ RunTime:0.000087s ]

[ 2017-08-04T18:04:09+08:00 ] 116.226.143.229 /index.php/Admin/Order/returntrain
INFO: [ app_begin ] --START--
INFO: Run Behavior\ReadHtmlCacheBehavior [ RunTime:0.000034s ]
INFO: [ app_begin ] --END-- [ RunTime:0.000074s ]
SQL: SHOW COLUMNS FROM `xueches_trainclass` [ RunTime:0.0006s ]
ERR: 1054:Unknown column '' in 'field list'
 [ SQLËØ≠Âè• ] : SELECT `id`,`name`,`` FROM `xueches_trainclass` WHERE ( type_id='2' ) 
ERR: 1054:Unknown column '' in 'field list'
 [ SQLËØ≠Âè• ] : SELECT `id`,`name`,`` FROM `xueches_trainclass` WHERE ( type_id='2' ) 

[ 2017-08-04T18:04:14+08:00 ] 116.226.143.229 /index.php/Admin/Order/returntrain
INFO: [ app_begin ] --START--
INFO: Run Behavior\ReadHtmlCacheBehavior [ RunTime:0.000035s ]
INFO: [ app_begin ] --END-- [ RunTime:0.000075s ]
SQL: SHOW COLUMNS FROM `xueches_trainclass` [ RunTime:0.0006s ]
ERR: 1054:Unknown column '' in 'field list'
 [ SQLËØ≠Âè• ] : SELECT `id`,`name`,`` FROM `xueches_trainclass` WHERE ( type_id='4' ) 
ERR: 1054:Unknown column '' in 'field list'
 [ SQLËØ≠Âè• ] : SELECT `id`,`name`,`` FROM `xueches_trainclass` WHERE ( type_id='4' ) 

[ 2017-08-04T18:05:20+08:00 ] 116.226.143.229 /index.php/Admin/Order/returntrain
INFO: [ app_begin ] --START--
INFO: Run Behavior\ReadHtmlCacheBehavior [ RunTime:0.000033s ]
INFO: [ app_begin ] --END-- [ RunTime:0.000076s ]
SQL: SHOW COLUMNS FROM `xueches_trainclass` [ RunTime:0.0006s ]
ERR: 1054:Unknown column '' in 'field list'
 [ SQLËØ≠Âè• ] : SELECT `id`,`name`,`` FROM `xueches_trainclass` WHERE ( type_id='2' ) 
ERR: 1054:Unknown column '' in 'field list'
 [ SQLËØ≠Âè• ] : SELECT `id`,`name`,`` FROM `xueches_trainclass` WHERE ( type_id='2' ) 

[ 2017-08-04T18:05:39+08:00 ] 116.226.143.229 /index.php/Admin/Order/returntrain
INFO: [ app_begin ] --START--
INFO: Run Behavior\ReadHtmlCacheBehavior [ RunTime:0.000042s ]
INFO: [ app_begin ] --END-- [ RunTime:0.000106s ]
SQL: SHOW COLUMNS FROM `xueches_trainclass` [ RunTime:0.0006s ]
ERR: 1054:Unknown column '' in 'field list'
 [ SQLËØ≠Âè• ] : SELECT `id`,`name`,`` FROM `xueches_trainclass` WHERE ( type_id='3' ) 
ERR: 1054:Unknown column '' in 'field list'
 [ SQLËØ≠Âè• ] : SELECT `id`,`name`,`` FROM `xueches_trainclass` WHERE ( type_id='3' ) 

[ 2017-08-04T18:06:33+08:00 ] 116.226.143.229 /index.php/Admin/Order/returntrain
INFO: [ app_begin ] --START--
INFO: Run Behavior\ReadHtmlCacheBehavior [ RunTime:0.000031s ]
INFO: [ app_begin ] --END-- [ RunTime:0.000070s ]
SQL: SHOW COLUMNS FROM `xueches_trainclass` [ RunTime:0.0006s ]
SQL: SELECT `id`,`name` FROM `xueches_trainclass` WHERE ( type_id='2' )  [ RunTime:0.0003s ]
SQL: SHOW COLUMNS FROM `xueches_train` [ RunTime:0.0004s ]
SQL: SELECT `trainaddress_id` FROM `xueches_train` WHERE ( type_id='2' ) LIMIT 1   [ RunTime:0.0002s ]
SQL: SHOW COLUMNS FROM `xueches_trainaddress` [ RunTime:0.0003s ]
SQL: SELECT `id`,`trname` FROM `xueches_trainaddress` WHERE ( id in (57) )  [ RunTime:0.0002s ]
INFO: [ app_end ] --START--
INFO: Run Behavior\ShowPageTraceBehavior [ RunTime:0.000060s ]
INFO: [ app_end ] --END-- [ RunTime:0.000104s ]

[ 2017-08-04T18:06:38+08:00 ] 116.226.143.229 /index.php/Admin/Order/returntrain
INFO: [ app_begin ] --START--
INFO: Run Behavior\ReadHtmlCacheBehavior [ RunTime:0.000060s ]
INFO: [ app_begin ] --END-- [ RunTime:0.000107s ]
SQL: SHOW COLUMNS FROM `xueches_trainclass` [ RunTime:0.0008s ]
SQL: SELECT `id`,`name` FROM `xueches_trainclass` WHERE ( type_id='1' )  [ RunTime:0.0004s ]
SQL: SHOW COLUMNS FROM `xueches_train` [ RunTime:0.0004s ]
SQL: SELECT `trainaddress_id` FROM `xueches_train` WHERE ( type_id='1' ) LIMIT 1   [ RunTime:0.0002s ]
SQL: SHOW COLUMNS FROM `xueches_trainaddress` [ RunTime:0.0004s ]
SQL: SELECT `id`,`trname` FROM `xueches_trainaddress` WHERE ( id in (1,2,3,4
) )  [ RunTime:0.0002s ]
INFO: [ app_end ] --START--
INFO: Run Behavior\ShowPageTraceBehavior [ RunTime:0.000041s ]
INFO: [ app_end ] --END-- [ RunTime:0.000081s ]

[ 2017-08-04T18:06:43+08:00 ] 116.226.143.229 /index.php/Admin/Order/returntrain
INFO: [ app_begin ] --START--
INFO: Run Behavior\ReadHtmlCacheBehavior [ RunTime:0.000036s ]
INFO: [ app_begin ] --END-- [ RunTime:0.000076s ]
SQL: SHOW COLUMNS FROM `xueches_trainclass` [ RunTime:0.0006s ]
SQL: SELECT `id`,`name` FROM `xueches_trainclass` WHERE ( type_id='3' )  [ RunTime:0.0003s ]
SQL: SHOW COLUMNS FROM `xueches_train` [ RunTime:0.0003s ]
SQL: SELECT `trainaddress_id` FROM `xueches_train` WHERE ( type_id='3' ) LIMIT 1   [ RunTime:0.0002s ]
SQL: SHOW COLUMNS FROM `xueches_trainaddress` [ RunTime:0.0003s ]
SQL: SELECT `id`,`trname` FROM `xueches_trainaddress` WHERE ( id in (11) )  [ RunTime:0.0002s ]
INFO: [ app_end ] --START--
INFO: Run Behavior\ShowPageTraceBehavior [ RunTime:0.000040s ]
INFO: [ app_end ] --END-- [ RunTime:0.000078s ]

[ 2017-08-04T18:06:46+08:00 ] 116.226.143.229 /index.php/Admin/Order/returntrain
INFO: [ app_begin ] --START--
INFO: Run Behavior\ReadHtmlCacheBehavior [ RunTime:0.000039s ]
INFO: [ app_begin ] --END-- [ RunTime:0.000080s ]
SQL: SHOW COLUMNS FROM `xueches_trainclass` [ RunTime:0.0007s ]
SQL: SELECT `id`,`name` FROM `xueches_trainclass` WHERE ( type_id='5' )  [ RunTime:0.0003s ]
SQL: SHOW COLUMNS FROM `xueches_train` [ RunTime:0.0004s ]
SQL: SELECT `trainaddress_id` FROM `xueches_train` WHERE ( type_id='5' ) LIMIT 1   [ RunTime:0.0002s ]
SQL: SHOW COLUMNS FROM `xueches_trainaddress` [ RunTime:0.0003s ]
SQL: SELECT `id`,`trname` FROM `xueches_trainaddress` WHERE ( id in (6) )  [ RunTime:0.0002s ]
INFO: [ app_end ] --START--
INFO: Run Behavior\ShowPageTraceBehavior [ RunTime:0.000041s ]
INFO: [ app_end ] --END-- [ RunTime:0.000080s ]

[ 2017-08-04T18:07:16+08:00 ] 116.226.143.229 /index.php/Admin/Order/returnprices.html
INFO: [ app_begin ] --START--
INFO: Run Behavior\ReadHtmlCacheBehavior [ RunTime:0.000034s ]
INFO: [ app_begin ] --END-- [ RunTime:0.000074s ]
SQL: SHOW COLUMNS FROM `xueches_trainclass` [ RunTime:0.0006s ]
SQL: SELECT `officeprice`,`wholeprice` FROM `xueches_trainclass` WHERE ( name='C1ÂÖ®ÂåÖ(2Âë®ÂÆâÊéí‰∫§ËßÑËÄÉËØïÔºâ' ) LIMIT 1   [ RunTime:0.0002s ]
INFO: [ app_end ] --START--
INFO: Run Behavior\ShowPageTraceBehavior [ RunTime:0.000049s ]
INFO: [ app_end ] --END-- [ RunTime:0.000093s ]

[ 2017-08-04T18:07:17+08:00 ] 116.226.143.229 /index.php/Admin/Order/returnprices.html
INFO: [ app_begin ] --START--
INFO: Run Behavior\ReadHtmlCacheBehavior [ RunTime:0.000032s ]
INFO: [ app_begin ] --END-- [ RunTime:0.000073s ]
SQL: SHOW COLUMNS FROM `xueches_trainclass` [ RunTime:0.0007s ]
SQL: SELECT `officeprice`,`wholeprice` FROM `xueches_trainclass` WHERE ( name='C1ÂÖ®ÂåÖ(2Âë®ËÄÉËØï)' ) LIMIT 1   [ RunTime:0.0003s ]
INFO: [ app_end ] --START--
INFO: Run Behavior\ShowPageTraceBehavior [ RunTime:0.000036s ]
INFO: [ app_end ] --END-- [ RunTime:0.000075s ]

[ 2017-08-04T18:07:20+08:00 ] 116.226.143.229 /index.php/Admin/Order/returnprices.html
INFO: [ app_begin ] --START--
INFO: Run Behavior\ReadHtmlCacheBehavior [ RunTime:0.000034s ]
INFO: [ app_begin ] --END-- [ RunTime:0.000075s ]
SQL: SHOW COLUMNS FROM `xueches_trainclass` [ RunTime:0.0006s ]
SQL: SELECT `officeprice`,`wholeprice` FROM `xueches_trainclass` WHERE ( name='A2ÁÖßÂÖ®ÂåÖ' ) LIMIT 1   [ RunTime:0.0002s ]
INFO: [ app_end ] --START--
INFO: Run Behavior\ShowPageTraceBehavior [ RunTime:0.000049s ]
INFO: [ app_end ] --END-- [ RunTime:0.000097s ]

[ 2017-08-04T18:07:23+08:00 ] 116.226.143.229 /index.php/Admin/Order/returntrain
INFO: [ app_begin ] --START--
INFO: Run Behavior\ReadHtmlCacheBehavior [ RunTime:0.000034s ]
INFO: [ app_begin ] --END-- [ RunTime:0.000073s ]
SQL: SHOW COLUMNS FROM `xueches_trainclass` [ RunTime:0.0006s ]
SQL: SELECT `id`,`name` FROM `xueches_trainclass` WHERE ( type_id='2' )  [ RunTime:0.0003s ]
SQL: SHOW COLUMNS FROM `xueches_train` [ RunTime:0.0003s ]
SQL: SELECT `trainaddress_id` FROM `xueches_train` WHERE ( type_id='2' ) LIMIT 1   [ RunTime:0.0002s ]
SQL: SHOW COLUMNS FROM `xueches_trainaddress` [ RunTime:0.0003s ]
SQL: SELECT `id`,`trname` FROM `xueches_trainaddress` WHERE ( id in (57) )  [ RunTime:0.0002s ]
INFO: [ app_end ] --START--
INFO: Run Behavior\ShowPageTraceBehavior [ RunTime:0.000042s ]
INFO: [ app_end ] --END-- [ RunTime:0.000080s ]

[ 2017-08-04T18:07:25+08:00 ] 116.226.143.229 /index.php/Admin/Order/returnprices.html
INFO: [ app_begin ] --START--
INFO: Run Behavior\ReadHtmlCacheBehavior [ RunTime:0.000038s ]
INFO: [ app_begin ] --END-- [ RunTime:0.000086s ]
SQL: SHOW COLUMNS FROM `xueches_trainclass` [ RunTime:0.0006s ]
SQL: SELECT `officeprice`,`wholeprice` FROM `xueches_trainclass` WHERE ( name='C1ÁÖßÂÖ®ÂåÖ' ) LIMIT 1   [ RunTime:0.0003s ]
INFO: [ app_end ] --START--
INFO: Run Behavior\ShowPageTraceBehavior [ RunTime:0.000036s ]
INFO: [ app_end ] --END-- [ RunTime:0.000076s ]

[ 2017-08-04T18:07:32+08:00 ] 116.226.143.229 /index.php/Admin/Order/returntrain
INFO: [ app_begin ] --START--
INFO: Run Behavior\ReadHtmlCacheBehavior [ RunTime:0.000037s ]
INFO: [ app_begin ] --END-- [ RunTime:0.000078s ]
SQL: SHOW COLUMNS FROM `xueches_trainclass` [ RunTime:0.0006s ]
SQL: SELECT `id`,`name` FROM `xueches_trainclass` WHERE ( type_id='16' )  [ RunTime:0.0003s ]
SQL: SHOW COLUMNS FROM `xueches_train` [ RunTime:0.0003s ]
SQL: SELECT `trainaddress_id` FROM `xueches_train` WHERE ( type_id='16' ) LIMIT 1   [ RunTime:0.0002s ]
SQL: SHOW COLUMNS FROM `xueches_trainaddress` [ RunTime:0.0003s ]
SQL: SELECT `id`,`trname` FROM `xueches_trainaddress` WHERE ( id in (3) )  [ RunTime:0.0002s ]
INFO: [ app_end ] --START--
INFO: Run Behavior\ShowPageTraceBehavior [ RunTime:0.000050s ]
INFO: [ app_end ] --END-- [ RunTime:0.000090s ]

[ 2017-08-04T18:07:35+08:00 ] 116.226.143.229 /index.php/Admin/Order/returnprices.html
INFO: [ app_begin ] --START--
INFO: Run Behavior\ReadHtmlCacheBehavior [ RunTime:0.000043s ]
INFO: [ app_begin ] --END-- [ RunTime:0.000084s ]
SQL: SHOW COLUMNS FROM `xueches_trainclass` [ RunTime:0.0007s ]
SQL: SELECT `officeprice`,`wholeprice` FROM `xueches_trainclass` WHERE ( name='C1ÁÖßÂÖ®ÂåÖÔºàÂ§ñÂú∞Ôºâ' ) LIMIT 1   [ RunTime:0.0003s ]
INFO: [ app_end ] --START--
INFO: Run Behavior\ShowPageTraceBehavior [ RunTime:0.000054s ]
INFO: [ app_end ] --END-- [ RunTime:0.000105s ]

[ 2017-08-04T18:07:38+08:00 ] 116.226.143.229 /index.php/Admin/Order/returntrain
INFO: [ app_begin ] --START--
INFO: Run Behavior\ReadHtmlCacheBehavior [ RunTime:0.000034s ]
INFO: [ app_begin ] --END-- [ RunTime:0.000075s ]
SQL: SHOW COLUMNS FROM `xueches_trainclass` [ RunTime:0.0006s ]
SQL: SELECT `id`,`name` FROM `xueches_trainclass` WHERE ( type_id='1' )  [ RunTime:0.0003s ]
SQL: SHOW COLUMNS FROM `xueches_train` [ RunTime:0.0003s ]
SQL: SELECT `trainaddress_id` FROM `xueches_train` WHERE ( type_id='1' ) LIMIT 1   [ RunTime:0.0002s ]
SQL: SHOW COLUMNS FROM `xueches_trainaddress` [ RunTime:0.0003s ]
SQL: SELECT `id`,`trname` FROM `xueches_trainaddress` WHERE ( id in (1,2,3,4
) )  [ RunTime:0.0002s ]
INFO: [ app_end ] --START--
INFO: Run Behavior\ShowPageTraceBehavior [ RunTime:0.000040s ]
INFO: [ app_end ] --END-- [ RunTime:0.000080s ]

[ 2017-08-04T18:07:40+08:00 ] 116.226.143.229 /index.php/Admin/Order/returnprices.html
INFO: [ app_begin ] --START--
INFO: Run Behavior\ReadHtmlCacheBehavior [ RunTime:0.000030s ]
INFO: [ app_begin ] --END-- [ RunTime:0.000070s ]
SQL: SHOW COLUMNS FROM `xueches_trainclass` [ RunTime:0.0006s ]
SQL: SELECT `officeprice`,`wholeprice` FROM `xueches_trainclass` WHERE ( name='C1ÂÖ®ÂåÖ(2Âë®ËÄÉËØï)' ) LIMIT 1   [ RunTime:0.0002s ]
INFO: [ app_end ] --START--
INFO: Run Behavior\ShowPageTraceBehavior [ RunTime:0.000037s ]
INFO: [ app_end ] --END-- [ RunTime:0.000089s ]

[ 2017-08-04T18:08:17+08:00 ] 116.226.143.229 /index.php/Admin/Order/returntrain
INFO: [ app_begin ] --START--
INFO: Run Behavior\ReadHtmlCacheBehavior [ RunTime:0.000038s ]
INFO: [ app_begin ] --END-- [ RunTime:0.000086s ]
SQL: SHOW COLUMNS FROM `xueches_trainclass` [ RunTime:0.0006s ]
SQL: SELECT `id`,`name` FROM `xueches_trainclass` WHERE ( type_id='2' )  [ RunTime:0.0003s ]
SQL: SHOW COLUMNS FROM `xueches_train` [ RunTime:0.0003s ]
SQL: SELECT `trainaddress_id` FROM `xueches_train` WHERE ( type_id='2' ) LIMIT 1   [ RunTime:0.0002s ]
SQL: SHOW COLUMNS FROM `xueches_trainaddress` [ RunTime:0.0003s ]
SQL: SELECT `id`,`trname` FROM `xueches_trainaddress` WHERE ( id in (57) )  [ RunTime:0.0002s ]
INFO: [ app_end ] --START--
INFO: Run Behavior\ShowPageTraceBehavior [ RunTime:0.000044s ]
INFO: [ app_end ] --END-- [ RunTime:0.000094s ]

[ 2017-08-04T18:08:20+08:00 ] 116.226.143.229 /index.php/Admin/Order/returnprices.html
INFO: [ app_begin ] --START--
INFO: Run Behavior\ReadHtmlCacheBehavior [ RunTime:0.000036s ]
INFO: [ app_begin ] --END-- [ RunTime:0.000092s ]
SQL: SHOW COLUMNS FROM `xueches_trainclass` [ RunTime:0.0007s ]
SQL: SELECT `officeprice`,`wholeprice` FROM `xueches_trainclass` WHERE ( name='C1ÁÖßÂÖ®ÂåÖ' ) LIMIT 1   [ RunTime:0.0002s ]
INFO: [ app_end ] --START--
INFO: Run Behavior\ShowPageTraceBehavior [ RunTime:0.000039s ]
INFO: [ app_end ] --END-- [ RunTime:0.000077s ]

[ 2017-08-04T18:08:31+08:00 ] 116.226.143.229 /index.php/Admin/Order/returntrain
INFO: [ app_begin ] --START--
INFO: Run Behavior\ReadHtmlCacheBehavior [ RunTime:0.000036s ]
INFO: [ app_begin ] --END-- [ RunTime:0.000076s ]
SQL: SHOW COLUMNS FROM `xueches_trainclass` [ RunTime:0.0007s ]
SQL: SELECT `id`,`name` FROM `xueches_trainclass` WHERE ( type_id='1' )  [ RunTime:0.0003s ]
SQL: SHOW COLUMNS FROM `xueches_train` [ RunTime:0.0004s ]
SQL: SELECT `trainaddress_id` FROM `xueches_train` WHERE ( type_id='1' ) LIMIT 1   [ RunTime:0.0003s ]
SQL: SHOW COLUMNS FROM `xueches_trainaddress` [ RunTime:0.0007s ]
SQL: SELECT `id`,`trname` FROM `xueches_trainaddress` WHERE ( id in (1,2,3,4
) )  [ RunTime:0.0003s ]
INFO: [ app_end ] --START--
INFO: Run Behavior\ShowPageTraceBehavior [ RunTime:0.000067s ]
INFO: [ app_end ] --END-- [ RunTime:0.000130s ]

[ 2017-08-04T18:08:33+08:00 ] 116.226.143.229 /index.php/Admin/Order/returntrain
INFO: [ app_begin ] --START--
INFO: Run Behavior\ReadHtmlCacheBehavior [ RunTime:0.000032s ]
INFO: [ app_begin ] --END-- [ RunTime:0.000073s ]
SQL: SHOW COLUMNS FROM `xueches_trainclass` [ RunTime:0.0006s ]
SQL: SELECT `id`,`name` FROM `xueches_trainclass` WHERE ( type_id='2' )  [ RunTime:0.0008s ]
SQL: SHOW COLUMNS FROM `xueches_train` [ RunTime:0.0005s ]
SQL: SELECT `trainaddress_id` FROM `xueches_train` WHERE ( type_id='2' ) LIMIT 1   [ RunTime:0.0003s ]
SQL: SHOW COLUMNS FROM `xueches_trainaddress` [ RunTime:0.0003s ]
SQL: SELECT `id`,`trname` FROM `xueches_trainaddress` WHERE ( id in (57) )  [ RunTime:0.0002s ]
INFO: [ app_end ] --START--
INFO: Run Behavior\ShowPageTraceBehavior [ RunTime:0.000038s ]
INFO: [ app_end ] --END-- [ RunTime:0.000079s ]

[ 2017-08-04T18:08:35+08:00 ] 116.226.143.229 /index.php/Admin/Order/returnprices.html
INFO: [ app_begin ] --START--
INFO: Run Behavior\ReadHtmlCacheBehavior [ RunTime:0.000049s ]
INFO: [ app_begin ] --END-- [ RunTime:0.000111s ]
SQL: SHOW COLUMNS FROM `xueches_trainclass` [ RunTime:0.0009s ]
SQL: SELECT `officeprice`,`wholeprice` FROM `xueches_trainclass` WHERE ( name='C1ÁÖßÂÖ®ÂåÖ' ) LIMIT 1   [ RunTime:0.0004s ]
INFO: [ app_end ] --START--
INFO: Run Behavior\ShowPageTraceBehavior [ RunTime:0.000047s ]
INFO: [ app_end ] --END-- [ RunTime:0.000086s ]

[ 2017-08-04T18:09:08+08:00 ] 116.226.143.229 /index.php/Admin/Order/returntrain
INFO: [ app_begin ] --START--
INFO: Run Behavior\ReadHtmlCacheBehavior [ RunTime:0.000055s ]
INFO: [ app_begin ] --END-- [ RunTime:0.000097s ]
SQL: SHOW COLUMNS FROM `xueches_trainclass` [ RunTime:0.0007s ]
SQL: SELECT `id`,`name` FROM `xueches_trainclass` WHERE ( type_id='2' )  [ RunTime:0.0003s ]
SQL: SHOW COLUMNS FROM `xueches_train` [ RunTime:0.0004s ]
SQL: SELECT `trainaddress_id` FROM `xueches_train` WHERE ( type_id='2' ) LIMIT 1   [ RunTime:0.0003s ]
SQL: SHOW COLUMNS FROM `xueches_trainaddress` [ RunTime:0.0003s ]
SQL: SELECT `id`,`trname` FROM `xueches_trainaddress` WHERE ( id in (57) )  [ RunTime:0.0002s ]
INFO: [ app_end ] --START--
INFO: Run Behavior\ShowPageTraceBehavior [ RunTime:0.000043s ]
INFO: [ app_end ] --END-- [ RunTime:0.000082s ]

[ 2017-08-04T18:09:14+08:00 ] 116.226.143.229 /index.php/Admin/Order/returnprices.html
INFO: [ app_begin ] --START--
INFO: Run Behavior\ReadHtmlCacheBehavior [ RunTime:0.000035s ]
INFO: [ app_begin ] --END-- [ RunTime:0.000076s ]
SQL: SHOW COLUMNS FROM `xueches_trainclass` [ RunTime:0.0006s ]
SQL: SELECT `officeprice`,`wholeprice` FROM `xueches_trainclass` WHERE ( name='C1ÁÖßÂÖ®ÂåÖ' ) LIMIT 1   [ RunTime:0.0003s ]
INFO: [ app_end ] --START--
INFO: Run Behavior\ShowPageTraceBehavior [ RunTime:0.000077s ]
INFO: [ app_end ] --END-- [ RunTime:0.000117s ]

[ 2017-08-04T18:10:55+08:00 ] 116.226.143.229 /index.php/Admin/Order/returnprices.html
INFO: [ app_begin ] --START--
INFO: Run Behavior\ReadHtmlCacheBehavior [ RunTime:0.000051s ]
INFO: [ app_begin ] --END-- [ RunTime:0.000097s ]
SQL: SHOW COLUMNS FROM `xueches_trainclass` [ RunTime:0.0007s ]
SQL: SELECT `officeprice`,`wholeprice` FROM `xueches_trainclass` WHERE ( name='C2ÁÖßÂÖ®ÂåÖÔºàÂ•âË¥§Âå∫ÂüüÔºâ' ) LIMIT 1   [ RunTime:0.0003s ]
INFO: [ app_end ] --START--
INFO: Run Behavior\ShowPageTraceBehavior [ RunTime:0.000046s ]
INFO: [ app_end ] --END-- [ RunTime:0.000091s ]

[ 2017-08-04T18:10:58+08:00 ] 116.226.143.229 /index.php/Admin/Order/returnprices.html
INFO: [ app_begin ] --START--
INFO: Run Behavior\ReadHtmlCacheBehavior [ RunTime:0.000036s ]
INFO: [ app_begin ] --END-- [ RunTime:0.000077s ]
SQL: SHOW COLUMNS FROM `xueches_trainclass` [ RunTime:0.0006s ]
SQL: SELECT `officeprice`,`wholeprice` FROM `xueches_trainclass` WHERE ( name='C1ÂÖ®ÂåÖ(2Âë®ÂÆâÊéí‰∫§ËßÑËÄÉËØïÔºâ' ) LIMIT 1   [ RunTime:0.0003s ]
INFO: [ app_end ] --START--
INFO: Run Behavior\ShowPageTraceBehavior [ RunTime:0.000046s ]
INFO: [ app_end ] --END-- [ RunTime:0.000095s ]

[ 2017-08-04T18:11:06+08:00 ] 116.226.143.229 /index.php/Admin/Order/returnprices.html
INFO: [ app_begin ] --START--
INFO: Run Behavior\ReadHtmlCacheBehavior [ RunTime:0.000056s ]
INFO: [ app_begin ] --END-- [ RunTime:0.000122s ]
SQL: SHOW COLUMNS FROM `xueches_trainclass` [ RunTime:0.0007s ]
SQL: SELECT `officeprice`,`wholeprice` FROM `xueches_trainclass` WHERE ( name='A1 ÂÖ®ÂåÖ' ) LIMIT 1   [ RunTime:0.0003s ]
INFO: [ app_end ] --START--
INFO: Run Behavior\ShowPageTraceBehavior [ RunTime:0.000044s ]
INFO: [ app_end ] --END-- [ RunTime:0.000082s ]

[ 2017-08-04T18:11:10+08:00 ] 116.226.143.229 /index.php/Admin/Order/returntrain
INFO: [ app_begin ] --START--
INFO: Run Behavior\ReadHtmlCacheBehavior [ RunTime:0.000045s ]
INFO: [ app_begin ] --END-- [ RunTime:0.000099s ]
SQL: SHOW COLUMNS FROM `xueches_trainclass` [ RunTime:0.0006s ]
SQL: SELECT `id`,`name` FROM `xueches_trainclass` WHERE ( type_id='2' )  [ RunTime:0.0004s ]
SQL: SHOW COLUMNS FROM `xueches_train` [ RunTime:0.0004s ]
SQL: SELECT `trainaddress_id` FROM `xueches_train` WHERE ( type_id='2' ) LIMIT 1   [ RunTime:0.0002s ]
SQL: SHOW COLUMNS FROM `xueches_trainaddress` [ RunTime:0.0003s ]
SQL: SELECT `id`,`trname` FROM `xueches_trainaddress` WHERE ( id in (57) )  [ RunTime:0.0002s ]
INFO: [ app_end ] --START--
INFO: Run Behavior\ShowPageTraceBehavior [ RunTime:0.000056s ]
INFO: [ app_end ] --END-- [ RunTime:0.000104s ]

[ 2017-08-04T18:11:16+08:00 ] 116.226.143.229 /index.php/Admin/Order/returnprices.html
INFO: [ app_begin ] --START--
INFO: Run Behavior\ReadHtmlCacheBehavior [ RunTime:0.000038s ]
INFO: [ app_begin ] --END-- [ RunTime:0.000096s ]
SQL: SHOW COLUMNS FROM `xueches_trainclass` [ RunTime:0.0006s ]
SQL: SELECT `officeprice`,`wholeprice` FROM `xueches_trainclass` WHERE ( name='C1ÁÖßÂÖ®ÂåÖ' ) LIMIT 1   [ RunTime:0.0003s ]
INFO: [ app_end ] --START--
INFO: Run Behavior\ShowPageTraceBehavior [ RunTime:0.000047s ]
INFO: [ app_end ] --END-- [ RunTime:0.000095s ]

[ 2017-08-04T18:11:49+08:00 ] 116.226.143.229 /index.php/Admin/Order/returntrain
INFO: [ app_begin ] --START--
INFO: Run Behavior\ReadHtmlCacheBehavior [ RunTime:0.000058s ]
INFO: [ app_begin ] --END-- [ RunTime:0.000126s ]
SQL: SHOW COLUMNS FROM `xueches_trainclass` [ RunTime:0.0007s ]
SQL: SELECT `id`,`name` FROM `xueches_trainclass` WHERE ( type_id='1' )  [ RunTime:0.0004s ]
SQL: SHOW COLUMNS FROM `xueches_train` [ RunTime:0.0003s ]
SQL: SELECT `trainaddress_id` FROM `xueches_train` WHERE ( type_id='1' ) LIMIT 1   [ RunTime:0.0002s ]
SQL: SHOW COLUMNS FROM `xueches_trainaddress` [ RunTime:0.0003s ]
SQL: SELECT `id`,`trname` FROM `xueches_trainaddress` WHERE ( id in (1,2,3,4
) )  [ RunTime:0.0002s ]
INFO: [ app_end ] --START--
INFO: Run Behavior\ShowPageTraceBehavior [ RunTime:0.000049s ]
INFO: [ app_end ] --END-- [ RunTime:0.000089s ]

[ 2017-08-04T18:11:51+08:00 ] 116.226.143.229 /index.php/Admin/Order/returnprices.html
INFO: [ app_begin ] --START--
INFO: Run Behavior\ReadHtmlCacheBehavior [ RunTime:0.000047s ]
INFO: [ app_begin ] --END-- [ RunTime:0.000109s ]
SQL: SHOW COLUMNS FROM `xueches_trainclass` [ RunTime:0.0006s ]
SQL: SELECT `id`,`officeprice`,`wholeprice` FROM `xueches_trainclass` WHERE ( name='C1ÁÖßÂÖ®ÂåÖÔºàÂ•âË¥§Âü∫Âú∞Ôºâ' ) LIMIT 1   [ RunTime:0.0002s ]
INFO: [ app_end ] --START--
INFO: Run Behavior\ShowPageTraceBehavior [ RunTime:0.000036s ]
INFO: [ app_end ] --END-- [ RunTime:0.000075s ]

[ 2017-08-04T18:11:55+08:00 ] 116.226.143.229 /index.php/Admin/Order/returntrain
INFO: [ app_begin ] --START--
INFO: Run Behavior\ReadHtmlCacheBehavior [ RunTime:0.000036s ]
INFO: [ app_begin ] --END-- [ RunTime:0.000095s ]
SQL: SHOW COLUMNS FROM `xueches_trainclass` [ RunTime:0.0008s ]
SQL: SELECT `id`,`name` FROM `xueches_trainclass` WHERE ( type_id='2' )  [ RunTime:0.0003s ]
SQL: SHOW COLUMNS FROM `xueches_train` [ RunTime:0.0005s ]
SQL: SELECT `trainaddress_id` FROM `xueches_train` WHERE ( type_id='2' ) LIMIT 1   [ RunTime:0.0002s ]
SQL: SHOW COLUMNS FROM `xueches_trainaddress` [ RunTime:0.0003s ]
SQL: SELECT `id`,`trname` FROM `xueches_trainaddress` WHERE ( id in (57) )  [ RunTime:0.0002s ]
INFO: [ app_end ] --START--
INFO: Run Behavior\ShowPageTraceBehavior [ RunTime:0.000088s ]
INFO: [ app_end ] --END-- [ RunTime:0.000134s ]

[ 2017-08-04T18:11:59+08:00 ] 116.226.143.229 /index.php/Admin/Order/returnprices.html
INFO: [ app_begin ] --START--
INFO: Run Behavior\ReadHtmlCacheBehavior [ RunTime:0.000036s ]
INFO: [ app_begin ] --END-- [ RunTime:0.000077s ]
SQL: SHOW COLUMNS FROM `xueches_trainclass` [ RunTime:0.0006s ]
SQL: SELECT `id`,`officeprice`,`wholeprice` FROM `xueches_trainclass` WHERE ( name='C1ÁÖßÂÖ®ÂåÖ' ) LIMIT 1   [ RunTime:0.0002s ]
INFO: [ app_end ] --START--
INFO: Run Behavior\ShowPageTraceBehavior [ RunTime:0.000047s ]
INFO: [ app_end ] --END-- [ RunTime:0.000085s ]

[ 2017-08-04T18:15:26+08:00 ] 101.81.119.26 /index.php/Admin/Order/returnprices.html
INFO: [ app_begin ] --START--
INFO: Run Behavior\ReadHtmlCacheBehavior [ RunTime:0.000035s ]
INFO: [ app_begin ] --END-- [ RunTime:0.000073s ]
SQL: SHOW COLUMNS FROM `xueches_trainclass` [ RunTime:0.0007s ]
SQL: SELECT `id`,`officeprice`,`wholeprice` FROM `xueches_trainclass` WHERE ( name='2' ) LIMIT 1   [ RunTime:0.0006s ]
INFO: [ app_end ] --START--
INFO: Run Behavior\ShowPageTraceBehavior [ RunTime:0.000055s ]
INFO: [ app_end ] --END-- [ RunTime:0.000114s ]

[ 2017-08-04T18:15:28+08:00 ] 101.81.119.26 /index.php/Admin/Order/returntrain
INFO: [ app_begin ] --START--
INFO: Run Behavior\ReadHtmlCacheBehavior [ RunTime:0.000033s ]
INFO: [ app_begin ] --END-- [ RunTime:0.000087s ]
SQL: SHOW COLUMNS FROM `xueches_trainclass` [ RunTime:0.0006s ]
SQL: SELECT `id`,`name` FROM `xueches_trainclass` WHERE ( type_id='2' )  [ RunTime:0.0003s ]
SQL: SHOW COLUMNS FROM `xueches_train` [ RunTime:0.0004s ]
SQL: SELECT `trainaddress_id` FROM `xueches_train` WHERE ( type_id='2' ) LIMIT 1   [ RunTime:0.0002s ]
SQL: SHOW COLUMNS FROM `xueches_trainaddress` [ RunTime:0.0003s ]
SQL: SELECT `id`,`trname` FROM `xueches_trainaddress` WHERE ( id in (57) )  [ RunTime:0.0002s ]
INFO: [ app_end ] --START--
INFO: Run Behavior\ShowPageTraceBehavior [ RunTime:0.000037s ]
INFO: [ app_end ] --END-- [ RunTime:0.000076s ]

[ 2017-08-04T18:15:31+08:00 ] 101.81.119.26 /index.php/Admin/Order/returnprices.html
INFO: [ app_begin ] --START--
INFO: Run Behavior\ReadHtmlCacheBehavior [ RunTime:0.000037s ]
INFO: [ app_begin ] --END-- [ RunTime:0.000084s ]
SQL: SHOW COLUMNS FROM `xueches_trainclass` [ RunTime:0.0006s ]
SQL: SELECT `id`,`officeprice`,`wholeprice` FROM `xueches_trainclass` WHERE ( name='C1ÁÖßÂÖ®ÂåÖ' ) LIMIT 1   [ RunTime:0.0003s ]
INFO: [ app_end ] --START--
INFO: Run Behavior\ShowPageTraceBehavior [ RunTime:0.000040s ]
INFO: [ app_end ] --END-- [ RunTime:0.000080s ]

[ 2017-08-04T18:16:16+08:00 ] 101.81.119.26 /index.php/Admin/Order/returnprices.html
INFO: [ app_begin ] --START--
INFO: Run Behavior\ReadHtmlCacheBehavior [ RunTime:0.000034s ]
INFO: [ app_begin ] --END-- [ RunTime:0.000074s ]
SQL: SHOW COLUMNS FROM `xueches_trainclass` [ RunTime:0.0006s ]
SQL: SELECT `id`,`officeprice`,`wholeprice` FROM `xueches_trainclass` WHERE ( name='3' ) LIMIT 1   [ RunTime:0.0006s ]
INFO: [ app_end ] --START--
INFO: Run Behavior\ShowPageTraceBehavior [ RunTime:0.000040s ]
INFO: [ app_end ] --END-- [ RunTime:0.000078s ]

[ 2017-08-04T18:16:18+08:00 ] 101.81.119.26 /index.php/Admin/Order/returnprices.html
INFO: [ app_begin ] --START--
INFO: Run Behavior\ReadHtmlCacheBehavior [ RunTime:0.000043s ]
INFO: [ app_begin ] --END-- [ RunTime:0.000100s ]
SQL: SHOW COLUMNS FROM `xueches_trainclass` [ RunTime:0.0006s ]
SQL: SELECT `id`,`officeprice`,`wholeprice` FROM `xueches_trainclass` WHERE ( name='9' ) LIMIT 1   [ RunTime:0.0007s ]
INFO: [ app_end ] --START--
INFO: Run Behavior\ShowPageTraceBehavior [ RunTime:0.000066s ]
INFO: [ app_end ] --END-- [ RunTime:0.000131s ]

[ 2017-08-04T18:16:21+08:00 ] 101.81.119.26 /index.php/Admin/Order/returnprices.html
INFO: [ app_begin ] --START--
INFO: Run Behavior\ReadHtmlCacheBehavior [ RunTime:0.000053s ]
INFO: [ app_begin ] --END-- [ RunTime:0.000116s ]
SQL: SHOW COLUMNS FROM `xueches_trainclass` [ RunTime:0.0006s ]
SQL: SELECT `id`,`officeprice`,`wholeprice` FROM `xueches_trainclass` WHERE ( name='15' ) LIMIT 1   [ RunTime:0.0007s ]
INFO: [ app_end ] --START--
INFO: Run Behavior\ShowPageTraceBehavior [ RunTime:0.000040s ]
INFO: [ app_end ] --END-- [ RunTime:0.000092s ]

[ 2017-08-04T18:16:28+08:00 ] 101.81.119.26 /index.php/Admin/Order/returntrain
INFO: [ app_begin ] --START--
INFO: Run Behavior\ReadHtmlCacheBehavior [ RunTime:0.000034s ]
INFO: [ app_begin ] --END-- [ RunTime:0.000075s ]
SQL: SHOW COLUMNS FROM `xueches_trainclass` [ RunTime:0.0006s ]
SQL: SELECT `id`,`name` FROM `xueches_trainclass` WHERE ( type_id='2' )  [ RunTime:0.0003s ]
SQL: SHOW COLUMNS FROM `xueches_train` [ RunTime:0.0003s ]
SQL: SELECT `trainaddress_id` FROM `xueches_train` WHERE ( type_id='2' ) LIMIT 1   [ RunTime:0.0002s ]
SQL: SHOW COLUMNS FROM `xueches_trainaddress` [ RunTime:0.0003s ]
SQL: SELECT `id`,`trname` FROM `xueches_trainaddress` WHERE ( id in (57) )  [ RunTime:0.0002s ]
INFO: [ app_end ] --START--
INFO: Run Behavior\ShowPageTraceBehavior [ RunTime:0.000057s ]
INFO: [ app_end ] --END-- [ RunTime:0.000121s ]

[ 2017-08-04T18:16:31+08:00 ] 101.81.119.26 /index.php/Admin/Order/returnprices.html
INFO: [ app_begin ] --START--
INFO: Run Behavior\ReadHtmlCacheBehavior [ RunTime:0.000036s ]
INFO: [ app_begin ] --END-- [ RunTime:0.000075s ]
SQL: SHOW COLUMNS FROM `xueches_trainclass` [ RunTime:0.0006s ]
SQL: SELECT `id`,`officeprice`,`wholeprice` FROM `xueches_trainclass` WHERE ( name='17' ) LIMIT 1   [ RunTime:0.0006s ]
INFO: [ app_end ] --START--
INFO: Run Behavior\ShowPageTraceBehavior [ RunTime:0.000041s ]
INFO: [ app_end ] --END-- [ RunTime:0.000078s ]

[ 2017-08-04T18:17:19+08:00 ] 101.81.119.26 /index.php/Admin/Order/returnprices.html
INFO: [ app_begin ] --START--
INFO: Run Behavior\ReadHtmlCacheBehavior [ RunTime:0.000048s ]
INFO: [ app_begin ] --END-- [ RunTime:0.000100s ]
SQL: SHOW COLUMNS FROM `xueches_trainclass` [ RunTime:0.0009s ]
SQL: SELECT `id`,`officeprice`,`wholeprice` FROM `xueches_trainclass` WHERE ( id='4' ) LIMIT 1   [ RunTime:0.0003s ]
INFO: [ app_end ] --START--
INFO: Run Behavior\ShowPageTraceBehavior [ RunTime:0.000064s ]
INFO: [ app_end ] --END-- [ RunTime:0.000105s ]

[ 2017-08-04T18:17:22+08:00 ] 101.81.119.26 /index.php/Admin/Order/returnprices.html
INFO: [ app_begin ] --START--
INFO: Run Behavior\ReadHtmlCacheBehavior [ RunTime:0.000037s ]
INFO: [ app_begin ] --END-- [ RunTime:0.000089s ]
SQL: SHOW COLUMNS FROM `xueches_trainclass` [ RunTime:0.0007s ]
SQL: SELECT `id`,`officeprice`,`wholeprice` FROM `xueches_trainclass` WHERE ( id='13' ) LIMIT 1   [ RunTime:0.0002s ]
INFO: [ app_end ] --START--
INFO: Run Behavior\ShowPageTraceBehavior [ RunTime:0.000050s ]
INFO: [ app_end ] --END-- [ RunTime:0.000096s ]

[ 2017-08-04T18:17:25+08:00 ] 101.81.119.26 /index.php/Admin/Order/returnprices.html
INFO: [ app_begin ] --START--
INFO: Run Behavior\ReadHtmlCacheBehavior [ RunTime:0.000035s ]
INFO: [ app_begin ] --END-- [ RunTime:0.000074s ]
SQL: SHOW COLUMNS FROM `xueches_trainclass` [ RunTime:0.0006s ]
SQL: SELECT `id`,`officeprice`,`wholeprice` FROM `xueches_trainclass` WHERE ( id='15' ) LIMIT 1   [ RunTime:0.0002s ]
INFO: [ app_end ] --START--
INFO: Run Behavior\ShowPageTraceBehavior [ RunTime:0.000041s ]
INFO: [ app_end ] --END-- [ RunTime:0.000079s ]

[ 2017-08-04T18:17:27+08:00 ] 101.81.119.26 /index.php/Admin/Order/returntrain
INFO: [ app_begin ] --START--
INFO: Run Behavior\ReadHtmlCacheBehavior [ RunTime:0.000032s ]
INFO: [ app_begin ] --END-- [ RunTime:0.000074s ]
SQL: SHOW COLUMNS FROM `xueches_trainclass` [ RunTime:0.0009s ]
SQL: SELECT `id`,`name` FROM `xueches_trainclass` WHERE ( type_id='2' )  [ RunTime:0.0003s ]
SQL: SHOW COLUMNS FROM `xueches_train` [ RunTime:0.0004s ]
SQL: SELECT `trainaddress_id` FROM `xueches_train` WHERE ( type_id='2' ) LIMIT 1   [ RunTime:0.0002s ]
SQL: SHOW COLUMNS FROM `xueches_trainaddress` [ RunTime:0.0004s ]
SQL: SELECT `id`,`trname` FROM `xueches_trainaddress` WHERE ( id in (57) )  [ RunTime:0.0002s ]
INFO: [ app_end ] --START--
INFO: Run Behavior\ShowPageTraceBehavior [ RunTime:0.000042s ]
INFO: [ app_end ] --END-- [ RunTime:0.000080s ]

[ 2017-08-04T18:17:30+08:00 ] 101.81.119.26 /index.php/Admin/Order/returnprices.html
INFO: [ app_begin ] --START--
INFO: Run Behavior\ReadHtmlCacheBehavior [ RunTime:0.000035s ]
INFO: [ app_begin ] --END-- [ RunTime:0.000075s ]
SQL: SHOW COLUMNS FROM `xueches_trainclass` [ RunTime:0.0006s ]
SQL: SELECT `id`,`officeprice`,`wholeprice` FROM `xueches_trainclass` WHERE ( id='17' ) LIMIT 1   [ RunTime:0.0002s ]
INFO: [ app_end ] --START--
INFO: Run Behavior\ShowPageTraceBehavior [ RunTime:0.000048s ]
INFO: [ app_end ] --END-- [ RunTime:0.000096s ]

[ 2017-08-04T18:17:37+08:00 ] 101.81.119.26 /index.php/Admin/Order/class_update.html
ERR: 1054:Unknown column 'class_name' in 'field list'
 [ SQLËØ≠Âè• ] : SELECT `class_name` FROM `xueches_trainclass` WHERE ( id = 17 ) LIMIT 1  

[ 2017-08-04T18:18:17+08:00 ] 101.81.119.26 /index.php/Admin/Order/returntrain
INFO: [ app_begin ] --START--
INFO: Run Behavior\ReadHtmlCacheBehavior [ RunTime:0.000036s ]
INFO: [ app_begin ] --END-- [ RunTime:0.000077s ]
SQL: SHOW COLUMNS FROM `xueches_trainclass` [ RunTime:0.0007s ]
SQL: SELECT `id`,`name` FROM `xueches_trainclass` WHERE ( type_id='2' )  [ RunTime:0.0003s ]
SQL: SHOW COLUMNS FROM `xueches_train` [ RunTime:0.0004s ]
SQL: SELECT `trainaddress_id` FROM `xueches_train` WHERE ( type_id='2' ) LIMIT 1   [ RunTime:0.0003s ]
SQL: SHOW COLUMNS FROM `xueches_trainaddress` [ RunTime:0.0004s ]
SQL: SELECT `id`,`trname` FROM `xueches_trainaddress` WHERE ( id in (57) )  [ RunTime:0.0002s ]
INFO: [ app_end ] --START--
INFO: Run Behavior\ShowPageTraceBehavior [ RunTime:0.000044s ]
INFO: [ app_end ] --END-- [ RunTime:0.000083s ]

[ 2017-08-04T18:18:20+08:00 ] 101.81.119.26 /index.php/Admin/Order/returnprices.html
INFO: [ app_begin ] --START--
INFO: Run Behavior\ReadHtmlCacheBehavior [ RunTime:0.000078s ]
INFO: [ app_begin ] --END-- [ RunTime:0.000147s ]
SQL: SHOW COLUMNS FROM `xueches_trainclass` [ RunTime:0.0006s ]
SQL: SELECT `id`,`officeprice`,`wholeprice` FROM `xueches_trainclass` WHERE ( id='17' ) LIMIT 1   [ RunTime:0.0003s ]
INFO: [ app_end ] --START--
INFO: Run Behavior\ShowPageTraceBehavior [ RunTime:0.000059s ]
INFO: [ app_end ] --END-- [ RunTime:0.000123s ]

