[ 2017-08-02T10:54:11+08:00 ] 116.226.143.229 /index.php/Admin/Order/order_list.html?cityid=0&order_type=0&status=0&pay_type=1&ordcode=&nickname=&tel=&name=
ERR: 1054:Unknown column 's.pay_type' in 'where clause'
 [ SQL语句 ] : SELECT COUNT(*) AS tp_count FROM xueches_order o,xueches_school s WHERE ( o.school_id = s.id  and  s.pay_type =1 ) LIMIT 1  

[ 2017-08-02T15:34:51+08:00 ] 101.81.119.26 /index.php/Admin/Order/order_list.html?cityid=0&order_type=0&status=0&pay_type=0&create_time1=2017-07-30&create_time2=&customer=&ordcode=&nickname=&tel=&name=&class_name=0&trainaddress=
ERR: 1064:You have an error in your SQL syntax; check the manual that corresponds to your MySQL server version for the right syntax to use near 'eq 2017-07-30 ) LIMIT 1' at line 1
 [ SQL语句 ] : SELECT COUNT(*) AS tp_count FROM xueches_order o,xueches_school s WHERE ( o.school_id = s.id  and  o.create_time  eq 2017-07-30 ) LIMIT 1  

[ 2017-08-02T16:36:31+08:00 ] 116.226.143.229 /index.php/Admin/Order/order_list.html
ERR: syntax error, unexpected '' (T_ENCAPSED_AND_WHITESPACE), expecting '-' or identifier (T_STRING) or variable (T_VARIABLE) or number (T_NUM_STRING)

[ 2017-08-02T16:36:31+08:00 ] 116.226.143.229 /index.php/Admin/Order/order_list.html
ERR: syntax error, unexpected '' (T_ENCAPSED_AND_WHITESPACE), expecting '-' or identifier (T_STRING) or variable (T_VARIABLE) or number (T_NUM_STRING)

[ 2017-08-02T16:38:25+08:00 ] 116.226.143.229 /index.php/Admin/Order/order_list.html
ERR: syntax error, unexpected '' (T_ENCAPSED_AND_WHITESPACE), expecting '-' or identifier (T_STRING) or variable (T_VARIABLE) or number (T_NUM_STRING)

[ 2017-08-02T16:38:25+08:00 ] 116.226.143.229 /index.php/Admin/Order/order_list.html
ERR: syntax error, unexpected '' (T_ENCAPSED_AND_WHITESPACE), expecting '-' or identifier (T_STRING) or variable (T_VARIABLE) or number (T_NUM_STRING)

[ 2017-08-02T16:38:26+08:00 ] 116.226.143.229 /index.php/Admin/Order/order_list.html
ERR: syntax error, unexpected '' (T_ENCAPSED_AND_WHITESPACE), expecting '-' or identifier (T_STRING) or variable (T_VARIABLE) or number (T_NUM_STRING)

[ 2017-08-02T16:38:27+08:00 ] 116.226.143.229 /index.php/Admin/Order/order_list.html
ERR: syntax error, unexpected '' (T_ENCAPSED_AND_WHITESPACE), expecting '-' or identifier (T_STRING) or variable (T_VARIABLE) or number (T_NUM_STRING)

[ 2017-08-02T16:38:27+08:00 ] 116.226.143.229 /index.php/Admin/Order/order_list.html
ERR: syntax error, unexpected '' (T_ENCAPSED_AND_WHITESPACE), expecting '-' or identifier (T_STRING) or variable (T_VARIABLE) or number (T_NUM_STRING)

[ 2017-08-02T16:38:28+08:00 ] 116.226.143.229 /index.php/Admin/Order/order_list.html
ERR: syntax error, unexpected '' (T_ENCAPSED_AND_WHITESPACE), expecting '-' or identifier (T_STRING) or variable (T_VARIABLE) or number (T_NUM_STRING)

[ 2017-08-02T11:06:50+01:00 ] 116.226.143.229 /index.php/Admin/Order/order_list.html
ERR: Invalid cell coordinate 01

[ 2017-08-02T11:06:51+01:00 ] 116.226.143.229 /index.php/Admin/Order/order_list.html
ERR: Invalid cell coordinate 01

[ 2017-08-02T18:25:27+08:00 ] 116.226.143.229 /index.php/Admin/Order/order_list.html?nickname=&tel=&name=&status=&order_type=&ordcode=&cityid=&pay_type=&customer=&class_name=&trainaddress=&create_time1=&create_time2=&notify_time1=&notify_time2=&return_time1=&return_time2=
INFO: [ app_begin ] --START--
INFO: Run Behavior\ReadHtmlCacheBehavior [ RunTime:0.000035s ]
INFO: [ app_begin ] --END-- [ RunTime:0.000076s ]
SQL: SHOW COLUMNS FROM `xueches_order` [ RunTime:0.0007s ]
SQL: SHOW COLUMNS FROM `xueches_order` [ RunTime:0.0006s ]
SQL: SELECT COUNT(*) AS tp_count FROM xueches_order o,xueches_school s WHERE ( o.school_id = s.id  and  o.class_name like '%%' ) LIMIT 1   [ RunTime:0.0005s ]
SQL: SHOW COLUMNS FROM `xueches_order` [ RunTime:0.0007s ]
SQL: SELECT o.id,o.ordcode,o.create_time,o.inform,o.status,o.pay_type,o.userid,o.return_time,o.class_name,o.lastupdate,o.order_type,o.pay_type,o.return_time,o.flag,o.name,s.nickname,o.userid,o.customer,o.sex,o.trainaddress,o.tel,o.num,o.notify_time,o.customer_inform,o.create_time,o.return_time FROM xueches_order o,xueches_school s WHERE ( o.school_id = s.id  and  o.class_name like '%%' ) ORDER BY id desc LIMIT 0,10   [ RunTime:0.0004s ]
SQL: SHOW COLUMNS FROM `xueches_citys` [ RunTime:0.0003s ]
SQL: SELECT * FROM `xueches_citys` WHERE ( flag = 1 )  [ RunTime:0.0004s ]
INFO: [ view_parse ] --START--
INFO: [ template_filter ] --START--
INFO: Run Behavior\ContentReplaceBehavior [ RunTime:0.000092s ]
INFO: [ template_filter ] --END-- [ RunTime:0.000138s ]
NOTIC: [8] Undefined variable: count1 /home/webgen/xctest/Website/Runtime/Cache/Admin/1005db2084e905486b7efc58d2c784fd.php 第 32 行.
NOTIC: [8] Undefined variable: count2 /home/webgen/xctest/Website/Runtime/Cache/Admin/1005db2084e905486b7efc58d2c784fd.php 第 32 行.
INFO: Run Behavior\ParseTemplateBehavior [ RunTime:0.007652s ]
INFO: [ view_parse ] --END-- [ RunTime:0.007697s ]
INFO: [ view_filter ] --START--
INFO: Run Behavior\WriteHtmlCacheBehavior [ RunTime:0.000044s ]
INFO: [ view_filter ] --END-- [ RunTime:0.000079s ]
INFO: [ app_end ] --START--
INFO: Run Behavior\ShowPageTraceBehavior [ RunTime:0.000038s ]
INFO: [ app_end ] --END-- [ RunTime:0.000077s ]

[ 2017-08-02T18:25:28+08:00 ] 116.226.143.229 /index.php/Admin/Order/order_list.html?nickname=&tel=&name=&status=&order_type=&ordcode=&cityid=&pay_type=&customer=&class_name=&trainaddress=&create_time1=&create_time2=&notify_time1=&notify_time2=&return_time1=&return_time2=
INFO: [ app_begin ] --START--
INFO: Run Behavior\ReadHtmlCacheBehavior [ RunTime:0.000031s ]
INFO: [ app_begin ] --END-- [ RunTime:0.000087s ]
SQL: SHOW COLUMNS FROM `xueches_order` [ RunTime:0.0007s ]
SQL: SHOW COLUMNS FROM `xueches_order` [ RunTime:0.0005s ]
SQL: SELECT COUNT(*) AS tp_count FROM xueches_order o,xueches_school s WHERE ( o.school_id = s.id  and  o.class_name like '%%' ) LIMIT 1   [ RunTime:0.0004s ]
SQL: SHOW COLUMNS FROM `xueches_order` [ RunTime:0.0005s ]
SQL: SELECT o.id,o.ordcode,o.create_time,o.inform,o.status,o.pay_type,o.userid,o.return_time,o.class_name,o.lastupdate,o.order_type,o.pay_type,o.return_time,o.flag,o.name,s.nickname,o.userid,o.customer,o.sex,o.trainaddress,o.tel,o.num,o.notify_time,o.customer_inform,o.create_time,o.return_time FROM xueches_order o,xueches_school s WHERE ( o.school_id = s.id  and  o.class_name like '%%' ) ORDER BY id desc LIMIT 0,10   [ RunTime:0.0004s ]
SQL: SHOW COLUMNS FROM `xueches_citys` [ RunTime:0.0003s ]
SQL: SELECT * FROM `xueches_citys` WHERE ( flag = 1 )  [ RunTime:0.0005s ]
INFO: [ view_parse ] --START--
INFO: [ template_filter ] --START--
INFO: Run Behavior\ContentReplaceBehavior [ RunTime:0.000107s ]
INFO: [ template_filter ] --END-- [ RunTime:0.000157s ]
NOTIC: [8] Undefined variable: count1 /home/webgen/xctest/Website/Runtime/Cache/Admin/1005db2084e905486b7efc58d2c784fd.php 第 32 行.
NOTIC: [8] Undefined variable: count2 /home/webgen/xctest/Website/Runtime/Cache/Admin/1005db2084e905486b7efc58d2c784fd.php 第 32 行.
INFO: Run Behavior\ParseTemplateBehavior [ RunTime:0.008241s ]
INFO: [ view_parse ] --END-- [ RunTime:0.008290s ]
INFO: [ view_filter ] --START--
INFO: Run Behavior\WriteHtmlCacheBehavior [ RunTime:0.000039s ]
INFO: [ view_filter ] --END-- [ RunTime:0.000078s ]
INFO: [ app_end ] --START--
INFO: Run Behavior\ShowPageTraceBehavior [ RunTime:0.000036s ]
INFO: [ app_end ] --END-- [ RunTime:0.000081s ]

[ 2017-08-02T18:25:32+08:00 ] 116.226.143.229 /index.php/Admin/Order/order_list.html?nickname=&tel=&name=&status=&order_type=&ordcode=&cityid=&pay_type=&customer=&class_name=&trainaddress=&create_time1=&create_time2=&notify_time1=&notify_time2=&return_time1=&return_time2=
INFO: [ app_begin ] --START--
INFO: Run Behavior\ReadHtmlCacheBehavior [ RunTime:0.000037s ]
INFO: [ app_begin ] --END-- [ RunTime:0.000079s ]
SQL: SHOW COLUMNS FROM `xueches_order` [ RunTime:0.0007s ]
SQL: SHOW COLUMNS FROM `xueches_order` [ RunTime:0.0006s ]
SQL: SELECT COUNT(*) AS tp_count FROM xueches_order o,xueches_school s WHERE ( o.school_id = s.id  and  o.class_name like '%%' ) LIMIT 1   [ RunTime:0.0004s ]
SQL: SHOW COLUMNS FROM `xueches_order` [ RunTime:0.0005s ]
SQL: SELECT o.id,o.ordcode,o.create_time,o.inform,o.status,o.pay_type,o.userid,o.return_time,o.class_name,o.lastupdate,o.order_type,o.pay_type,o.return_time,o.flag,o.name,s.nickname,o.userid,o.customer,o.sex,o.trainaddress,o.tel,o.num,o.notify_time,o.customer_inform,o.create_time,o.return_time FROM xueches_order o,xueches_school s WHERE ( o.school_id = s.id  and  o.class_name like '%%' ) ORDER BY id desc LIMIT 0,10   [ RunTime:0.0004s ]
SQL: SHOW COLUMNS FROM `xueches_citys` [ RunTime:0.0004s ]
SQL: SELECT * FROM `xueches_citys` WHERE ( flag = 1 )  [ RunTime:0.0004s ]
INFO: [ view_parse ] --START--
INFO: [ template_filter ] --START--
INFO: Run Behavior\ContentReplaceBehavior [ RunTime:0.000092s ]
INFO: [ template_filter ] --END-- [ RunTime:0.000137s ]
NOTIC: [8] Undefined variable: count1 /home/webgen/xctest/Website/Runtime/Cache/Admin/1005db2084e905486b7efc58d2c784fd.php 第 32 行.
NOTIC: [8] Undefined variable: count2 /home/webgen/xctest/Website/Runtime/Cache/Admin/1005db2084e905486b7efc58d2c784fd.php 第 32 行.
INFO: Run Behavior\ParseTemplateBehavior [ RunTime:0.007619s ]
INFO: [ view_parse ] --END-- [ RunTime:0.007665s ]
INFO: [ view_filter ] --START--
INFO: Run Behavior\WriteHtmlCacheBehavior [ RunTime:0.000043s ]
INFO: [ view_filter ] --END-- [ RunTime:0.000078s ]
INFO: [ app_end ] --START--
INFO: Run Behavior\ShowPageTraceBehavior [ RunTime:0.000036s ]
INFO: [ app_end ] --END-- [ RunTime:0.000073s ]

[ 2017-08-02T18:26:16+08:00 ] 116.226.143.229 /index.php/Admin/Order/order_list.html?nickname=&tel=&name=&status=&order_type=&ordcode=&cityid=&pay_type=&customer=&class_name=&trainaddress=&create_time1=&create_time2=&notify_time1=&notify_time2=&return_time1=&return_time2=
INFO: [ app_begin ] --START--
INFO: Run Behavior\ReadHtmlCacheBehavior [ RunTime:0.000035s ]
INFO: [ app_begin ] --END-- [ RunTime:0.000075s ]
SQL: SHOW COLUMNS FROM `xueches_order` [ RunTime:0.0009s ]
SQL: SHOW COLUMNS FROM `xueches_order` [ RunTime:0.0007s ]
SQL: SELECT COUNT(*) AS tp_count FROM xueches_order o,xueches_school s WHERE ( o.school_id = s.id  and  o.class_name like '%%' ) LIMIT 1   [ RunTime:0.0005s ]
SQL: SHOW COLUMNS FROM `xueches_order` [ RunTime:0.0007s ]
SQL: SELECT o.id,o.ordcode,o.create_time,o.inform,o.status,o.pay_type,o.userid,o.return_time,o.class_name,o.lastupdate,o.order_type,o.pay_type,o.return_time,o.flag,o.name,s.nickname,o.userid,o.customer,o.sex,o.trainaddress,o.tel,o.num,o.notify_time,o.customer_inform,o.create_time,o.return_time FROM xueches_order o,xueches_school s WHERE ( o.school_id = s.id  and  o.class_name like '%%' ) ORDER BY id desc LIMIT 0,10   [ RunTime:0.0005s ]
SQL: SHOW COLUMNS FROM `xueches_citys` [ RunTime:0.0004s ]
SQL: SELECT * FROM `xueches_citys` WHERE ( flag = 1 )  [ RunTime:0.0004s ]
INFO: [ view_parse ] --START--
INFO: [ template_filter ] --START--
INFO: Run Behavior\ContentReplaceBehavior [ RunTime:0.000105s ]
INFO: [ template_filter ] --END-- [ RunTime:0.000153s ]
NOTIC: [8] Undefined variable: count1 /home/webgen/xctest/Website/Runtime/Cache/Admin/1005db2084e905486b7efc58d2c784fd.php 第 32 行.
NOTIC: [8] Undefined variable: count2 /home/webgen/xctest/Website/Runtime/Cache/Admin/1005db2084e905486b7efc58d2c784fd.php 第 32 行.
INFO: Run Behavior\ParseTemplateBehavior [ RunTime:0.008776s ]
INFO: [ view_parse ] --END-- [ RunTime:0.008848s ]
INFO: [ view_filter ] --START--
INFO: Run Behavior\WriteHtmlCacheBehavior [ RunTime:0.000069s ]
INFO: [ view_filter ] --END-- [ RunTime:0.000130s ]
INFO: [ app_end ] --START--
INFO: Run Behavior\ShowPageTraceBehavior [ RunTime:0.000070s ]
INFO: [ app_end ] --END-- [ RunTime:0.000138s ]

[ 2017-08-02T18:26:22+08:00 ] 116.226.143.229 /index.php/Admin/Order/order_list.html?nickname=&tel=&name=&status=&order_type=&ordcode=&cityid=&pay_type=&customer=&class_name=&trainaddress=&create_time1=&create_time2=&notify_time1=&notify_time2=&return_time1=&return_time2=
INFO: [ app_begin ] --START--
INFO: Run Behavior\ReadHtmlCacheBehavior [ RunTime:0.000058s ]
INFO: [ app_begin ] --END-- [ RunTime:0.000123s ]
SQL: SHOW COLUMNS FROM `xueches_order` [ RunTime:0.0008s ]
SQL: SHOW COLUMNS FROM `xueches_order` [ RunTime:0.0005s ]
SQL: SELECT COUNT(*) AS tp_count FROM xueches_order o,xueches_school s WHERE ( o.school_id = s.id  and  o.class_name like '%%' ) LIMIT 1   [ RunTime:0.0004s ]
SQL: SHOW COLUMNS FROM `xueches_order` [ RunTime:0.0006s ]
SQL: SELECT o.id,o.ordcode,o.create_time,o.inform,o.status,o.pay_type,o.userid,o.return_time,o.class_name,o.lastupdate,o.order_type,o.pay_type,o.return_time,o.flag,o.name,s.nickname,o.userid,o.customer,o.sex,o.trainaddress,o.tel,o.num,o.notify_time,o.customer_inform,o.create_time,o.return_time FROM xueches_order o,xueches_school s WHERE ( o.school_id = s.id  and  o.class_name like '%%' ) ORDER BY id desc LIMIT 0,10   [ RunTime:0.0005s ]
SQL: SHOW COLUMNS FROM `xueches_citys` [ RunTime:0.0004s ]
SQL: SELECT * FROM `xueches_citys` WHERE ( flag = 1 )  [ RunTime:0.0003s ]
INFO: [ view_parse ] --START--
INFO: [ template_filter ] --START--
INFO: Run Behavior\ContentReplaceBehavior [ RunTime:0.000118s ]
INFO: [ template_filter ] --END-- [ RunTime:0.000199s ]
NOTIC: [8] Undefined variable: count1 /home/webgen/xctest/Website/Runtime/Cache/Admin/1005db2084e905486b7efc58d2c784fd.php 第 32 行.
NOTIC: [8] Undefined variable: count2 /home/webgen/xctest/Website/Runtime/Cache/Admin/1005db2084e905486b7efc58d2c784fd.php 第 32 行.
INFO: Run Behavior\ParseTemplateBehavior [ RunTime:0.009230s ]
INFO: [ view_parse ] --END-- [ RunTime:0.009291s ]
INFO: [ view_filter ] --START--
INFO: Run Behavior\WriteHtmlCacheBehavior [ RunTime:0.000056s ]
INFO: [ view_filter ] --END-- [ RunTime:0.000129s ]
INFO: [ app_end ] --START--
INFO: Run Behavior\ShowPageTraceBehavior [ RunTime:0.000036s ]
INFO: [ app_end ] --END-- [ RunTime:0.000075s ]

[ 2017-08-02T18:26:23+08:00 ] 116.226.143.229 /index.php/Admin/Order/order_list.html?nickname=&tel=&name=&status=&order_type=&ordcode=&cityid=&pay_type=&customer=&class_name=&trainaddress=&create_time1=&create_time2=&notify_time1=&notify_time2=&return_time1=&return_time2=
INFO: [ app_begin ] --START--
INFO: Run Behavior\ReadHtmlCacheBehavior [ RunTime:0.000049s ]
INFO: [ app_begin ] --END-- [ RunTime:0.000110s ]
SQL: SHOW COLUMNS FROM `xueches_order` [ RunTime:0.0008s ]
SQL: SHOW COLUMNS FROM `xueches_order` [ RunTime:0.0005s ]
SQL: SELECT COUNT(*) AS tp_count FROM xueches_order o,xueches_school s WHERE ( o.school_id = s.id  and  o.class_name like '%%' ) LIMIT 1   [ RunTime:0.0004s ]
SQL: SHOW COLUMNS FROM `xueches_order` [ RunTime:0.0006s ]
SQL: SELECT o.id,o.ordcode,o.create_time,o.inform,o.status,o.pay_type,o.userid,o.return_time,o.class_name,o.lastupdate,o.order_type,o.pay_type,o.return_time,o.flag,o.name,s.nickname,o.userid,o.customer,o.sex,o.trainaddress,o.tel,o.num,o.notify_time,o.customer_inform,o.create_time,o.return_time FROM xueches_order o,xueches_school s WHERE ( o.school_id = s.id  and  o.class_name like '%%' ) ORDER BY id desc LIMIT 0,10   [ RunTime:0.0006s ]
SQL: SHOW COLUMNS FROM `xueches_citys` [ RunTime:0.0005s ]
SQL: SELECT * FROM `xueches_citys` WHERE ( flag = 1 )  [ RunTime:0.0004s ]
INFO: [ view_parse ] --START--
INFO: [ template_filter ] --START--
INFO: Run Behavior\ContentReplaceBehavior [ RunTime:0.000140s ]
INFO: [ template_filter ] --END-- [ RunTime:0.000192s ]
NOTIC: [8] Undefined variable: count1 /home/webgen/xctest/Website/Runtime/Cache/Admin/1005db2084e905486b7efc58d2c784fd.php 第 32 行.
NOTIC: [8] Undefined variable: count2 /home/webgen/xctest/Website/Runtime/Cache/Admin/1005db2084e905486b7efc58d2c784fd.php 第 32 行.
INFO: Run Behavior\ParseTemplateBehavior [ RunTime:0.009797s ]
INFO: [ view_parse ] --END-- [ RunTime:0.009864s ]
INFO: [ view_filter ] --START--
INFO: Run Behavior\WriteHtmlCacheBehavior [ RunTime:0.000041s ]
INFO: [ view_filter ] --END-- [ RunTime:0.000076s ]
INFO: [ app_end ] --START--
INFO: Run Behavior\ShowPageTraceBehavior [ RunTime:0.000032s ]
INFO: [ app_end ] --END-- [ RunTime:0.000072s ]

[ 2017-08-02T18:26:53+08:00 ] 116.226.143.229 /index.php/Admin/Order/order_list.html?nickname=&tel=&name=&status=&order_type=&ordcode=&cityid=&pay_type=&customer=&class_name=&trainaddress=&create_time1=&create_time2=&notify_time1=&notify_time2=&return_time1=&return_time2=
INFO: [ app_begin ] --START--
INFO: Run Behavior\ReadHtmlCacheBehavior [ RunTime:0.000054s ]
INFO: [ app_begin ] --END-- [ RunTime:0.000113s ]
SQL: SHOW COLUMNS FROM `xueches_order` [ RunTime:0.0007s ]
SQL: SHOW COLUMNS FROM `xueches_order` [ RunTime:0.0005s ]
SQL: SELECT COUNT(*) AS tp_count FROM xueches_order o,xueches_school s WHERE ( o.school_id = s.id  and  o.class_name like '%%' ) LIMIT 1   [ RunTime:0.0004s ]
SQL: SHOW COLUMNS FROM `xueches_order` [ RunTime:0.0005s ]
SQL: SELECT o.id,o.ordcode,o.create_time,o.inform,o.status,o.pay_type,o.userid,o.return_time,o.class_name,o.lastupdate,o.order_type,o.pay_type,o.return_time,o.flag,o.name,s.nickname,o.userid,o.customer,o.sex,o.trainaddress,o.tel,o.num,o.notify_time,o.customer_inform,o.create_time,o.return_time FROM xueches_order o,xueches_school s WHERE ( o.school_id = s.id  and  o.class_name like '%%' ) ORDER BY id desc LIMIT 0,10   [ RunTime:0.0004s ]
SQL: SHOW COLUMNS FROM `xueches_citys` [ RunTime:0.0003s ]
SQL: SELECT * FROM `xueches_citys` WHERE ( flag = 1 )  [ RunTime:0.0003s ]
INFO: [ view_parse ] --START--
INFO: [ template_filter ] --START--
INFO: Run Behavior\ContentReplaceBehavior [ RunTime:0.000091s ]
INFO: [ template_filter ] --END-- [ RunTime:0.000135s ]
NOTIC: [8] Undefined variable: count1 /home/webgen/xctest/Website/Runtime/Cache/Admin/1005db2084e905486b7efc58d2c784fd.php 第 32 行.
NOTIC: [8] Undefined variable: count2 /home/webgen/xctest/Website/Runtime/Cache/Admin/1005db2084e905486b7efc58d2c784fd.php 第 32 行.
INFO: Run Behavior\ParseTemplateBehavior [ RunTime:0.009008s ]
INFO: [ view_parse ] --END-- [ RunTime:0.009065s ]
INFO: [ view_filter ] --START--
INFO: Run Behavior\WriteHtmlCacheBehavior [ RunTime:0.000080s ]
INFO: [ view_filter ] --END-- [ RunTime:0.000138s ]
INFO: [ app_end ] --START--
INFO: Run Behavior\ShowPageTraceBehavior [ RunTime:0.000054s ]
INFO: [ app_end ] --END-- [ RunTime:0.000114s ]

[ 2017-08-02T18:26:54+08:00 ] 116.226.143.229 /index.php/Admin/Order/order_list.html?nickname=&tel=&name=&status=&order_type=&ordcode=&cityid=&pay_type=&customer=&class_name=&trainaddress=&create_time1=&create_time2=&notify_time1=&notify_time2=&return_time1=&return_time2=
INFO: [ app_begin ] --START--
INFO: Run Behavior\ReadHtmlCacheBehavior [ RunTime:0.000034s ]
INFO: [ app_begin ] --END-- [ RunTime:0.000090s ]
SQL: SHOW COLUMNS FROM `xueches_order` [ RunTime:0.0007s ]
SQL: SHOW COLUMNS FROM `xueches_order` [ RunTime:0.0005s ]
SQL: SELECT COUNT(*) AS tp_count FROM xueches_order o,xueches_school s WHERE ( o.school_id = s.id  and  o.class_name like '%%' ) LIMIT 1   [ RunTime:0.0004s ]
SQL: SHOW COLUMNS FROM `xueches_order` [ RunTime:0.0005s ]
SQL: SELECT o.id,o.ordcode,o.create_time,o.inform,o.status,o.pay_type,o.userid,o.return_time,o.class_name,o.lastupdate,o.order_type,o.pay_type,o.return_time,o.flag,o.name,s.nickname,o.userid,o.customer,o.sex,o.trainaddress,o.tel,o.num,o.notify_time,o.customer_inform,o.create_time,o.return_time FROM xueches_order o,xueches_school s WHERE ( o.school_id = s.id  and  o.class_name like '%%' ) ORDER BY id desc LIMIT 0,10   [ RunTime:0.0004s ]
SQL: SHOW COLUMNS FROM `xueches_citys` [ RunTime:0.0004s ]
SQL: SELECT * FROM `xueches_citys` WHERE ( flag = 1 )  [ RunTime:0.0003s ]
INFO: [ view_parse ] --START--
INFO: [ template_filter ] --START--
INFO: Run Behavior\ContentReplaceBehavior [ RunTime:0.000115s ]
INFO: [ template_filter ] --END-- [ RunTime:0.000166s ]
NOTIC: [8] Undefined variable: count1 /home/webgen/xctest/Website/Runtime/Cache/Admin/1005db2084e905486b7efc58d2c784fd.php 第 32 行.
NOTIC: [8] Undefined variable: count2 /home/webgen/xctest/Website/Runtime/Cache/Admin/1005db2084e905486b7efc58d2c784fd.php 第 32 行.
INFO: Run Behavior\ParseTemplateBehavior [ RunTime:0.008166s ]
INFO: [ view_parse ] --END-- [ RunTime:0.008219s ]
INFO: [ view_filter ] --START--
INFO: Run Behavior\WriteHtmlCacheBehavior [ RunTime:0.000040s ]
INFO: [ view_filter ] --END-- [ RunTime:0.000083s ]
INFO: [ app_end ] --START--
INFO: Run Behavior\ShowPageTraceBehavior [ RunTime:0.000045s ]
INFO: [ app_end ] --END-- [ RunTime:0.000085s ]

[ 2017-08-02T18:27:16+08:00 ] 116.226.143.229 /index.php/Admin/Order/order_list.html?nickname=&tel=&name=&status=0&order_type=1&ordcode=&cityid=0&pay_type=0&customer=&class_name=0&trainaddress=&create_time1=&create_time2=&notify_time1=&notify_time2=&return_time1=&return_time2=
INFO: [ app_begin ] --START--
INFO: Run Behavior\ReadHtmlCacheBehavior [ RunTime:0.000037s ]
INFO: [ app_begin ] --END-- [ RunTime:0.000090s ]
SQL: SHOW COLUMNS FROM `xueches_order` [ RunTime:0.0007s ]
SQL: SHOW COLUMNS FROM `xueches_order` [ RunTime:0.0005s ]
SQL: SELECT COUNT(*) AS tp_count FROM xueches_order o,xueches_school s WHERE ( o.school_id = s.id  and  o.order_type =1 ) LIMIT 1   [ RunTime:0.0004s ]
SQL: SHOW COLUMNS FROM `xueches_order` [ RunTime:0.0005s ]
SQL: SELECT o.id,o.ordcode,o.create_time,o.inform,o.status,o.pay_type,o.userid,o.return_time,o.class_name,o.lastupdate,o.order_type,o.pay_type,o.return_time,o.flag,o.name,s.nickname,o.userid,o.customer,o.sex,o.trainaddress,o.tel,o.num,o.notify_time,o.customer_inform,o.create_time,o.return_time FROM xueches_order o,xueches_school s WHERE ( o.school_id = s.id  and  o.order_type =1 ) ORDER BY id desc LIMIT 0,10   [ RunTime:0.0006s ]
SQL: SHOW COLUMNS FROM `xueches_citys` [ RunTime:0.0005s ]
SQL: SELECT * FROM `xueches_citys` WHERE ( flag = 1 )  [ RunTime:0.0003s ]
INFO: [ view_parse ] --START--
INFO: [ template_filter ] --START--
INFO: Run Behavior\ContentReplaceBehavior [ RunTime:0.000135s ]
INFO: [ template_filter ] --END-- [ RunTime:0.000199s ]
NOTIC: [8] Undefined variable: count1 /home/webgen/xctest/Website/Runtime/Cache/Admin/1005db2084e905486b7efc58d2c784fd.php 第 32 行.
NOTIC: [8] Undefined variable: count2 /home/webgen/xctest/Website/Runtime/Cache/Admin/1005db2084e905486b7efc58d2c784fd.php 第 32 行.
NOTIC: [8] Use of undefined constant selected - assumed 'selected' /home/webgen/xctest/Website/Runtime/Cache/Admin/1005db2084e905486b7efc58d2c784fd.php 第 45 行.
INFO: Run Behavior\ParseTemplateBehavior [ RunTime:0.007872s ]
INFO: [ view_parse ] --END-- [ RunTime:0.007916s ]
INFO: [ view_filter ] --START--
INFO: Run Behavior\WriteHtmlCacheBehavior [ RunTime:0.000046s ]
INFO: [ view_filter ] --END-- [ RunTime:0.000081s ]
INFO: [ app_end ] --START--
INFO: Run Behavior\ShowPageTraceBehavior [ RunTime:0.000059s ]
INFO: [ app_end ] --END-- [ RunTime:0.000123s ]

[ 2017-08-02T18:29:06+08:00 ] 116.226.143.229 /index.php/Admin/Order/order_list.html?nickname=&tel=&name=&status=&order_type=&ordcode=&cityid=&pay_type=&customer=&class_name=&trainaddress=&create_time1=&create_time2=&notify_time1=&notify_time2=&return_time1=&return_time2=
INFO: [ app_begin ] --START--
INFO: Run Behavior\ReadHtmlCacheBehavior [ RunTime:0.000034s ]
INFO: [ app_begin ] --END-- [ RunTime:0.000074s ]
SQL: SHOW COLUMNS FROM `xueches_order` [ RunTime:0.0007s ]
SQL: SHOW COLUMNS FROM `xueches_order` [ RunTime:0.0005s ]
SQL: SELECT COUNT(*) AS tp_count FROM xueches_order o,xueches_school s WHERE ( o.school_id = s.id  and  o.class_name like '%%' ) LIMIT 1   [ RunTime:0.0014s ]
SQL: SHOW COLUMNS FROM `xueches_order` [ RunTime:0.0005s ]
SQL: SELECT o.id,o.ordcode,o.create_time,o.inform,o.status,o.pay_type,o.userid,o.return_time,o.class_name,o.lastupdate,o.order_type,o.pay_type,o.return_time,o.flag,o.name,s.nickname,o.userid,o.customer,o.sex,o.trainaddress,o.tel,o.num,o.notify_time,o.customer_inform,o.create_time,o.return_time FROM xueches_order o,xueches_school s WHERE ( o.school_id = s.id  and  o.class_name like '%%' ) ORDER BY id desc LIMIT 0,10   [ RunTime:0.0004s ]
SQL: SHOW COLUMNS FROM `xueches_citys` [ RunTime:0.0004s ]
SQL: SELECT * FROM `xueches_citys` WHERE ( flag = 1 )  [ RunTime:0.0003s ]
INFO: [ view_parse ] --START--
INFO: [ template_filter ] --START--
INFO: Run Behavior\ContentReplaceBehavior [ RunTime:0.000091s ]
INFO: [ template_filter ] --END-- [ RunTime:0.000133s ]
NOTIC: [8] Undefined variable: count1 /home/webgen/xctest/Website/Runtime/Cache/Admin/1005db2084e905486b7efc58d2c784fd.php 第 32 行.
NOTIC: [8] Undefined variable: count2 /home/webgen/xctest/Website/Runtime/Cache/Admin/1005db2084e905486b7efc58d2c784fd.php 第 32 行.
INFO: Run Behavior\ParseTemplateBehavior [ RunTime:0.007199s ]
INFO: [ view_parse ] --END-- [ RunTime:0.007242s ]
INFO: [ view_filter ] --START--
INFO: Run Behavior\WriteHtmlCacheBehavior [ RunTime:0.000040s ]
INFO: [ view_filter ] --END-- [ RunTime:0.000074s ]
INFO: [ app_end ] --START--
INFO: Run Behavior\ShowPageTraceBehavior [ RunTime:0.000032s ]
INFO: [ app_end ] --END-- [ RunTime:0.000069s ]

