[ 2017-12-05T19:41:25+08:00 ] 101.81.125.116 /index.php/admin
INFO: [ app_init ] --START--
INFO: Run Behavior\BuildLiteBehavior [ RunTime:0.000014s ]
INFO: [ app_init ] --END-- [ RunTime:0.000066s ]
INFO: [ app_begin ] --START--
INFO: Run Behavior\ReadHtmlCacheBehavior [ RunTime:0.000037s ]
INFO: [ app_begin ] --END-- [ RunTime:0.000083s ]
SQL: SHOW COLUMNS FROM `xueches_client_ips` [ RunTime:0.0007s ]
SQL: SELECT `ip` FROM `xueches_client_ips` WHERE `status` = 1  [ RunTime:0.0002s ]
SQL: SHOW COLUMNS FROM `xueches_admin` [ RunTime:0.0004s ]
SQL: SELECT `permissions` FROM `xueches_admin` WHERE `id` = 1 LIMIT 1   [ RunTime:0.0002s ]
INFO: [ view_parse ] --START--
INFO: [ template_filter ] --START--
INFO: Run Behavior\ContentReplaceBehavior [ RunTime:0.000039s ]
INFO: [ template_filter ] --END-- [ RunTime:0.000089s ]
INFO: Run Behavior\ParseTemplateBehavior [ RunTime:0.001548s ]
INFO: [ view_parse ] --END-- [ RunTime:0.001608s ]
INFO: [ view_filter ] --START--
INFO: Run Behavior\WriteHtmlCacheBehavior [ RunTime:0.000062s ]
INFO: [ view_filter ] --END-- [ RunTime:0.000102s ]
INFO: [ app_end ] --START--
INFO: Run Behavior\ShowPageTraceBehavior [ RunTime:0.000042s ]
INFO: [ app_end ] --END-- [ RunTime:0.000102s ]

[ 2017-12-05T19:41:25+08:00 ] 116.226.88.165 /index.php/Admin/Index/left.html
INFO: [ app_init ] --START--
INFO: Run Behavior\BuildLiteBehavior [ RunTime:0.000014s ]
INFO: [ app_init ] --END-- [ RunTime:0.000066s ]
INFO: [ app_begin ] --START--
INFO: Run Behavior\ReadHtmlCacheBehavior [ RunTime:0.000055s ]
INFO: [ app_begin ] --END-- [ RunTime:0.000122s ]
SQL: SHOW COLUMNS FROM `xueches_client_ips` [ RunTime:0.0005s ]
SQL: SELECT `ip` FROM `xueches_client_ips` WHERE `status` = 1  [ RunTime:0.0002s ]
SQL: SHOW COLUMNS FROM `xueches_admin` [ RunTime:0.0004s ]
SQL: SELECT `permissions` FROM `xueches_admin` WHERE `id` = 1 LIMIT 1   [ RunTime:0.0002s ]
SQL: SHOW COLUMNS FROM `xueches_admin_nav` [ RunTime:0.0004s ]
SQL: SELECT * FROM `xueches_admin_nav` WHERE `pid` = 0 ORDER BY priority  [ RunTime:0.0003s ]
SQL: SHOW COLUMNS FROM `xueches_auth_group_access` [ RunTime:0.0003s ]
SQL: SELECT `uid`,`group_id`,`title`,`rules` FROM xueches_auth_group_access a INNER JOIN xueches_auth_group g on a.group_id=g.id  WHERE ( a.uid='1' and g.status='1' )  [ RunTime:0.0003s ]
SQL: SHOW COLUMNS FROM `xueches_auth_rule` [ RunTime:0.0003s ]
SQL: SELECT `condition`,`name` FROM `xueches_auth_rule` WHERE `id` IN ('1','2','70','107','75','106','77','108','158','3','16','89','98','99','100','101','19','21','22','123','4','25','26','27','78','5','29','79','6','36','81','7','80','91','102','8','82','90','9','83','10','37','38','51','11','84','105','12','103','104','13','14','86','87','88','94','95','96','97','145','146','147','148','149','155','156','157') AND `type` = 1 AND `status` = 1  [ RunTime:0.0008s ]
SQL: SELECT * FROM `xueches_admin_nav` WHERE `pid` = 1 ORDER BY priority  [ RunTime:0.0002s ]
SQL: SELECT * FROM `xueches_admin_nav` WHERE `pid` = 2 ORDER BY priority  [ RunTime:0.0002s ]
SQL: SELECT * FROM `xueches_admin_nav` WHERE `pid` = 94 ORDER BY priority  [ RunTime:0.0002s ]
SQL: SELECT * FROM `xueches_admin_nav` WHERE `pid` = 3 ORDER BY priority  [ RunTime:0.0002s ]
SQL: SELECT * FROM `xueches_admin_nav` WHERE `pid` = 145 ORDER BY priority  [ RunTime:0.0003s ]
SQL: SELECT * FROM `xueches_admin_nav` WHERE `pid` = 4 ORDER BY priority  [ RunTime:0.0002s ]
SQL: SELECT * FROM `xueches_admin_nav` WHERE `pid` = 5 ORDER BY priority  [ RunTime:0.0002s ]
SQL: SELECT * FROM `xueches_admin_nav` WHERE `pid` = 6 ORDER BY priority  [ RunTime:0.0002s ]
SQL: SELECT * FROM `xueches_admin_nav` WHERE `pid` = 7 ORDER BY priority  [ RunTime:0.0002s ]
SQL: SELECT * FROM `xueches_admin_nav` WHERE `pid` = 8 ORDER BY priority  [ RunTime:0.0002s ]
SQL: SELECT * FROM `xueches_admin_nav` WHERE `pid` = 9 ORDER BY priority  [ RunTime:0.0002s ]
SQL: SELECT * FROM `xueches_admin_nav` WHERE `pid` = 12 ORDER BY priority  [ RunTime:0.0004s ]
SQL: SELECT * FROM `xueches_admin_nav` WHERE `pid` = 13 ORDER BY priority  [ RunTime:0.0002s ]
SQL: SELECT * FROM `xueches_admin_nav` WHERE `pid` = 11 ORDER BY priority  [ RunTime:0.0003s ]
SQL: SELECT * FROM `xueches_admin_nav` WHERE `pid` = 10 ORDER BY priority  [ RunTime:0.0002s ]
SQL: SELECT * FROM `xueches_admin_nav` WHERE `pid` = 86 ORDER BY priority  [ RunTime:0.0002s ]
SQL: SELECT * FROM `xueches_admin_nav` WHERE `pid` = 155 ORDER BY priority  [ RunTime:0.0002s ]
INFO: [ view_parse ] --START--
INFO: [ template_filter ] --START--
INFO: Run Behavior\ContentReplaceBehavior [ RunTime:0.000165s ]
INFO: [ template_filter ] --END-- [ RunTime:0.000216s ]
INFO: Run Behavior\ParseTemplateBehavior [ RunTime:0.009181s ]
INFO: [ view_parse ] --END-- [ RunTime:0.009238s ]
INFO: [ view_filter ] --START--
INFO: Run Behavior\WriteHtmlCacheBehavior [ RunTime:0.000047s ]
INFO: [ view_filter ] --END-- [ RunTime:0.000088s ]
INFO: [ app_end ] --START--
INFO: Run Behavior\ShowPageTraceBehavior [ RunTime:0.000036s ]
INFO: [ app_end ] --END-- [ RunTime:0.000080s ]

[ 2017-12-05T19:41:25+08:00 ] 116.226.88.165 /index.php/Admin/Index/right.html
INFO: [ app_init ] --START--
INFO: Run Behavior\BuildLiteBehavior [ RunTime:0.000019s ]
INFO: [ app_init ] --END-- [ RunTime:0.000091s ]
INFO: [ app_begin ] --START--
INFO: Run Behavior\ReadHtmlCacheBehavior [ RunTime:0.000047s ]
INFO: [ app_begin ] --END-- [ RunTime:0.000115s ]
SQL: SHOW COLUMNS FROM `xueches_client_ips` [ RunTime:0.0005s ]
SQL: SELECT `ip` FROM `xueches_client_ips` WHERE `status` = 1  [ RunTime:0.0002s ]
SQL: SHOW COLUMNS FROM `xueches_admin` [ RunTime:0.0004s ]
SQL: SELECT `permissions` FROM `xueches_admin` WHERE `id` = 1 LIMIT 1   [ RunTime:0.0002s ]
SQL: SHOW COLUMNS FROM `xueches_admin` [ RunTime:0.0004s ]
SQL: SELECT * FROM `xueches_admin` WHERE ( id = 1 ) LIMIT 1   [ RunTime:0.0002s ]
INFO: [ view_parse ] --START--
INFO: [ template_filter ] --START--
INFO: Run Behavior\ContentReplaceBehavior [ RunTime:0.000071s ]
INFO: [ template_filter ] --END-- [ RunTime:0.000122s ]
INFO: Run Behavior\ParseTemplateBehavior [ RunTime:0.001937s ]
INFO: [ view_parse ] --END-- [ RunTime:0.001996s ]
INFO: [ view_filter ] --START--
INFO: Run Behavior\WriteHtmlCacheBehavior [ RunTime:0.000037s ]
INFO: [ view_filter ] --END-- [ RunTime:0.000076s ]
INFO: [ app_end ] --START--
INFO: Run Behavior\ShowPageTraceBehavior [ RunTime:0.000030s ]
INFO: [ app_end ] --END-- [ RunTime:0.000070s ]

[ 2017-12-05T19:41:25+08:00 ] 101.81.125.116 /index.php/Admin/Index/head.html
INFO: [ app_init ] --START--
INFO: Run Behavior\BuildLiteBehavior [ RunTime:0.000018s ]
INFO: [ app_init ] --END-- [ RunTime:0.000088s ]
INFO: [ app_begin ] --START--
INFO: Run Behavior\ReadHtmlCacheBehavior [ RunTime:0.000061s ]
INFO: [ app_begin ] --END-- [ RunTime:0.000131s ]
SQL: SHOW COLUMNS FROM `xueches_client_ips` [ RunTime:0.0004s ]
SQL: SELECT `ip` FROM `xueches_client_ips` WHERE `status` = 1  [ RunTime:0.0002s ]
SQL: SHOW COLUMNS FROM `xueches_admin` [ RunTime:0.0004s ]
SQL: SELECT `permissions` FROM `xueches_admin` WHERE `id` = 1 LIMIT 1   [ RunTime:0.0002s ]
INFO: [ view_parse ] --START--
INFO: [ template_filter ] --START--
INFO: Run Behavior\ContentReplaceBehavior [ RunTime:0.000042s ]
INFO: [ template_filter ] --END-- [ RunTime:0.000089s ]
INFO: Run Behavior\ParseTemplateBehavior [ RunTime:0.001246s ]
INFO: [ view_parse ] --END-- [ RunTime:0.001301s ]
INFO: [ view_filter ] --START--
INFO: Run Behavior\WriteHtmlCacheBehavior [ RunTime:0.000053s ]
INFO: [ view_filter ] --END-- [ RunTime:0.000105s ]
INFO: [ app_end ] --START--
INFO: Run Behavior\ShowPageTraceBehavior [ RunTime:0.000034s ]
INFO: [ app_end ] --END-- [ RunTime:0.000074s ]

[ 2017-12-05T19:41:28+08:00 ] 116.226.88.165 /index.php/Admin/UserLog/index.html?pid=88
INFO: [ app_init ] --START--
INFO: Run Behavior\BuildLiteBehavior [ RunTime:0.000018s ]
INFO: [ app_init ] --END-- [ RunTime:0.000087s ]
INFO: [ app_begin ] --START--
INFO: Run Behavior\ReadHtmlCacheBehavior [ RunTime:0.000038s ]
INFO: [ app_begin ] --END-- [ RunTime:0.000099s ]
SQL: SHOW COLUMNS FROM `xueches_client_ips` [ RunTime:0.0006s ]
SQL: SELECT `ip` FROM `xueches_client_ips` WHERE `status` = 1  [ RunTime:0.0002s ]
SQL: SHOW COLUMNS FROM `xueches_admin` [ RunTime:0.0004s ]
SQL: SELECT `permissions` FROM `xueches_admin` WHERE `id` = 1 LIMIT 1   [ RunTime:0.0002s ]
SQL: SHOW COLUMNS FROM `xueches_user_log` [ RunTime:0.0004s ]
SQL: SELECT COUNT(*) AS tp_count FROM xueches_user_log ul INNER JOIN xueches_user u ON u.id = ul.uid  WHERE `truename` LIKE '%%' LIMIT 1   [ RunTime:0.0010s ]
SQL: SELECT ul.*,u.truename,u.account,u.phone,u.lastip,u.lasttime FROM xueches_user_log ul INNER JOIN xueches_user u ON u.id = ul.uid  WHERE `truename` LIKE '%%' LIMIT 0,20   [ RunTime:0.0004s ]
INFO: [ view_parse ] --START--
INFO: [ template_filter ] --START--
INFO: Run Behavior\ContentReplaceBehavior [ RunTime:0.000049s ]
INFO: [ template_filter ] --END-- [ RunTime:0.000096s ]
NOTIC: [8] Undefined index: username /home/webgen/xctest/Website/Runtime/Cache/Admin/060e944fc245e665c382e1d9ffe2633d.php 第 17 行.
INFO: Run Behavior\ParseTemplateBehavior [ RunTime:0.002259s ]
INFO: [ view_parse ] --END-- [ RunTime:0.002309s ]
INFO: [ view_filter ] --START--
INFO: Run Behavior\WriteHtmlCacheBehavior [ RunTime:0.000044s ]
INFO: [ view_filter ] --END-- [ RunTime:0.000091s ]
INFO: [ app_end ] --START--
INFO: Run Behavior\ShowPageTraceBehavior [ RunTime:0.000040s ]
INFO: [ app_end ] --END-- [ RunTime:0.000083s ]

[ 2017-12-05T19:41:32+08:00 ] 101.81.125.116 /index.php/Admin/UserLog/index/pid/88/p/6.html
INFO: [ app_init ] --START--
INFO: Run Behavior\BuildLiteBehavior [ RunTime:0.000015s ]
INFO: [ app_init ] --END-- [ RunTime:0.000068s ]
INFO: [ app_begin ] --START--
INFO: Run Behavior\ReadHtmlCacheBehavior [ RunTime:0.000043s ]
INFO: [ app_begin ] --END-- [ RunTime:0.000114s ]
SQL: SHOW COLUMNS FROM `xueches_client_ips` [ RunTime:0.0006s ]
SQL: SELECT `ip` FROM `xueches_client_ips` WHERE `status` = 1  [ RunTime:0.0002s ]
SQL: SHOW COLUMNS FROM `xueches_admin` [ RunTime:0.0003s ]
SQL: SELECT `permissions` FROM `xueches_admin` WHERE `id` = 1 LIMIT 1   [ RunTime:0.0002s ]
SQL: SHOW COLUMNS FROM `xueches_user_log` [ RunTime:0.0003s ]
SQL: SELECT COUNT(*) AS tp_count FROM xueches_user_log ul INNER JOIN xueches_user u ON u.id = ul.uid  WHERE `truename` LIKE '%%' LIMIT 1   [ RunTime:0.0020s ]
SQL: SELECT ul.*,u.truename,u.account,u.phone,u.lastip,u.lasttime FROM xueches_user_log ul INNER JOIN xueches_user u ON u.id = ul.uid  WHERE `truename` LIKE '%%' LIMIT 100,20   [ RunTime:0.0005s ]
INFO: [ view_parse ] --START--
INFO: [ template_filter ] --START--
INFO: Run Behavior\ContentReplaceBehavior [ RunTime:0.000052s ]
INFO: [ template_filter ] --END-- [ RunTime:0.000100s ]
NOTIC: [8] Undefined index: username /home/webgen/xctest/Website/Runtime/Cache/Admin/060e944fc245e665c382e1d9ffe2633d.php 第 17 行.
INFO: Run Behavior\ParseTemplateBehavior [ RunTime:0.002728s ]
INFO: [ view_parse ] --END-- [ RunTime:0.002805s ]
INFO: [ view_filter ] --START--
INFO: Run Behavior\WriteHtmlCacheBehavior [ RunTime:0.000087s ]
INFO: [ view_filter ] --END-- [ RunTime:0.000156s ]
INFO: [ app_end ] --START--
INFO: Run Behavior\ShowPageTraceBehavior [ RunTime:0.000062s ]
INFO: [ app_end ] --END-- [ RunTime:0.000135s ]

[ 2017-12-05T19:41:34+08:00 ] 101.81.125.116 /index.php/Admin/UserLog/index/pid/88/p/5.html
INFO: [ app_init ] --START--
INFO: Run Behavior\BuildLiteBehavior [ RunTime:0.000014s ]
INFO: [ app_init ] --END-- [ RunTime:0.000068s ]
INFO: [ app_begin ] --START--
INFO: Run Behavior\ReadHtmlCacheBehavior [ RunTime:0.000038s ]
INFO: [ app_begin ] --END-- [ RunTime:0.000090s ]
SQL: SHOW COLUMNS FROM `xueches_client_ips` [ RunTime:0.0005s ]
SQL: SELECT `ip` FROM `xueches_client_ips` WHERE `status` = 1  [ RunTime:0.0002s ]
SQL: SHOW COLUMNS FROM `xueches_admin` [ RunTime:0.0004s ]
SQL: SELECT `permissions` FROM `xueches_admin` WHERE `id` = 1 LIMIT 1   [ RunTime:0.0002s ]
SQL: SHOW COLUMNS FROM `xueches_user_log` [ RunTime:0.0004s ]
SQL: SELECT COUNT(*) AS tp_count FROM xueches_user_log ul INNER JOIN xueches_user u ON u.id = ul.uid  WHERE `truename` LIKE '%%' LIMIT 1   [ RunTime:0.0009s ]
SQL: SELECT ul.*,u.truename,u.account,u.phone,u.lastip,u.lasttime FROM xueches_user_log ul INNER JOIN xueches_user u ON u.id = ul.uid  WHERE `truename` LIKE '%%' LIMIT 80,20   [ RunTime:0.0006s ]
INFO: [ view_parse ] --START--
INFO: [ template_filter ] --START--
INFO: Run Behavior\ContentReplaceBehavior [ RunTime:0.000050s ]
INFO: [ template_filter ] --END-- [ RunTime:0.000098s ]
NOTIC: [8] Undefined index: username /home/webgen/xctest/Website/Runtime/Cache/Admin/060e944fc245e665c382e1d9ffe2633d.php 第 17 行.
INFO: Run Behavior\ParseTemplateBehavior [ RunTime:0.002319s ]
INFO: [ view_parse ] --END-- [ RunTime:0.002370s ]
INFO: [ view_filter ] --START--
INFO: Run Behavior\WriteHtmlCacheBehavior [ RunTime:0.000037s ]
INFO: [ view_filter ] --END-- [ RunTime:0.000094s ]
INFO: [ app_end ] --START--
INFO: Run Behavior\ShowPageTraceBehavior [ RunTime:0.000043s ]
INFO: [ app_end ] --END-- [ RunTime:0.000087s ]

[ 2017-12-05T19:41:36+08:00 ] 101.81.125.116 /index.php/Admin/UserLog/index/pid/88/p/4.html
INFO: [ app_init ] --START--
INFO: Run Behavior\BuildLiteBehavior [ RunTime:0.000014s ]
INFO: [ app_init ] --END-- [ RunTime:0.000074s ]
INFO: [ app_begin ] --START--
INFO: Run Behavior\ReadHtmlCacheBehavior [ RunTime:0.000035s ]
INFO: [ app_begin ] --END-- [ RunTime:0.000081s ]
SQL: SHOW COLUMNS FROM `xueches_client_ips` [ RunTime:0.0005s ]
SQL: SELECT `ip` FROM `xueches_client_ips` WHERE `status` = 1  [ RunTime:0.0002s ]
SQL: SHOW COLUMNS FROM `xueches_admin` [ RunTime:0.0004s ]
SQL: SELECT `permissions` FROM `xueches_admin` WHERE `id` = 1 LIMIT 1   [ RunTime:0.0002s ]
SQL: SHOW COLUMNS FROM `xueches_user_log` [ RunTime:0.0003s ]
SQL: SELECT COUNT(*) AS tp_count FROM xueches_user_log ul INNER JOIN xueches_user u ON u.id = ul.uid  WHERE `truename` LIKE '%%' LIMIT 1   [ RunTime:0.0009s ]
SQL: SELECT ul.*,u.truename,u.account,u.phone,u.lastip,u.lasttime FROM xueches_user_log ul INNER JOIN xueches_user u ON u.id = ul.uid  WHERE `truename` LIKE '%%' LIMIT 60,20   [ RunTime:0.0005s ]
INFO: [ view_parse ] --START--
INFO: [ template_filter ] --START--
INFO: Run Behavior\ContentReplaceBehavior [ RunTime:0.000050s ]
INFO: [ template_filter ] --END-- [ RunTime:0.000098s ]
NOTIC: [8] Undefined index: username /home/webgen/xctest/Website/Runtime/Cache/Admin/060e944fc245e665c382e1d9ffe2633d.php 第 17 行.
INFO: Run Behavior\ParseTemplateBehavior [ RunTime:0.002435s ]
INFO: [ view_parse ] --END-- [ RunTime:0.002519s ]
INFO: [ view_filter ] --START--
INFO: Run Behavior\WriteHtmlCacheBehavior [ RunTime:0.000042s ]
INFO: [ view_filter ] --END-- [ RunTime:0.000082s ]
INFO: [ app_end ] --START--
INFO: Run Behavior\ShowPageTraceBehavior [ RunTime:0.000037s ]
INFO: [ app_end ] --END-- [ RunTime:0.000081s ]

[ 2017-12-05T19:41:39+08:00 ] 101.81.125.116 /index.php/Admin/UserLog/index/pid/88/p/3.html
INFO: [ app_init ] --START--
INFO: Run Behavior\BuildLiteBehavior [ RunTime:0.000019s ]
INFO: [ app_init ] --END-- [ RunTime:0.000087s ]
INFO: [ app_begin ] --START--
INFO: Run Behavior\ReadHtmlCacheBehavior [ RunTime:0.000043s ]
INFO: [ app_begin ] --END-- [ RunTime:0.000144s ]
SQL: SHOW COLUMNS FROM `xueches_client_ips` [ RunTime:0.0008s ]
SQL: SELECT `ip` FROM `xueches_client_ips` WHERE `status` = 1  [ RunTime:0.0003s ]
SQL: SHOW COLUMNS FROM `xueches_admin` [ RunTime:0.0006s ]
SQL: SELECT `permissions` FROM `xueches_admin` WHERE `id` = 1 LIMIT 1   [ RunTime:0.0003s ]
SQL: SHOW COLUMNS FROM `xueches_user_log` [ RunTime:0.0005s ]
SQL: SELECT COUNT(*) AS tp_count FROM xueches_user_log ul INNER JOIN xueches_user u ON u.id = ul.uid  WHERE `truename` LIKE '%%' LIMIT 1   [ RunTime:0.0017s ]
SQL: SELECT ul.*,u.truename,u.account,u.phone,u.lastip,u.lasttime FROM xueches_user_log ul INNER JOIN xueches_user u ON u.id = ul.uid  WHERE `truename` LIKE '%%' LIMIT 40,20   [ RunTime:0.0007s ]
INFO: [ view_parse ] --START--
INFO: [ template_filter ] --START--
INFO: Run Behavior\ContentReplaceBehavior [ RunTime:0.000050s ]
INFO: [ template_filter ] --END-- [ RunTime:0.000099s ]
NOTIC: [8] Undefined index: username /home/webgen/xctest/Website/Runtime/Cache/Admin/060e944fc245e665c382e1d9ffe2633d.php 第 17 行.
INFO: Run Behavior\ParseTemplateBehavior [ RunTime:0.002651s ]
INFO: [ view_parse ] --END-- [ RunTime:0.002703s ]
INFO: [ view_filter ] --START--
INFO: Run Behavior\WriteHtmlCacheBehavior [ RunTime:0.000057s ]
INFO: [ view_filter ] --END-- [ RunTime:0.000100s ]
INFO: [ app_end ] --START--
INFO: Run Behavior\ShowPageTraceBehavior [ RunTime:0.000040s ]
INFO: [ app_end ] --END-- [ RunTime:0.000090s ]

[ 2017-12-05T19:41:40+08:00 ] 101.81.125.116 /index.php/Admin/UserLog/index/pid/88/p/2.html
INFO: [ app_init ] --START--
INFO: Run Behavior\BuildLiteBehavior [ RunTime:0.000014s ]
INFO: [ app_init ] --END-- [ RunTime:0.000067s ]
INFO: [ app_begin ] --START--
INFO: Run Behavior\ReadHtmlCacheBehavior [ RunTime:0.000035s ]
INFO: [ app_begin ] --END-- [ RunTime:0.000080s ]
SQL: SHOW COLUMNS FROM `xueches_client_ips` [ RunTime:0.0005s ]
SQL: SELECT `ip` FROM `xueches_client_ips` WHERE `status` = 1  [ RunTime:0.0003s ]
SQL: SHOW COLUMNS FROM `xueches_admin` [ RunTime:0.0004s ]
SQL: SELECT `permissions` FROM `xueches_admin` WHERE `id` = 1 LIMIT 1   [ RunTime:0.0002s ]
SQL: SHOW COLUMNS FROM `xueches_user_log` [ RunTime:0.0004s ]
SQL: SELECT COUNT(*) AS tp_count FROM xueches_user_log ul INNER JOIN xueches_user u ON u.id = ul.uid  WHERE `truename` LIKE '%%' LIMIT 1   [ RunTime:0.0010s ]
SQL: SELECT ul.*,u.truename,u.account,u.phone,u.lastip,u.lasttime FROM xueches_user_log ul INNER JOIN xueches_user u ON u.id = ul.uid  WHERE `truename` LIKE '%%' LIMIT 20,20   [ RunTime:0.0005s ]
INFO: [ view_parse ] --START--
INFO: [ template_filter ] --START--
INFO: Run Behavior\ContentReplaceBehavior [ RunTime:0.000052s ]
INFO: [ template_filter ] --END-- [ RunTime:0.000118s ]
NOTIC: [8] Undefined index: username /home/webgen/xctest/Website/Runtime/Cache/Admin/060e944fc245e665c382e1d9ffe2633d.php 第 17 行.
INFO: Run Behavior\ParseTemplateBehavior [ RunTime:0.002606s ]
INFO: [ view_parse ] --END-- [ RunTime:0.002657s ]
INFO: [ view_filter ] --START--
INFO: Run Behavior\WriteHtmlCacheBehavior [ RunTime:0.000041s ]
INFO: [ view_filter ] --END-- [ RunTime:0.000093s ]
INFO: [ app_end ] --START--
INFO: Run Behavior\ShowPageTraceBehavior [ RunTime:0.000037s ]
INFO: [ app_end ] --END-- [ RunTime:0.000095s ]

[ 2017-12-05T19:41:42+08:00 ] 101.81.125.116 /index.php/Admin/UserLog/index/pid/88/p/1.html
INFO: [ app_init ] --START--
INFO: Run Behavior\BuildLiteBehavior [ RunTime:0.000015s ]
INFO: [ app_init ] --END-- [ RunTime:0.000068s ]
INFO: [ app_begin ] --START--
INFO: Run Behavior\ReadHtmlCacheBehavior [ RunTime:0.000051s ]
INFO: [ app_begin ] --END-- [ RunTime:0.000119s ]
SQL: SHOW COLUMNS FROM `xueches_client_ips` [ RunTime:0.0006s ]
SQL: SELECT `ip` FROM `xueches_client_ips` WHERE `status` = 1  [ RunTime:0.0002s ]
SQL: SHOW COLUMNS FROM `xueches_admin` [ RunTime:0.0004s ]
SQL: SELECT `permissions` FROM `xueches_admin` WHERE `id` = 1 LIMIT 1   [ RunTime:0.0002s ]
SQL: SHOW COLUMNS FROM `xueches_user_log` [ RunTime:0.0003s ]
SQL: SELECT COUNT(*) AS tp_count FROM xueches_user_log ul INNER JOIN xueches_user u ON u.id = ul.uid  WHERE `truename` LIKE '%%' LIMIT 1   [ RunTime:0.0012s ]
SQL: SELECT ul.*,u.truename,u.account,u.phone,u.lastip,u.lasttime FROM xueches_user_log ul INNER JOIN xueches_user u ON u.id = ul.uid  WHERE `truename` LIKE '%%' LIMIT 0,20   [ RunTime:0.0004s ]
INFO: [ view_parse ] --START--
INFO: [ template_filter ] --START--
INFO: Run Behavior\ContentReplaceBehavior [ RunTime:0.000049s ]
INFO: [ template_filter ] --END-- [ RunTime:0.000106s ]
NOTIC: [8] Undefined index: username /home/webgen/xctest/Website/Runtime/Cache/Admin/060e944fc245e665c382e1d9ffe2633d.php 第 17 行.
INFO: Run Behavior\ParseTemplateBehavior [ RunTime:0.002493s ]
INFO: [ view_parse ] --END-- [ RunTime:0.002544s ]
INFO: [ view_filter ] --START--
INFO: Run Behavior\WriteHtmlCacheBehavior [ RunTime:0.000062s ]
INFO: [ view_filter ] --END-- [ RunTime:0.000103s ]
INFO: [ app_end ] --START--
INFO: Run Behavior\ShowPageTraceBehavior [ RunTime:0.000062s ]
INFO: [ app_end ] --END-- [ RunTime:0.000115s ]

[ 2017-12-05T19:41:45+08:00 ] 101.81.125.116 /index.php/Admin/UserLog/index/pid/88/p/2.html
INFO: [ app_init ] --START--
INFO: Run Behavior\BuildLiteBehavior [ RunTime:0.000013s ]
INFO: [ app_init ] --END-- [ RunTime:0.000067s ]
INFO: [ app_begin ] --START--
INFO: Run Behavior\ReadHtmlCacheBehavior [ RunTime:0.000042s ]
INFO: [ app_begin ] --END-- [ RunTime:0.000089s ]
SQL: SHOW COLUMNS FROM `xueches_client_ips` [ RunTime:0.0005s ]
SQL: SELECT `ip` FROM `xueches_client_ips` WHERE `status` = 1  [ RunTime:0.0003s ]
SQL: SHOW COLUMNS FROM `xueches_admin` [ RunTime:0.0003s ]
SQL: SELECT `permissions` FROM `xueches_admin` WHERE `id` = 1 LIMIT 1   [ RunTime:0.0002s ]
SQL: SHOW COLUMNS FROM `xueches_user_log` [ RunTime:0.0003s ]
SQL: SELECT COUNT(*) AS tp_count FROM xueches_user_log ul INNER JOIN xueches_user u ON u.id = ul.uid  WHERE `truename` LIKE '%%' LIMIT 1   [ RunTime:0.0010s ]
SQL: SELECT ul.*,u.truename,u.account,u.phone,u.lastip,u.lasttime FROM xueches_user_log ul INNER JOIN xueches_user u ON u.id = ul.uid  WHERE `truename` LIKE '%%' LIMIT 20,20   [ RunTime:0.0004s ]
INFO: [ view_parse ] --START--
INFO: [ template_filter ] --START--
INFO: Run Behavior\ContentReplaceBehavior [ RunTime:0.000050s ]
INFO: [ template_filter ] --END-- [ RunTime:0.000098s ]
NOTIC: [8] Undefined index: username /home/webgen/xctest/Website/Runtime/Cache/Admin/060e944fc245e665c382e1d9ffe2633d.php 第 17 行.
INFO: Run Behavior\ParseTemplateBehavior [ RunTime:0.002407s ]
INFO: [ view_parse ] --END-- [ RunTime:0.002465s ]
INFO: [ view_filter ] --START--
INFO: Run Behavior\WriteHtmlCacheBehavior [ RunTime:0.000044s ]
INFO: [ view_filter ] --END-- [ RunTime:0.000084s ]
INFO: [ app_end ] --START--
INFO: Run Behavior\ShowPageTraceBehavior [ RunTime:0.000041s ]
INFO: [ app_end ] --END-- [ RunTime:0.000084s ]

[ 2017-12-05T19:41:46+08:00 ] 101.81.125.116 /index.php/Admin/UserLog/index/pid/88/p/3.html
INFO: [ app_init ] --START--
INFO: Run Behavior\BuildLiteBehavior [ RunTime:0.000013s ]
INFO: [ app_init ] --END-- [ RunTime:0.000066s ]
INFO: [ app_begin ] --START--
INFO: Run Behavior\ReadHtmlCacheBehavior [ RunTime:0.000040s ]
INFO: [ app_begin ] --END-- [ RunTime:0.000097s ]
SQL: SHOW COLUMNS FROM `xueches_client_ips` [ RunTime:0.0006s ]
SQL: SELECT `ip` FROM `xueches_client_ips` WHERE `status` = 1  [ RunTime:0.0003s ]
SQL: SHOW COLUMNS FROM `xueches_admin` [ RunTime:0.0005s ]
SQL: SELECT `permissions` FROM `xueches_admin` WHERE `id` = 1 LIMIT 1   [ RunTime:0.0002s ]
SQL: SHOW COLUMNS FROM `xueches_user_log` [ RunTime:0.0003s ]
SQL: SELECT COUNT(*) AS tp_count FROM xueches_user_log ul INNER JOIN xueches_user u ON u.id = ul.uid  WHERE `truename` LIKE '%%' LIMIT 1   [ RunTime:0.0009s ]
SQL: SELECT ul.*,u.truename,u.account,u.phone,u.lastip,u.lasttime FROM xueches_user_log ul INNER JOIN xueches_user u ON u.id = ul.uid  WHERE `truename` LIKE '%%' LIMIT 40,20   [ RunTime:0.0005s ]
INFO: [ view_parse ] --START--
INFO: [ template_filter ] --START--
INFO: Run Behavior\ContentReplaceBehavior [ RunTime:0.000049s ]
INFO: [ template_filter ] --END-- [ RunTime:0.000097s ]
NOTIC: [8] Undefined index: username /home/webgen/xctest/Website/Runtime/Cache/Admin/060e944fc245e665c382e1d9ffe2633d.php 第 17 行.
INFO: Run Behavior\ParseTemplateBehavior [ RunTime:0.002345s ]
INFO: [ view_parse ] --END-- [ RunTime:0.002396s ]
INFO: [ view_filter ] --START--
INFO: Run Behavior\WriteHtmlCacheBehavior [ RunTime:0.000040s ]
INFO: [ view_filter ] --END-- [ RunTime:0.000081s ]
INFO: [ app_end ] --START--
INFO: Run Behavior\ShowPageTraceBehavior [ RunTime:0.000038s ]
INFO: [ app_end ] --END-- [ RunTime:0.000082s ]

[ 2017-12-05T19:41:46+08:00 ] 101.81.125.116 /index.php/Admin/UserLog/index/pid/88/p/4.html
INFO: [ app_init ] --START--
INFO: Run Behavior\BuildLiteBehavior [ RunTime:0.000013s ]
INFO: [ app_init ] --END-- [ RunTime:0.000066s ]
INFO: [ app_begin ] --START--
INFO: Run Behavior\ReadHtmlCacheBehavior [ RunTime:0.000044s ]
INFO: [ app_begin ] --END-- [ RunTime:0.000100s ]
SQL: SHOW COLUMNS FROM `xueches_client_ips` [ RunTime:0.0006s ]
SQL: SELECT `ip` FROM `xueches_client_ips` WHERE `status` = 1  [ RunTime:0.0002s ]
SQL: SHOW COLUMNS FROM `xueches_admin` [ RunTime:0.0004s ]
SQL: SELECT `permissions` FROM `xueches_admin` WHERE `id` = 1 LIMIT 1   [ RunTime:0.0002s ]
SQL: SHOW COLUMNS FROM `xueches_user_log` [ RunTime:0.0004s ]
SQL: SELECT COUNT(*) AS tp_count FROM xueches_user_log ul INNER JOIN xueches_user u ON u.id = ul.uid  WHERE `truename` LIKE '%%' LIMIT 1   [ RunTime:0.0011s ]
SQL: SELECT ul.*,u.truename,u.account,u.phone,u.lastip,u.lasttime FROM xueches_user_log ul INNER JOIN xueches_user u ON u.id = ul.uid  WHERE `truename` LIKE '%%' LIMIT 60,20   [ RunTime:0.0006s ]
INFO: [ view_parse ] --START--
INFO: [ template_filter ] --START--
INFO: Run Behavior\ContentReplaceBehavior [ RunTime:0.000051s ]
INFO: [ template_filter ] --END-- [ RunTime:0.000099s ]
NOTIC: [8] Undefined index: username /home/webgen/xctest/Website/Runtime/Cache/Admin/060e944fc245e665c382e1d9ffe2633d.php 第 17 行.
INFO: Run Behavior\ParseTemplateBehavior [ RunTime:0.002374s ]
INFO: [ view_parse ] --END-- [ RunTime:0.002429s ]
INFO: [ view_filter ] --START--
INFO: Run Behavior\WriteHtmlCacheBehavior [ RunTime:0.000058s ]
INFO: [ view_filter ] --END-- [ RunTime:0.000109s ]
INFO: [ app_end ] --START--
INFO: Run Behavior\ShowPageTraceBehavior [ RunTime:0.000035s ]
INFO: [ app_end ] --END-- [ RunTime:0.000078s ]

[ 2017-12-05T19:41:47+08:00 ] 101.81.125.116 /index.php/Admin/UserLog/index/pid/88/p/5.html
INFO: [ app_init ] --START--
INFO: Run Behavior\BuildLiteBehavior [ RunTime:0.000021s ]
INFO: [ app_init ] --END-- [ RunTime:0.000112s ]
INFO: [ app_begin ] --START--
INFO: Run Behavior\ReadHtmlCacheBehavior [ RunTime:0.000037s ]
INFO: [ app_begin ] --END-- [ RunTime:0.000088s ]
SQL: SHOW COLUMNS FROM `xueches_client_ips` [ RunTime:0.0006s ]
SQL: SELECT `ip` FROM `xueches_client_ips` WHERE `status` = 1  [ RunTime:0.0002s ]
SQL: SHOW COLUMNS FROM `xueches_admin` [ RunTime:0.0004s ]
SQL: SELECT `permissions` FROM `xueches_admin` WHERE `id` = 1 LIMIT 1   [ RunTime:0.0002s ]
SQL: SHOW COLUMNS FROM `xueches_user_log` [ RunTime:0.0004s ]
SQL: SELECT COUNT(*) AS tp_count FROM xueches_user_log ul INNER JOIN xueches_user u ON u.id = ul.uid  WHERE `truename` LIKE '%%' LIMIT 1   [ RunTime:0.0010s ]
SQL: SELECT ul.*,u.truename,u.account,u.phone,u.lastip,u.lasttime FROM xueches_user_log ul INNER JOIN xueches_user u ON u.id = ul.uid  WHERE `truename` LIKE '%%' LIMIT 80,20   [ RunTime:0.0006s ]
INFO: [ view_parse ] --START--
INFO: [ template_filter ] --START--
INFO: Run Behavior\ContentReplaceBehavior [ RunTime:0.000050s ]
INFO: [ template_filter ] --END-- [ RunTime:0.000098s ]
NOTIC: [8] Undefined index: username /home/webgen/xctest/Website/Runtime/Cache/Admin/060e944fc245e665c382e1d9ffe2633d.php 第 17 行.
INFO: Run Behavior\ParseTemplateBehavior [ RunTime:0.002405s ]
INFO: [ view_parse ] --END-- [ RunTime:0.002456s ]
INFO: [ view_filter ] --START--
INFO: Run Behavior\WriteHtmlCacheBehavior [ RunTime:0.000038s ]
INFO: [ view_filter ] --END-- [ RunTime:0.000078s ]
INFO: [ app_end ] --START--
INFO: Run Behavior\ShowPageTraceBehavior [ RunTime:0.000035s ]
INFO: [ app_end ] --END-- [ RunTime:0.000080s ]

[ 2017-12-05T19:41:47+08:00 ] 101.81.125.116 /index.php/Admin/UserLog/index/pid/88/p/6.html
INFO: [ app_init ] --START--
INFO: Run Behavior\BuildLiteBehavior [ RunTime:0.000014s ]
INFO: [ app_init ] --END-- [ RunTime:0.000067s ]
INFO: [ app_begin ] --START--
INFO: Run Behavior\ReadHtmlCacheBehavior [ RunTime:0.000035s ]
INFO: [ app_begin ] --END-- [ RunTime:0.000080s ]
SQL: SHOW COLUMNS FROM `xueches_client_ips` [ RunTime:0.0006s ]
SQL: SELECT `ip` FROM `xueches_client_ips` WHERE `status` = 1  [ RunTime:0.0002s ]
SQL: SHOW COLUMNS FROM `xueches_admin` [ RunTime:0.0005s ]
SQL: SELECT `permissions` FROM `xueches_admin` WHERE `id` = 1 LIMIT 1   [ RunTime:0.0002s ]
SQL: SHOW COLUMNS FROM `xueches_user_log` [ RunTime:0.0004s ]
SQL: SELECT COUNT(*) AS tp_count FROM xueches_user_log ul INNER JOIN xueches_user u ON u.id = ul.uid  WHERE `truename` LIKE '%%' LIMIT 1   [ RunTime:0.0010s ]
SQL: SELECT ul.*,u.truename,u.account,u.phone,u.lastip,u.lasttime FROM xueches_user_log ul INNER JOIN xueches_user u ON u.id = ul.uid  WHERE `truename` LIKE '%%' LIMIT 100,20   [ RunTime:0.0005s ]
INFO: [ view_parse ] --START--
INFO: [ template_filter ] --START--
INFO: Run Behavior\ContentReplaceBehavior [ RunTime:0.000070s ]
INFO: [ template_filter ] --END-- [ RunTime:0.000121s ]
NOTIC: [8] Undefined index: username /home/webgen/xctest/Website/Runtime/Cache/Admin/060e944fc245e665c382e1d9ffe2633d.php 第 17 行.
INFO: Run Behavior\ParseTemplateBehavior [ RunTime:0.002346s ]
INFO: [ view_parse ] --END-- [ RunTime:0.002396s ]
INFO: [ view_filter ] --START--
INFO: Run Behavior\WriteHtmlCacheBehavior [ RunTime:0.000040s ]
INFO: [ view_filter ] --END-- [ RunTime:0.000081s ]
INFO: [ app_end ] --START--
INFO: Run Behavior\ShowPageTraceBehavior [ RunTime:0.000033s ]
INFO: [ app_end ] --END-- [ RunTime:0.000073s ]

[ 2017-12-05T19:41:48+08:00 ] 101.81.125.116 /index.php/Admin/UserLog/index/pid/88/p/5.html
INFO: [ app_init ] --START--
INFO: Run Behavior\BuildLiteBehavior [ RunTime:0.000014s ]
INFO: [ app_init ] --END-- [ RunTime:0.000066s ]
INFO: [ app_begin ] --START--
INFO: Run Behavior\ReadHtmlCacheBehavior [ RunTime:0.000056s ]
INFO: [ app_begin ] --END-- [ RunTime:0.000108s ]
SQL: SHOW COLUMNS FROM `xueches_client_ips` [ RunTime:0.0005s ]
SQL: SELECT `ip` FROM `xueches_client_ips` WHERE `status` = 1  [ RunTime:0.0002s ]
SQL: SHOW COLUMNS FROM `xueches_admin` [ RunTime:0.0004s ]
SQL: SELECT `permissions` FROM `xueches_admin` WHERE `id` = 1 LIMIT 1   [ RunTime:0.0002s ]
SQL: SHOW COLUMNS FROM `xueches_user_log` [ RunTime:0.0003s ]
SQL: SELECT COUNT(*) AS tp_count FROM xueches_user_log ul INNER JOIN xueches_user u ON u.id = ul.uid  WHERE `truename` LIKE '%%' LIMIT 1   [ RunTime:0.0010s ]
SQL: SELECT ul.*,u.truename,u.account,u.phone,u.lastip,u.lasttime FROM xueches_user_log ul INNER JOIN xueches_user u ON u.id = ul.uid  WHERE `truename` LIKE '%%' LIMIT 80,20   [ RunTime:0.0005s ]
INFO: [ view_parse ] --START--
INFO: [ template_filter ] --START--
INFO: Run Behavior\ContentReplaceBehavior [ RunTime:0.000050s ]
INFO: [ template_filter ] --END-- [ RunTime:0.000098s ]
NOTIC: [8] Undefined index: username /home/webgen/xctest/Website/Runtime/Cache/Admin/060e944fc245e665c382e1d9ffe2633d.php 第 17 行.
INFO: Run Behavior\ParseTemplateBehavior [ RunTime:0.002319s ]
INFO: [ view_parse ] --END-- [ RunTime:0.002370s ]
INFO: [ view_filter ] --START--
INFO: Run Behavior\WriteHtmlCacheBehavior [ RunTime:0.000043s ]
INFO: [ view_filter ] --END-- [ RunTime:0.000082s ]
INFO: [ app_end ] --START--
INFO: Run Behavior\ShowPageTraceBehavior [ RunTime:0.000039s ]
INFO: [ app_end ] --END-- [ RunTime:0.000083s ]

[ 2017-12-05T19:41:49+08:00 ] 101.81.125.116 /index.php/Admin/UserLog/index/pid/88/p/4.html
INFO: [ app_init ] --START--
INFO: Run Behavior\BuildLiteBehavior [ RunTime:0.000014s ]
INFO: [ app_init ] --END-- [ RunTime:0.000066s ]
INFO: [ app_begin ] --START--
INFO: Run Behavior\ReadHtmlCacheBehavior [ RunTime:0.000038s ]
INFO: [ app_begin ] --END-- [ RunTime:0.000090s ]
SQL: SHOW COLUMNS FROM `xueches_client_ips` [ RunTime:0.0006s ]
SQL: SELECT `ip` FROM `xueches_client_ips` WHERE `status` = 1  [ RunTime:0.0002s ]
SQL: SHOW COLUMNS FROM `xueches_admin` [ RunTime:0.0004s ]
SQL: SELECT `permissions` FROM `xueches_admin` WHERE `id` = 1 LIMIT 1   [ RunTime:0.0002s ]
SQL: SHOW COLUMNS FROM `xueches_user_log` [ RunTime:0.0004s ]
SQL: SELECT COUNT(*) AS tp_count FROM xueches_user_log ul INNER JOIN xueches_user u ON u.id = ul.uid  WHERE `truename` LIKE '%%' LIMIT 1   [ RunTime:0.0009s ]
SQL: SELECT ul.*,u.truename,u.account,u.phone,u.lastip,u.lasttime FROM xueches_user_log ul INNER JOIN xueches_user u ON u.id = ul.uid  WHERE `truename` LIKE '%%' LIMIT 60,20   [ RunTime:0.0005s ]
INFO: [ view_parse ] --START--
INFO: [ template_filter ] --START--
INFO: Run Behavior\ContentReplaceBehavior [ RunTime:0.000049s ]
INFO: [ template_filter ] --END-- [ RunTime:0.000098s ]
NOTIC: [8] Undefined index: username /home/webgen/xctest/Website/Runtime/Cache/Admin/060e944fc245e665c382e1d9ffe2633d.php 第 17 行.
INFO: Run Behavior\ParseTemplateBehavior [ RunTime:0.002324s ]
INFO: [ view_parse ] --END-- [ RunTime:0.002374s ]
INFO: [ view_filter ] --START--
INFO: Run Behavior\WriteHtmlCacheBehavior [ RunTime:0.000039s ]
INFO: [ view_filter ] --END-- [ RunTime:0.000106s ]
INFO: [ app_end ] --START--
INFO: Run Behavior\ShowPageTraceBehavior [ RunTime:0.000034s ]
INFO: [ app_end ] --END-- [ RunTime:0.000077s ]

[ 2017-12-05T19:41:50+08:00 ] 101.81.125.116 /index.php/Admin/UserLog/index/pid/88/p/3.html
INFO: [ app_init ] --START--
INFO: Run Behavior\BuildLiteBehavior [ RunTime:0.000016s ]
INFO: [ app_init ] --END-- [ RunTime:0.000091s ]
INFO: [ app_begin ] --START--
INFO: Run Behavior\ReadHtmlCacheBehavior [ RunTime:0.000036s ]
INFO: [ app_begin ] --END-- [ RunTime:0.000082s ]
SQL: SHOW COLUMNS FROM `xueches_client_ips` [ RunTime:0.0006s ]
SQL: SELECT `ip` FROM `xueches_client_ips` WHERE `status` = 1  [ RunTime:0.0002s ]
SQL: SHOW COLUMNS FROM `xueches_admin` [ RunTime:0.0004s ]
SQL: SELECT `permissions` FROM `xueches_admin` WHERE `id` = 1 LIMIT 1   [ RunTime:0.0002s ]
SQL: SHOW COLUMNS FROM `xueches_user_log` [ RunTime:0.0004s ]
SQL: SELECT COUNT(*) AS tp_count FROM xueches_user_log ul INNER JOIN xueches_user u ON u.id = ul.uid  WHERE `truename` LIKE '%%' LIMIT 1   [ RunTime:0.0010s ]
SQL: SELECT ul.*,u.truename,u.account,u.phone,u.lastip,u.lasttime FROM xueches_user_log ul INNER JOIN xueches_user u ON u.id = ul.uid  WHERE `truename` LIKE '%%' LIMIT 40,20   [ RunTime:0.0005s ]
INFO: [ view_parse ] --START--
INFO: [ template_filter ] --START--
INFO: Run Behavior\ContentReplaceBehavior [ RunTime:0.000050s ]
INFO: [ template_filter ] --END-- [ RunTime:0.000098s ]
NOTIC: [8] Undefined index: username /home/webgen/xctest/Website/Runtime/Cache/Admin/060e944fc245e665c382e1d9ffe2633d.php 第 17 行.
INFO: Run Behavior\ParseTemplateBehavior [ RunTime:0.002481s ]
INFO: [ view_parse ] --END-- [ RunTime:0.002537s ]
INFO: [ view_filter ] --START--
INFO: Run Behavior\WriteHtmlCacheBehavior [ RunTime:0.000038s ]
INFO: [ view_filter ] --END-- [ RunTime:0.000078s ]
INFO: [ app_end ] --START--
INFO: Run Behavior\ShowPageTraceBehavior [ RunTime:0.000035s ]
INFO: [ app_end ] --END-- [ RunTime:0.000085s ]

[ 2017-12-05T19:41:50+08:00 ] 101.81.125.116 /index.php/Admin/UserLog/index/pid/88/p/2.html
INFO: [ app_init ] --START--
INFO: Run Behavior\BuildLiteBehavior [ RunTime:0.000014s ]
INFO: [ app_init ] --END-- [ RunTime:0.000071s ]
INFO: [ app_begin ] --START--
INFO: Run Behavior\ReadHtmlCacheBehavior [ RunTime:0.000054s ]
INFO: [ app_begin ] --END-- [ RunTime:0.000118s ]
SQL: SHOW COLUMNS FROM `xueches_client_ips` [ RunTime:0.0006s ]
SQL: SELECT `ip` FROM `xueches_client_ips` WHERE `status` = 1  [ RunTime:0.0003s ]
SQL: SHOW COLUMNS FROM `xueches_admin` [ RunTime:0.0004s ]
SQL: SELECT `permissions` FROM `xueches_admin` WHERE `id` = 1 LIMIT 1   [ RunTime:0.0002s ]
SQL: SHOW COLUMNS FROM `xueches_user_log` [ RunTime:0.0004s ]
SQL: SELECT COUNT(*) AS tp_count FROM xueches_user_log ul INNER JOIN xueches_user u ON u.id = ul.uid  WHERE `truename` LIKE '%%' LIMIT 1   [ RunTime:0.0010s ]
SQL: SELECT ul.*,u.truename,u.account,u.phone,u.lastip,u.lasttime FROM xueches_user_log ul INNER JOIN xueches_user u ON u.id = ul.uid  WHERE `truename` LIKE '%%' LIMIT 20,20   [ RunTime:0.0004s ]
INFO: [ view_parse ] --START--
INFO: [ template_filter ] --START--
INFO: Run Behavior\ContentReplaceBehavior [ RunTime:0.000051s ]
INFO: [ template_filter ] --END-- [ RunTime:0.000099s ]
NOTIC: [8] Undefined index: username /home/webgen/xctest/Website/Runtime/Cache/Admin/060e944fc245e665c382e1d9ffe2633d.php 第 17 行.
INFO: Run Behavior\ParseTemplateBehavior [ RunTime:0.002507s ]
INFO: [ view_parse ] --END-- [ RunTime:0.002569s ]
INFO: [ view_filter ] --START--
INFO: Run Behavior\WriteHtmlCacheBehavior [ RunTime:0.000040s ]
INFO: [ view_filter ] --END-- [ RunTime:0.000079s ]
INFO: [ app_end ] --START--
INFO: Run Behavior\ShowPageTraceBehavior [ RunTime:0.000037s ]
INFO: [ app_end ] --END-- [ RunTime:0.000081s ]

[ 2017-12-05T19:41:50+08:00 ] 101.81.125.116 /index.php/Admin/UserLog/index/pid/88/p/1.html
INFO: [ app_init ] --START--
INFO: Run Behavior\BuildLiteBehavior [ RunTime:0.000019s ]
INFO: [ app_init ] --END-- [ RunTime:0.000102s ]
INFO: [ app_begin ] --START--
INFO: Run Behavior\ReadHtmlCacheBehavior [ RunTime:0.000055s ]
INFO: [ app_begin ] --END-- [ RunTime:0.000127s ]
SQL: SHOW COLUMNS FROM `xueches_client_ips` [ RunTime:0.0006s ]
SQL: SELECT `ip` FROM `xueches_client_ips` WHERE `status` = 1  [ RunTime:0.0002s ]
SQL: SHOW COLUMNS FROM `xueches_admin` [ RunTime:0.0004s ]
SQL: SELECT `permissions` FROM `xueches_admin` WHERE `id` = 1 LIMIT 1   [ RunTime:0.0002s ]
SQL: SHOW COLUMNS FROM `xueches_user_log` [ RunTime:0.0004s ]
SQL: SELECT COUNT(*) AS tp_count FROM xueches_user_log ul INNER JOIN xueches_user u ON u.id = ul.uid  WHERE `truename` LIKE '%%' LIMIT 1   [ RunTime:0.0009s ]
SQL: SELECT ul.*,u.truename,u.account,u.phone,u.lastip,u.lasttime FROM xueches_user_log ul INNER JOIN xueches_user u ON u.id = ul.uid  WHERE `truename` LIKE '%%' LIMIT 0,20   [ RunTime:0.0004s ]
INFO: [ view_parse ] --START--
INFO: [ template_filter ] --START--
INFO: Run Behavior\ContentReplaceBehavior [ RunTime:0.000066s ]
INFO: [ template_filter ] --END-- [ RunTime:0.000138s ]
NOTIC: [8] Undefined index: username /home/webgen/xctest/Website/Runtime/Cache/Admin/060e944fc245e665c382e1d9ffe2633d.php 第 17 行.
INFO: Run Behavior\ParseTemplateBehavior [ RunTime:0.002500s ]
INFO: [ view_parse ] --END-- [ RunTime:0.002827s ]
INFO: [ view_filter ] --START--
INFO: Run Behavior\WriteHtmlCacheBehavior [ RunTime:0.000052s ]
INFO: [ view_filter ] --END-- [ RunTime:0.000115s ]
INFO: [ app_end ] --START--
INFO: Run Behavior\ShowPageTraceBehavior [ RunTime:0.000047s ]
INFO: [ app_end ] --END-- [ RunTime:0.000101s ]

[ 2017-12-05T19:41:56+08:00 ] 101.81.125.116 /index.php/Admin/UserLog/index/pid/88/p/2.html
INFO: [ app_init ] --START--
INFO: Run Behavior\BuildLiteBehavior [ RunTime:0.000019s ]
INFO: [ app_init ] --END-- [ RunTime:0.000090s ]
INFO: [ app_begin ] --START--
INFO: Run Behavior\ReadHtmlCacheBehavior [ RunTime:0.000053s ]
INFO: [ app_begin ] --END-- [ RunTime:0.000118s ]
SQL: SHOW COLUMNS FROM `xueches_client_ips` [ RunTime:0.0006s ]
SQL: SELECT `ip` FROM `xueches_client_ips` WHERE `status` = 1  [ RunTime:0.0003s ]
SQL: SHOW COLUMNS FROM `xueches_admin` [ RunTime:0.0004s ]
SQL: SELECT `permissions` FROM `xueches_admin` WHERE `id` = 1 LIMIT 1   [ RunTime:0.0002s ]
SQL: SHOW COLUMNS FROM `xueches_user_log` [ RunTime:0.0003s ]
SQL: SELECT COUNT(*) AS tp_count FROM xueches_user_log ul INNER JOIN xueches_user u ON u.id = ul.uid  WHERE `truename` LIKE '%%' LIMIT 1   [ RunTime:0.0011s ]
SQL: SELECT ul.*,u.truename,u.account,u.phone,u.lastip,u.lasttime FROM xueches_user_log ul INNER JOIN xueches_user u ON u.id = ul.uid  WHERE `truename` LIKE '%%' LIMIT 20,20   [ RunTime:0.0006s ]
INFO: [ view_parse ] --START--
INFO: [ template_filter ] --START--
INFO: Run Behavior\ContentReplaceBehavior [ RunTime:0.000064s ]
INFO: [ template_filter ] --END-- [ RunTime:0.000113s ]
NOTIC: [8] Undefined index: username /home/webgen/xctest/Website/Runtime/Cache/Admin/060e944fc245e665c382e1d9ffe2633d.php 第 17 行.
INFO: Run Behavior\ParseTemplateBehavior [ RunTime:0.002353s ]
INFO: [ view_parse ] --END-- [ RunTime:0.002405s ]
INFO: [ view_filter ] --START--
INFO: Run Behavior\WriteHtmlCacheBehavior [ RunTime:0.000042s ]
INFO: [ view_filter ] --END-- [ RunTime:0.000082s ]
INFO: [ app_end ] --START--
INFO: Run Behavior\ShowPageTraceBehavior [ RunTime:0.000042s ]
INFO: [ app_end ] --END-- [ RunTime:0.000088s ]

[ 2017-12-05T19:41:57+08:00 ] 101.81.125.116 /index.php/Admin/UserLog/index/pid/88/p/3.html
INFO: [ app_init ] --START--
INFO: Run Behavior\BuildLiteBehavior [ RunTime:0.000014s ]
INFO: [ app_init ] --END-- [ RunTime:0.000066s ]
INFO: [ app_begin ] --START--
INFO: Run Behavior\ReadHtmlCacheBehavior [ RunTime:0.000036s ]
INFO: [ app_begin ] --END-- [ RunTime:0.000082s ]
SQL: SHOW COLUMNS FROM `xueches_client_ips` [ RunTime:0.0005s ]
SQL: SELECT `ip` FROM `xueches_client_ips` WHERE `status` = 1  [ RunTime:0.0002s ]
SQL: SHOW COLUMNS FROM `xueches_admin` [ RunTime:0.0004s ]
SQL: SELECT `permissions` FROM `xueches_admin` WHERE `id` = 1 LIMIT 1   [ RunTime:0.0002s ]
SQL: SHOW COLUMNS FROM `xueches_user_log` [ RunTime:0.0003s ]
SQL: SELECT COUNT(*) AS tp_count FROM xueches_user_log ul INNER JOIN xueches_user u ON u.id = ul.uid  WHERE `truename` LIKE '%%' LIMIT 1   [ RunTime:0.0009s ]
SQL: SELECT ul.*,u.truename,u.account,u.phone,u.lastip,u.lasttime FROM xueches_user_log ul INNER JOIN xueches_user u ON u.id = ul.uid  WHERE `truename` LIKE '%%' LIMIT 40,20   [ RunTime:0.0004s ]
INFO: [ view_parse ] --START--
INFO: [ template_filter ] --START--
INFO: Run Behavior\ContentReplaceBehavior [ RunTime:0.000050s ]
INFO: [ template_filter ] --END-- [ RunTime:0.000100s ]
NOTIC: [8] Undefined index: username /home/webgen/xctest/Website/Runtime/Cache/Admin/060e944fc245e665c382e1d9ffe2633d.php 第 17 行.
INFO: Run Behavior\ParseTemplateBehavior [ RunTime:0.002423s ]
INFO: [ view_parse ] --END-- [ RunTime:0.002473s ]
INFO: [ view_filter ] --START--
INFO: Run Behavior\WriteHtmlCacheBehavior [ RunTime:0.000038s ]
INFO: [ view_filter ] --END-- [ RunTime:0.000092s ]
INFO: [ app_end ] --START--
INFO: Run Behavior\ShowPageTraceBehavior [ RunTime:0.000038s ]
INFO: [ app_end ] --END-- [ RunTime:0.000082s ]

[ 2017-12-05T19:41:58+08:00 ] 101.81.125.116 /index.php/Admin/UserLog/index/pid/88/p/4.html
INFO: [ app_init ] --START--
INFO: Run Behavior\BuildLiteBehavior [ RunTime:0.000021s ]
INFO: [ app_init ] --END-- [ RunTime:0.000104s ]
INFO: [ app_begin ] --START--
INFO: Run Behavior\ReadHtmlCacheBehavior [ RunTime:0.000061s ]
INFO: [ app_begin ] --END-- [ RunTime:0.000119s ]
SQL: SHOW COLUMNS FROM `xueches_client_ips` [ RunTime:0.0006s ]
SQL: SELECT `ip` FROM `xueches_client_ips` WHERE `status` = 1  [ RunTime:0.0003s ]
SQL: SHOW COLUMNS FROM `xueches_admin` [ RunTime:0.0004s ]
SQL: SELECT `permissions` FROM `xueches_admin` WHERE `id` = 1 LIMIT 1   [ RunTime:0.0002s ]
SQL: SHOW COLUMNS FROM `xueches_user_log` [ RunTime:0.0003s ]
SQL: SELECT COUNT(*) AS tp_count FROM xueches_user_log ul INNER JOIN xueches_user u ON u.id = ul.uid  WHERE `truename` LIKE '%%' LIMIT 1   [ RunTime:0.0009s ]
SQL: SELECT ul.*,u.truename,u.account,u.phone,u.lastip,u.lasttime FROM xueches_user_log ul INNER JOIN xueches_user u ON u.id = ul.uid  WHERE `truename` LIKE '%%' LIMIT 60,20   [ RunTime:0.0005s ]
INFO: [ view_parse ] --START--
INFO: [ template_filter ] --START--
INFO: Run Behavior\ContentReplaceBehavior [ RunTime:0.000050s ]
INFO: [ template_filter ] --END-- [ RunTime:0.000100s ]
NOTIC: [8] Undefined index: username /home/webgen/xctest/Website/Runtime/Cache/Admin/060e944fc245e665c382e1d9ffe2633d.php 第 17 行.
INFO: Run Behavior\ParseTemplateBehavior [ RunTime:0.002491s ]
INFO: [ view_parse ] --END-- [ RunTime:0.002548s ]
INFO: [ view_filter ] --START--
INFO: Run Behavior\WriteHtmlCacheBehavior [ RunTime:0.000039s ]
INFO: [ view_filter ] --END-- [ RunTime:0.000079s ]
INFO: [ app_end ] --START--
INFO: Run Behavior\ShowPageTraceBehavior [ RunTime:0.000035s ]
INFO: [ app_end ] --END-- [ RunTime:0.000078s ]

[ 2017-12-05T19:41:59+08:00 ] 101.81.125.116 /index.php/Admin/UserLog/index/pid/88/p/6.html
INFO: [ app_init ] --START--
INFO: Run Behavior\BuildLiteBehavior [ RunTime:0.000021s ]
INFO: [ app_init ] --END-- [ RunTime:0.000104s ]
INFO: [ app_begin ] --START--
INFO: Run Behavior\ReadHtmlCacheBehavior [ RunTime:0.000040s ]
INFO: [ app_begin ] --END-- [ RunTime:0.000087s ]
SQL: SHOW COLUMNS FROM `xueches_client_ips` [ RunTime:0.0005s ]
SQL: SELECT `ip` FROM `xueches_client_ips` WHERE `status` = 1  [ RunTime:0.0002s ]
SQL: SHOW COLUMNS FROM `xueches_admin` [ RunTime:0.0004s ]
SQL: SELECT `permissions` FROM `xueches_admin` WHERE `id` = 1 LIMIT 1   [ RunTime:0.0002s ]
SQL: SHOW COLUMNS FROM `xueches_user_log` [ RunTime:0.0003s ]
SQL: SELECT COUNT(*) AS tp_count FROM xueches_user_log ul INNER JOIN xueches_user u ON u.id = ul.uid  WHERE `truename` LIKE '%%' LIMIT 1   [ RunTime:0.0009s ]
SQL: SELECT ul.*,u.truename,u.account,u.phone,u.lastip,u.lasttime FROM xueches_user_log ul INNER JOIN xueches_user u ON u.id = ul.uid  WHERE `truename` LIKE '%%' LIMIT 100,20   [ RunTime:0.0005s ]
INFO: [ view_parse ] --START--
INFO: [ template_filter ] --START--
INFO: Run Behavior\ContentReplaceBehavior [ RunTime:0.000050s ]
INFO: [ template_filter ] --END-- [ RunTime:0.000105s ]
NOTIC: [8] Undefined index: username /home/webgen/xctest/Website/Runtime/Cache/Admin/060e944fc245e665c382e1d9ffe2633d.php 第 17 行.
INFO: Run Behavior\ParseTemplateBehavior [ RunTime:0.002335s ]
INFO: [ view_parse ] --END-- [ RunTime:0.002384s ]
INFO: [ view_filter ] --START--
INFO: Run Behavior\WriteHtmlCacheBehavior [ RunTime:0.000040s ]
INFO: [ view_filter ] --END-- [ RunTime:0.000080s ]
INFO: [ app_end ] --START--
INFO: Run Behavior\ShowPageTraceBehavior [ RunTime:0.000036s ]
INFO: [ app_end ] --END-- [ RunTime:0.000083s ]

[ 2017-12-05T19:42:01+08:00 ] 101.81.125.116 /index.php/Admin/UserLog/index/pid/88/p/1.html
INFO: [ app_init ] --START--
INFO: Run Behavior\BuildLiteBehavior [ RunTime:0.000020s ]
INFO: [ app_init ] --END-- [ RunTime:0.000132s ]
INFO: [ app_begin ] --START--
INFO: Run Behavior\ReadHtmlCacheBehavior [ RunTime:0.000034s ]
INFO: [ app_begin ] --END-- [ RunTime:0.000081s ]
SQL: SHOW COLUMNS FROM `xueches_client_ips` [ RunTime:0.0006s ]
SQL: SELECT `ip` FROM `xueches_client_ips` WHERE `status` = 1  [ RunTime:0.0003s ]
SQL: SHOW COLUMNS FROM `xueches_admin` [ RunTime:0.0004s ]
SQL: SELECT `permissions` FROM `xueches_admin` WHERE `id` = 1 LIMIT 1   [ RunTime:0.0002s ]
SQL: SHOW COLUMNS FROM `xueches_user_log` [ RunTime:0.0003s ]
SQL: SELECT COUNT(*) AS tp_count FROM xueches_user_log ul INNER JOIN xueches_user u ON u.id = ul.uid  WHERE `truename` LIKE '%%' LIMIT 1   [ RunTime:0.0009s ]
SQL: SELECT ul.*,u.truename,u.account,u.phone,u.lastip,u.lasttime FROM xueches_user_log ul INNER JOIN xueches_user u ON u.id = ul.uid  WHERE `truename` LIKE '%%' LIMIT 0,20   [ RunTime:0.0004s ]
INFO: [ view_parse ] --START--
INFO: [ template_filter ] --START--
INFO: Run Behavior\ContentReplaceBehavior [ RunTime:0.000051s ]
INFO: [ template_filter ] --END-- [ RunTime:0.000108s ]
NOTIC: [8] Undefined index: username /home/webgen/xctest/Website/Runtime/Cache/Admin/060e944fc245e665c382e1d9ffe2633d.php 第 17 行.
INFO: Run Behavior\ParseTemplateBehavior [ RunTime:0.002557s ]
INFO: [ view_parse ] --END-- [ RunTime:0.002608s ]
INFO: [ view_filter ] --START--
INFO: Run Behavior\WriteHtmlCacheBehavior [ RunTime:0.000039s ]
INFO: [ view_filter ] --END-- [ RunTime:0.000086s ]
INFO: [ app_end ] --START--
INFO: Run Behavior\ShowPageTraceBehavior [ RunTime:0.000035s ]
INFO: [ app_end ] --END-- [ RunTime:0.000078s ]

[ 2017-12-05T19:42:05+08:00 ] 116.226.88.165 /index.php/Admin/AdminLog/index.html?pid=87
INFO: [ app_init ] --START--
INFO: Run Behavior\BuildLiteBehavior [ RunTime:0.000014s ]
INFO: [ app_init ] --END-- [ RunTime:0.000067s ]
INFO: [ app_begin ] --START--
INFO: Run Behavior\ReadHtmlCacheBehavior [ RunTime:0.000039s ]
INFO: [ app_begin ] --END-- [ RunTime:0.000093s ]
SQL: SHOW COLUMNS FROM `xueches_client_ips` [ RunTime:0.0006s ]
SQL: SELECT `ip` FROM `xueches_client_ips` WHERE `status` = 1  [ RunTime:0.0003s ]
SQL: SHOW COLUMNS FROM `xueches_admin` [ RunTime:0.0004s ]
SQL: SELECT `permissions` FROM `xueches_admin` WHERE `id` = 1 LIMIT 1   [ RunTime:0.0002s ]
SQL: SELECT * FROM `xueches_admin` WHERE `id` = 1 LIMIT 1   [ RunTime:0.0002s ]
SQL: SELECT COUNT(*) AS tp_count FROM `xueches_admin` LIMIT 1   [ RunTime:0.0002s ]
SQL: SELECT * FROM `xueches_admin` ORDER BY lastlogin desc LIMIT 0,2   [ RunTime:0.0003s ]
INFO: [ view_parse ] --START--
INFO: [ template_filter ] --START--
INFO: Run Behavior\ContentReplaceBehavior [ RunTime:0.000055s ]
INFO: [ template_filter ] --END-- [ RunTime:0.000106s ]
NOTIC: [8] Undefined index: username /home/webgen/xctest/Website/Runtime/Cache/Admin/2b1d9c3307d9619da33a3d6a2fa0199a.php 第 17 行.
NOTIC: [8] Undefined index: p /home/webgen/xctest/Website/Runtime/Cache/Admin/2b1d9c3307d9619da33a3d6a2fa0199a.php 第 46 行.
NOTIC: [8] Undefined index: p /home/webgen/xctest/Website/Runtime/Cache/Admin/2b1d9c3307d9619da33a3d6a2fa0199a.php 第 47 行.
NOTIC: [8] Undefined index: p /home/webgen/xctest/Website/Runtime/Cache/Admin/2b1d9c3307d9619da33a3d6a2fa0199a.php 第 46 行.
NOTIC: [8] Undefined index: p /home/webgen/xctest/Website/Runtime/Cache/Admin/2b1d9c3307d9619da33a3d6a2fa0199a.php 第 47 行.
INFO: Run Behavior\ParseTemplateBehavior [ RunTime:0.003029s ]
INFO: [ view_parse ] --END-- [ RunTime:0.003075s ]
INFO: [ view_filter ] --START--
INFO: Run Behavior\WriteHtmlCacheBehavior [ RunTime:0.000042s ]
INFO: [ view_filter ] --END-- [ RunTime:0.000081s ]
INFO: [ app_end ] --START--
INFO: Run Behavior\ShowPageTraceBehavior [ RunTime:0.000046s ]
INFO: [ app_end ] --END-- [ RunTime:0.000104s ]

[ 2017-12-05T19:42:08+08:00 ] 116.226.88.165 /index.php/Admin/UserLog/index.html?pid=88
INFO: [ app_init ] --START--
INFO: Run Behavior\BuildLiteBehavior [ RunTime:0.000022s ]
INFO: [ app_init ] --END-- [ RunTime:0.000104s ]
INFO: [ app_begin ] --START--
INFO: Run Behavior\ReadHtmlCacheBehavior [ RunTime:0.000038s ]
INFO: [ app_begin ] --END-- [ RunTime:0.000085s ]
SQL: SHOW COLUMNS FROM `xueches_client_ips` [ RunTime:0.0007s ]
SQL: SELECT `ip` FROM `xueches_client_ips` WHERE `status` = 1  [ RunTime:0.0003s ]
SQL: SHOW COLUMNS FROM `xueches_admin` [ RunTime:0.0004s ]
SQL: SELECT `permissions` FROM `xueches_admin` WHERE `id` = 1 LIMIT 1   [ RunTime:0.0002s ]
SQL: SHOW COLUMNS FROM `xueches_user_log` [ RunTime:0.0004s ]
SQL: SELECT COUNT(*) AS tp_count FROM xueches_user_log ul INNER JOIN xueches_user u ON u.id = ul.uid  WHERE `truename` LIKE '%%' LIMIT 1   [ RunTime:0.0010s ]
SQL: SELECT ul.*,u.truename,u.account,u.phone,u.lastip,u.lasttime FROM xueches_user_log ul INNER JOIN xueches_user u ON u.id = ul.uid  WHERE `truename` LIKE '%%' LIMIT 0,20   [ RunTime:0.0004s ]
INFO: [ view_parse ] --START--
INFO: [ template_filter ] --START--
INFO: Run Behavior\ContentReplaceBehavior [ RunTime:0.000052s ]
INFO: [ template_filter ] --END-- [ RunTime:0.000102s ]
NOTIC: [8] Undefined index: username /home/webgen/xctest/Website/Runtime/Cache/Admin/060e944fc245e665c382e1d9ffe2633d.php 第 17 行.
INFO: Run Behavior\ParseTemplateBehavior [ RunTime:0.002791s ]
INFO: [ view_parse ] --END-- [ RunTime:0.002851s ]
INFO: [ view_filter ] --START--
INFO: Run Behavior\WriteHtmlCacheBehavior [ RunTime:0.000043s ]
INFO: [ view_filter ] --END-- [ RunTime:0.000083s ]
INFO: [ app_end ] --START--
INFO: Run Behavior\ShowPageTraceBehavior [ RunTime:0.000059s ]
INFO: [ app_end ] --END-- [ RunTime:0.000116s ]

[ 2017-12-05T19:42:11+08:00 ] 116.226.88.165 /index.php/Admin/UserLog/index/pid/88/p/3.html
INFO: [ app_init ] --START--
INFO: Run Behavior\BuildLiteBehavior [ RunTime:0.000014s ]
INFO: [ app_init ] --END-- [ RunTime:0.000067s ]
INFO: [ app_begin ] --START--
INFO: Run Behavior\ReadHtmlCacheBehavior [ RunTime:0.000037s ]
INFO: [ app_begin ] --END-- [ RunTime:0.000084s ]
SQL: SHOW COLUMNS FROM `xueches_client_ips` [ RunTime:0.0007s ]
SQL: SELECT `ip` FROM `xueches_client_ips` WHERE `status` = 1  [ RunTime:0.0002s ]
SQL: SHOW COLUMNS FROM `xueches_admin` [ RunTime:0.0004s ]
SQL: SELECT `permissions` FROM `xueches_admin` WHERE `id` = 1 LIMIT 1   [ RunTime:0.0002s ]
SQL: SHOW COLUMNS FROM `xueches_user_log` [ RunTime:0.0004s ]
SQL: SELECT COUNT(*) AS tp_count FROM xueches_user_log ul INNER JOIN xueches_user u ON u.id = ul.uid  WHERE `truename` LIKE '%%' LIMIT 1   [ RunTime:0.0009s ]
SQL: SELECT ul.*,u.truename,u.account,u.phone,u.lastip,u.lasttime FROM xueches_user_log ul INNER JOIN xueches_user u ON u.id = ul.uid  WHERE `truename` LIKE '%%' LIMIT 40,20   [ RunTime:0.0005s ]
INFO: [ view_parse ] --START--
INFO: [ template_filter ] --START--
INFO: Run Behavior\ContentReplaceBehavior [ RunTime:0.000051s ]
INFO: [ template_filter ] --END-- [ RunTime:0.000103s ]
NOTIC: [8] Undefined index: username /home/webgen/xctest/Website/Runtime/Cache/Admin/060e944fc245e665c382e1d9ffe2633d.php 第 17 行.
INFO: Run Behavior\ParseTemplateBehavior [ RunTime:0.002726s ]
INFO: [ view_parse ] --END-- [ RunTime:0.002791s ]
INFO: [ view_filter ] --START--
INFO: Run Behavior\WriteHtmlCacheBehavior [ RunTime:0.000055s ]
INFO: [ view_filter ] --END-- [ RunTime:0.000118s ]
INFO: [ app_end ] --START--
INFO: Run Behavior\ShowPageTraceBehavior [ RunTime:0.000247s ]
INFO: [ app_end ] --END-- [ RunTime:0.000316s ]

[ 2017-12-05T19:42:11+08:00 ] 101.81.125.116 /index.php/Admin/UserLog/index/pid/88/p/1.html
INFO: [ app_init ] --START--
INFO: Run Behavior\BuildLiteBehavior [ RunTime:0.000020s ]
INFO: [ app_init ] --END-- [ RunTime:0.000098s ]
INFO: [ app_begin ] --START--
INFO: Run Behavior\ReadHtmlCacheBehavior [ RunTime:0.000037s ]
INFO: [ app_begin ] --END-- [ RunTime:0.000090s ]
SQL: SHOW COLUMNS FROM `xueches_client_ips` [ RunTime:0.0007s ]
SQL: SELECT `ip` FROM `xueches_client_ips` WHERE `status` = 1  [ RunTime:0.0003s ]
SQL: SHOW COLUMNS FROM `xueches_admin` [ RunTime:0.0005s ]
SQL: SELECT `permissions` FROM `xueches_admin` WHERE `id` = 1 LIMIT 1   [ RunTime:0.0002s ]
SQL: SHOW COLUMNS FROM `xueches_user_log` [ RunTime:0.0005s ]
SQL: SELECT COUNT(*) AS tp_count FROM xueches_user_log ul INNER JOIN xueches_user u ON u.id = ul.uid  WHERE `truename` LIKE '%%' LIMIT 1   [ RunTime:0.0012s ]
SQL: SELECT ul.*,u.truename,u.account,u.phone,u.lastip,u.lasttime FROM xueches_user_log ul INNER JOIN xueches_user u ON u.id = ul.uid  WHERE `truename` LIKE '%%' LIMIT 0,20   [ RunTime:0.0004s ]
INFO: [ view_parse ] --START--
INFO: [ template_filter ] --START--
INFO: Run Behavior\ContentReplaceBehavior [ RunTime:0.000051s ]
INFO: [ template_filter ] --END-- [ RunTime:0.000099s ]
NOTIC: [8] Undefined index: username /home/webgen/xctest/Website/Runtime/Cache/Admin/060e944fc245e665c382e1d9ffe2633d.php 第 17 行.
INFO: Run Behavior\ParseTemplateBehavior [ RunTime:0.002385s ]
INFO: [ view_parse ] --END-- [ RunTime:0.002435s ]
INFO: [ view_filter ] --START--
INFO: Run Behavior\WriteHtmlCacheBehavior [ RunTime:0.000038s ]
INFO: [ view_filter ] --END-- [ RunTime:0.000078s ]
INFO: [ app_end ] --START--
INFO: Run Behavior\ShowPageTraceBehavior [ RunTime:0.000048s ]
INFO: [ app_end ] --END-- [ RunTime:0.000091s ]

[ 2017-12-05T19:42:13+08:00 ] 101.81.125.116 /index.php/Admin/UserLog/index/pid/88/p/6.html
INFO: [ app_init ] --START--
INFO: Run Behavior\BuildLiteBehavior [ RunTime:0.000018s ]
INFO: [ app_init ] --END-- [ RunTime:0.000090s ]
INFO: [ app_begin ] --START--
INFO: Run Behavior\ReadHtmlCacheBehavior [ RunTime:0.000033s ]
INFO: [ app_begin ] --END-- [ RunTime:0.000078s ]
SQL: SHOW COLUMNS FROM `xueches_client_ips` [ RunTime:0.0007s ]
SQL: SELECT `ip` FROM `xueches_client_ips` WHERE `status` = 1  [ RunTime:0.0002s ]
SQL: SHOW COLUMNS FROM `xueches_admin` [ RunTime:0.0005s ]
SQL: SELECT `permissions` FROM `xueches_admin` WHERE `id` = 1 LIMIT 1   [ RunTime:0.0002s ]
SQL: SHOW COLUMNS FROM `xueches_user_log` [ RunTime:0.0004s ]
SQL: SELECT COUNT(*) AS tp_count FROM xueches_user_log ul INNER JOIN xueches_user u ON u.id = ul.uid  WHERE `truename` LIKE '%%' LIMIT 1   [ RunTime:0.0015s ]
SQL: SELECT ul.*,u.truename,u.account,u.phone,u.lastip,u.lasttime FROM xueches_user_log ul INNER JOIN xueches_user u ON u.id = ul.uid  WHERE `truename` LIKE '%%' LIMIT 100,20   [ RunTime:0.0007s ]
INFO: [ view_parse ] --START--
INFO: [ template_filter ] --START--
INFO: Run Behavior\ContentReplaceBehavior [ RunTime:0.000054s ]
INFO: [ template_filter ] --END-- [ RunTime:0.000102s ]
NOTIC: [8] Undefined index: username /home/webgen/xctest/Website/Runtime/Cache/Admin/060e944fc245e665c382e1d9ffe2633d.php 第 17 行.
INFO: Run Behavior\ParseTemplateBehavior [ RunTime:0.002381s ]
INFO: [ view_parse ] --END-- [ RunTime:0.002433s ]
INFO: [ view_filter ] --START--
INFO: Run Behavior\WriteHtmlCacheBehavior [ RunTime:0.000040s ]
INFO: [ view_filter ] --END-- [ RunTime:0.000079s ]
INFO: [ app_end ] --START--
INFO: Run Behavior\ShowPageTraceBehavior [ RunTime:0.000032s ]
INFO: [ app_end ] --END-- [ RunTime:0.000072s ]

