[ 2017-12-05T18:07:14+08:00 ] 110.75.242.27 /index.php/WayPay/notify_url
INFO: [ app_init ] --START--
INFO: Run Behavior\BuildLiteBehavior [ RunTime:0.000014s ]
INFO: [ app_init ] --END-- [ RunTime:0.000100s ]
INFO: [ app_begin ] --START--
INFO: Run Behavior\ReadHtmlCacheBehavior [ RunTime:0.000034s ]
INFO: [ app_begin ] --END-- [ RunTime:0.000078s ]
ERR: 无法加载控制器:WayPay

[ 2017-12-05T18:14:19+08:00 ] 110.75.242.175 /index.php/WayPay/notify_url
INFO: [ app_init ] --START--
INFO: Run Behavior\BuildLiteBehavior [ RunTime:0.000014s ]
INFO: [ app_init ] --END-- [ RunTime:0.000087s ]
INFO: [ app_begin ] --START--
INFO: Run Behavior\ReadHtmlCacheBehavior [ RunTime:0.000037s ]
INFO: [ app_begin ] --END-- [ RunTime:0.000083s ]
ERR: 无法加载控制器:WayPay

[ 2017-12-05T18:23:36+08:00 ] 110.75.242.206 /index.php/WayPay/notify_url
INFO: [ app_init ] --START--
INFO: Run Behavior\BuildLiteBehavior [ RunTime:0.000014s ]
INFO: [ app_init ] --END-- [ RunTime:0.000066s ]
INFO: [ app_begin ] --START--
INFO: Run Behavior\ReadHtmlCacheBehavior [ RunTime:0.000034s ]
INFO: [ app_begin ] --END-- [ RunTime:0.000097s ]
ERR: 无法加载控制器:WayPay

[ 2017-12-05T18:24:46+08:00 ] 101.81.125.116 /index.php/WayPay/pay_money.html
INFO: [ app_init ] --START--
INFO: Run Behavior\BuildLiteBehavior [ RunTime:0.000013s ]
INFO: [ app_init ] --END-- [ RunTime:0.000066s ]
INFO: [ app_begin ] --START--
INFO: Run Behavior\ReadHtmlCacheBehavior [ RunTime:0.000036s ]
INFO: [ app_begin ] --END-- [ RunTime:0.000088s ]
ERR: 无法加载控制器:WayPay

[ 2017-12-05T18:33:23+08:00 ] 123.125.67.218 /index.php/consult/studynew.html
INFO: [ app_init ] --START--
INFO: Run Behavior\BuildLiteBehavior [ RunTime:0.000013s ]
INFO: [ app_init ] --END-- [ RunTime:0.000067s ]
INFO: [ app_begin ] --START--
INFO: Run Behavior\ReadHtmlCacheBehavior [ RunTime:0.000052s ]
INFO: [ app_begin ] --END-- [ RunTime:0.000124s ]
ERR: 无法加载控制器:Consult

[ 2017-12-05T18:36:35+08:00 ] 123.59.209.2 /
INFO: [ app_init ] --START--
INFO: Run Behavior\BuildLiteBehavior [ RunTime:0.000014s ]
INFO: [ app_init ] --END-- [ RunTime:0.000067s ]
INFO: [ app_begin ] --START--
INFO: Run Behavior\ReadHtmlCacheBehavior [ RunTime:0.000038s ]
INFO: [ app_begin ] --END-- [ RunTime:0.000081s ]
INFO: [ view_parse ] --START--
INFO: [ template_filter ] --START--
INFO: Run Behavior\ContentReplaceBehavior [ RunTime:0.000198s ]
INFO: [ template_filter ] --END-- [ RunTime:0.000252s ]
NOTIC: [8] Undefined variable: schools /home/webgen/xctest/Website/Runtime/Cache/Home/679a343d5252f05c7547d3d23e88e934.php 第 122 行.
NOTIC: [8] Undefined variable: coachs /home/webgen/xctest/Website/Runtime/Cache/Home/679a343d5252f05c7547d3d23e88e934.php 第 139 行.
NOTIC: [8] Undefined variable: offers /home/webgen/xctest/Website/Runtime/Cache/Home/679a343d5252f05c7547d3d23e88e934.php 第 164 行.
NOTIC: [8] Undefined variable: hots /home/webgen/xctest/Website/Runtime/Cache/Home/679a343d5252f05c7547d3d23e88e934.php 第 249 行.
NOTIC: [8] Undefined variable: hotsRight /home/webgen/xctest/Website/Runtime/Cache/Home/679a343d5252f05c7547d3d23e88e934.php 第 262 行.
NOTIC: [8] Undefined variable: hotsRight1 /home/webgen/xctest/Website/Runtime/Cache/Home/679a343d5252f05c7547d3d23e88e934.php 第 278 行.
INFO: Run Behavior\ParseTemplateBehavior [ RunTime:0.009862s ]
INFO: [ view_parse ] --END-- [ RunTime:0.009913s ]
INFO: [ view_filter ] --START--
INFO: Run Behavior\WriteHtmlCacheBehavior [ RunTime:0.000045s ]
INFO: [ view_filter ] --END-- [ RunTime:0.000084s ]
INFO: [ app_end ] --START--
INFO: Run Behavior\ShowPageTraceBehavior [ RunTime:0.000041s ]
INFO: [ app_end ] --END-- [ RunTime:0.000084s ]

[ 2017-12-05T18:54:25+08:00 ] 116.226.88.165 /index.php/WayPay/return_url?total_amount=0.01&timestamp=2017-12-05+18%3A51%3A12&sign=DDYeDz6vbEB6l1xfYcgibUl%2FzfTTe%2BmqUFnBSW74qqjA4V9XZnDF7axXiLpeG5RAUjh7JOADwiERUzXaw5OCvvsHRNYP7iL4CYql%2FyVIUDl07Dlma%2BW5yDxbSfgMJ65rBhVqa4L2kK%2FRwQCGidxnG%2FQhH4buFko8il8mxC1%2BeV5NZpA4JKcMur8rMUJmrAorbk0Up3%2BA%2F5TPhAayEoPVN%2Fqip4TYCs53U6Q37F689lHHVn7q4kibnOOxM0wuqJZ5i9FBDsLuA1iRlL1e9mAMaXG9h47Bn0LxMuvX6q3q%2B4PcPkRQWOis%2FXWYqATeoHwmWhf3pRigX0X28dlj4vVQLw%3D%3D&trade_no=2017120521001004330551368503&sign_type=RSA2&auth_app_id=2017112800228343&charset=UTF-8&seller_id=2088821892707415&method=alipay.trade.wap.pay.return&app_id=2017112800228343&out_trade_no=201712012af636f7802395&version=1.0
INFO: [ app_init ] --START--
INFO: Run Behavior\BuildLiteBehavior [ RunTime:0.000015s ]
INFO: [ app_init ] --END-- [ RunTime:0.000067s ]
INFO: [ app_begin ] --START--
INFO: Run Behavior\ReadHtmlCacheBehavior [ RunTime:0.000038s ]
INFO: [ app_begin ] --END-- [ RunTime:0.000083s ]
ERR: 无法加载控制器:WayPay

[ 2017-12-05T18:54:26+08:00 ] 116.226.88.165 /index.php/WayPay/return_url?total_amount=0.01&timestamp=2017-12-05+18%3A51%3A12&sign=DDYeDz6vbEB6l1xfYcgibUl%2FzfTTe%2BmqUFnBSW74qqjA4V9XZnDF7axXiLpeG5RAUjh7JOADwiERUzXaw5OCvvsHRNYP7iL4CYql%2FyVIUDl07Dlma%2BW5yDxbSfgMJ65rBhVqa4L2kK%2FRwQCGidxnG%2FQhH4buFko8il8mxC1%2BeV5NZpA4JKcMur8rMUJmrAorbk0Up3%2BA%2F5TPhAayEoPVN%2Fqip4TYCs53U6Q37F689lHHVn7q4kibnOOxM0wuqJZ5i9FBDsLuA1iRlL1e9mAMaXG9h47Bn0LxMuvX6q3q%2B4PcPkRQWOis%2FXWYqATeoHwmWhf3pRigX0X28dlj4vVQLw%3D%3D&trade_no=2017120521001004330551368503&sign_type=RSA2&auth_app_id=2017112800228343&charset=UTF-8&seller_id=2088821892707415&method=alipay.trade.wap.pay.return&app_id=2017112800228343&out_trade_no=201712012af636f7802395&version=1.0
INFO: [ app_init ] --START--
INFO: Run Behavior\BuildLiteBehavior [ RunTime:0.000014s ]
INFO: [ app_init ] --END-- [ RunTime:0.000067s ]
INFO: [ app_begin ] --START--
INFO: Run Behavior\ReadHtmlCacheBehavior [ RunTime:0.000056s ]
INFO: [ app_begin ] --END-- [ RunTime:0.000114s ]
ERR: 无法加载控制器:WayPay

[ 2017-12-05T18:58:46+08:00 ] 101.81.125.116 /index.php/Order/pay/ordcode/201712012af636f7802395.html
INFO: [ app_init ] --START--
INFO: Run Behavior\BuildLiteBehavior [ RunTime:0.000020s ]
INFO: [ app_init ] --END-- [ RunTime:0.000101s ]
INFO: [ app_begin ] --START--
INFO: Run Behavior\ReadHtmlCacheBehavior [ RunTime:0.000039s ]
INFO: [ app_begin ] --END-- [ RunTime:0.000087s ]
ERR: 无法加载控制器:Order

[ 2017-12-05T19:03:26+08:00 ] 116.226.88.165 /index.php/WayPay/notify_ur
INFO: [ app_init ] --START--
INFO: Run Behavior\BuildLiteBehavior [ RunTime:0.000013s ]
INFO: [ app_init ] --END-- [ RunTime:0.000069s ]
INFO: [ app_begin ] --START--
INFO: Run Behavior\ReadHtmlCacheBehavior [ RunTime:0.000040s ]
INFO: [ app_begin ] --END-- [ RunTime:0.000085s ]
ERR: 无法加载控制器:WayPay

[ 2017-12-05T19:29:05+08:00 ] 110.75.242.67 /index.php/WayPay/notify_url
INFO: [ app_init ] --START--
INFO: Run Behavior\BuildLiteBehavior [ RunTime:0.000014s ]
INFO: [ app_init ] --END-- [ RunTime:0.000067s ]
INFO: [ app_begin ] --START--
INFO: Run Behavior\ReadHtmlCacheBehavior [ RunTime:0.000035s ]
INFO: [ app_begin ] --END-- [ RunTime:0.000085s ]
ERR: 无法加载控制器:WayPay

[ 2017-12-05T19:33:01+08:00 ] 110.75.242.89 /index.php/WayPay/notify_url
INFO: [ app_init ] --START--
INFO: Run Behavior\BuildLiteBehavior [ RunTime:0.000014s ]
INFO: [ app_init ] --END-- [ RunTime:0.000068s ]
INFO: [ app_begin ] --START--
INFO: Run Behavior\ReadHtmlCacheBehavior [ RunTime:0.000036s ]
INFO: [ app_begin ] --END-- [ RunTime:0.000079s ]
ERR: 无法加载控制器:WayPay

[ 2017-12-05T19:41:20+08:00 ] 116.226.88.165 /
INFO: [ app_init ] --START--
INFO: Run Behavior\BuildLiteBehavior [ RunTime:0.000014s ]
INFO: [ app_init ] --END-- [ RunTime:0.000075s ]
INFO: [ app_begin ] --START--
INFO: Run Behavior\ReadHtmlCacheBehavior [ RunTime:0.000037s ]
INFO: [ app_begin ] --END-- [ RunTime:0.000081s ]
INFO: [ view_parse ] --START--
INFO: [ template_filter ] --START--
INFO: Run Behavior\ContentReplaceBehavior [ RunTime:0.000209s ]
INFO: [ template_filter ] --END-- [ RunTime:0.000261s ]
NOTIC: [8] Undefined variable: schools /home/webgen/xctest/Website/Runtime/Cache/Home/679a343d5252f05c7547d3d23e88e934.php 第 122 行.
NOTIC: [8] Undefined variable: coachs /home/webgen/xctest/Website/Runtime/Cache/Home/679a343d5252f05c7547d3d23e88e934.php 第 139 行.
NOTIC: [8] Undefined variable: offers /home/webgen/xctest/Website/Runtime/Cache/Home/679a343d5252f05c7547d3d23e88e934.php 第 164 行.
NOTIC: [8] Undefined variable: hots /home/webgen/xctest/Website/Runtime/Cache/Home/679a343d5252f05c7547d3d23e88e934.php 第 249 行.
NOTIC: [8] Undefined variable: hotsRight /home/webgen/xctest/Website/Runtime/Cache/Home/679a343d5252f05c7547d3d23e88e934.php 第 262 行.
NOTIC: [8] Undefined variable: hotsRight1 /home/webgen/xctest/Website/Runtime/Cache/Home/679a343d5252f05c7547d3d23e88e934.php 第 278 行.
INFO: Run Behavior\ParseTemplateBehavior [ RunTime:0.009433s ]
INFO: [ view_parse ] --END-- [ RunTime:0.009480s ]
INFO: [ view_filter ] --START--
INFO: Run Behavior\WriteHtmlCacheBehavior [ RunTime:0.000046s ]
INFO: [ view_filter ] --END-- [ RunTime:0.000087s ]
INFO: [ app_end ] --START--
INFO: Run Behavior\ShowPageTraceBehavior [ RunTime:0.000042s ]
INFO: [ app_end ] --END-- [ RunTime:0.000088s ]

[ 2017-12-05T19:42:30+08:00 ] 42.120.75.85 /index.php/WayPay/notify_url
INFO: [ app_init ] --START--
INFO: Run Behavior\BuildLiteBehavior [ RunTime:0.000014s ]
INFO: [ app_init ] --END-- [ RunTime:0.000066s ]
INFO: [ app_begin ] --START--
INFO: Run Behavior\ReadHtmlCacheBehavior [ RunTime:0.000037s ]
INFO: [ app_begin ] --END-- [ RunTime:0.000089s ]
ERR: 无法加载控制器:WayPay

[ 2017-12-05T19:42:32+08:00 ] 101.81.125.116 /index.php/WayPay/notify_url
INFO: [ app_init ] --START--
INFO: Run Behavior\BuildLiteBehavior [ RunTime:0.000020s ]
INFO: [ app_init ] --END-- [ RunTime:0.000073s ]
INFO: [ app_begin ] --START--
INFO: Run Behavior\ReadHtmlCacheBehavior [ RunTime:0.000033s ]
INFO: [ app_begin ] --END-- [ RunTime:0.000076s ]
ERR: 无法加载控制器:WayPay

[ 2017-12-05T19:42:34+08:00 ] 42.120.75.85 /index.php/WayPay/notify_url
INFO: [ app_init ] --START--
INFO: Run Behavior\BuildLiteBehavior [ RunTime:0.000015s ]
INFO: [ app_init ] --END-- [ RunTime:0.000104s ]
INFO: [ app_begin ] --START--
INFO: Run Behavior\ReadHtmlCacheBehavior [ RunTime:0.000064s ]
INFO: [ app_begin ] --END-- [ RunTime:0.000125s ]
ERR: 无法加载控制器:WayPay

[ 2017-12-05T19:43:04+08:00 ] 110.75.242.107 /index.php/WayPay/notify_url
INFO: [ app_init ] --START--
INFO: Run Behavior\BuildLiteBehavior [ RunTime:0.000014s ]
INFO: [ app_init ] --END-- [ RunTime:0.000067s ]
INFO: [ app_begin ] --START--
INFO: Run Behavior\ReadHtmlCacheBehavior [ RunTime:0.000034s ]
INFO: [ app_begin ] --END-- [ RunTime:0.000079s ]
ERR: 无法加载控制器:WayPay

[ 2017-12-05T20:07:50+08:00 ] 110.75.242.15 /index.php/WayPay/notify_url
INFO: [ app_init ] --START--
INFO: Run Behavior\BuildLiteBehavior [ RunTime:0.000014s ]
INFO: [ app_init ] --END-- [ RunTime:0.000070s ]
INFO: [ app_begin ] --START--
INFO: Run Behavior\ReadHtmlCacheBehavior [ RunTime:0.000036s ]
INFO: [ app_begin ] --END-- [ RunTime:0.000082s ]
ERR: 无法加载控制器:WayPay

[ 2017-12-05T20:14:08+08:00 ] 110.75.242.101 /index.php/WayPay/notify_url
INFO: [ app_init ] --START--
INFO: Run Behavior\BuildLiteBehavior [ RunTime:0.000013s ]
INFO: [ app_init ] --END-- [ RunTime:0.000074s ]
INFO: [ app_begin ] --START--
INFO: Run Behavior\ReadHtmlCacheBehavior [ RunTime:0.000034s ]
INFO: [ app_begin ] --END-- [ RunTime:0.000077s ]
ERR: 无法加载控制器:WayPay

[ 2017-12-05T22:57:05+08:00 ] 183.136.190.62 /
INFO: [ app_init ] --START--
INFO: Run Behavior\BuildLiteBehavior [ RunTime:0.000019s ]
INFO: [ app_init ] --END-- [ RunTime:0.000104s ]
INFO: [ app_begin ] --START--
INFO: Run Behavior\ReadHtmlCacheBehavior [ RunTime:0.000040s ]
INFO: [ app_begin ] --END-- [ RunTime:0.000084s ]
INFO: [ view_parse ] --START--
INFO: [ template_filter ] --START--
INFO: Run Behavior\ContentReplaceBehavior [ RunTime:0.000218s ]
INFO: [ template_filter ] --END-- [ RunTime:0.000270s ]
NOTIC: [8] Undefined variable: schools /home/webgen/xctest/Website/Runtime/Cache/Home/679a343d5252f05c7547d3d23e88e934.php 第 122 行.
NOTIC: [8] Undefined variable: coachs /home/webgen/xctest/Website/Runtime/Cache/Home/679a343d5252f05c7547d3d23e88e934.php 第 139 行.
NOTIC: [8] Undefined variable: offers /home/webgen/xctest/Website/Runtime/Cache/Home/679a343d5252f05c7547d3d23e88e934.php 第 164 行.
NOTIC: [8] Undefined variable: hots /home/webgen/xctest/Website/Runtime/Cache/Home/679a343d5252f05c7547d3d23e88e934.php 第 249 行.
NOTIC: [8] Undefined variable: hotsRight /home/webgen/xctest/Website/Runtime/Cache/Home/679a343d5252f05c7547d3d23e88e934.php 第 262 行.
NOTIC: [8] Undefined variable: hotsRight1 /home/webgen/xctest/Website/Runtime/Cache/Home/679a343d5252f05c7547d3d23e88e934.php 第 278 行.
INFO: Run Behavior\ParseTemplateBehavior [ RunTime:0.009548s ]
INFO: [ view_parse ] --END-- [ RunTime:0.009597s ]
INFO: [ view_filter ] --START--
INFO: Run Behavior\WriteHtmlCacheBehavior [ RunTime:0.000045s ]
INFO: [ view_filter ] --END-- [ RunTime:0.000114s ]
INFO: [ app_end ] --START--
INFO: Run Behavior\ShowPageTraceBehavior [ RunTime:0.000043s ]
INFO: [ app_end ] --END-- [ RunTime:0.000089s ]

[ 2017-12-05T23:33:09+08:00 ] 106.120.173.113 /
INFO: [ app_init ] --START--
INFO: Run Behavior\BuildLiteBehavior [ RunTime:0.000020s ]
INFO: [ app_init ] --END-- [ RunTime:0.000102s ]
INFO: [ app_begin ] --START--
INFO: Run Behavior\ReadHtmlCacheBehavior [ RunTime:0.000040s ]
INFO: [ app_begin ] --END-- [ RunTime:0.000085s ]
INFO: [ view_parse ] --START--
INFO: [ template_filter ] --START--
INFO: Run Behavior\ContentReplaceBehavior [ RunTime:0.000218s ]
INFO: [ template_filter ] --END-- [ RunTime:0.000272s ]
NOTIC: [8] Undefined variable: schools /home/webgen/xctest/Website/Runtime/Cache/Home/679a343d5252f05c7547d3d23e88e934.php 第 122 行.
NOTIC: [8] Undefined variable: coachs /home/webgen/xctest/Website/Runtime/Cache/Home/679a343d5252f05c7547d3d23e88e934.php 第 139 行.
NOTIC: [8] Undefined variable: offers /home/webgen/xctest/Website/Runtime/Cache/Home/679a343d5252f05c7547d3d23e88e934.php 第 164 行.
NOTIC: [8] Undefined variable: hots /home/webgen/xctest/Website/Runtime/Cache/Home/679a343d5252f05c7547d3d23e88e934.php 第 249 行.
NOTIC: [8] Undefined variable: hotsRight /home/webgen/xctest/Website/Runtime/Cache/Home/679a343d5252f05c7547d3d23e88e934.php 第 262 行.
NOTIC: [8] Undefined variable: hotsRight1 /home/webgen/xctest/Website/Runtime/Cache/Home/679a343d5252f05c7547d3d23e88e934.php 第 278 行.
INFO: Run Behavior\ParseTemplateBehavior [ RunTime:0.010048s ]
INFO: [ view_parse ] --END-- [ RunTime:0.010098s ]
INFO: [ view_filter ] --START--
INFO: Run Behavior\WriteHtmlCacheBehavior [ RunTime:0.000045s ]
INFO: [ view_filter ] --END-- [ RunTime:0.000110s ]
INFO: [ app_end ] --START--
INFO: Run Behavior\ShowPageTraceBehavior [ RunTime:0.000042s ]
INFO: [ app_end ] --END-- [ RunTime:0.000094s ]

